{"/home/claude/devdrop/DevDrop-main/backend/src/app.js": {"path":"/home/claude/devdrop/DevDrop-main/backend/src/app.js","statementMap":{"0":{"start":{"line":1,"column":16},"end":{"line":1,"column":34}},"1":{"start":{"line":2,"column":13},"end":{"line":2,"column":28}},"2":{"start":{"line":3,"column":15},"end":{"line":3,"column":32}},"3":{"start":{"line":4,"column":15},"end":{"line":4,"column":32}},"4":{"start":{"line":5,"column":20},"end":{"line":5,"column":42}},"5":{"start":{"line":6,"column":35},"end":{"line":6,"column":78}},"6":{"start":{"line":7,"column":27},"end":{"line":7,"column":67}},"7":{"start":{"line":8,"column":15},"end":{"line":8,"column":38}},"8":{"start":{"line":9,"column":37},"end":{"line":9,"column":70}},"9":{"start":{"line":11,"column":0},"end":{"line":20,"column":1}},"10":{"start":{"line":12,"column":2},"end":{"line":19,"column":5}},"11":{"start":{"line":22,"column":12},"end":{"line":22,"column":21}},"12":{"start":{"line":26,"column":0},"end":{"line":26,"column":26}},"13":{"start":{"line":29,"column":0},"end":{"line":32,"column":4}},"14":{"start":{"line":44,"column":0},"end":{"line":47,"column":3}},"15":{"start":{"line":45,"column":2},"end":{"line":45,"column":61}},"16":{"start":{"line":46,"column":2},"end":{"line":46,"column":9}},"17":{"start":{"line":48,"column":23},"end":{"line":53,"column":17}},"18":{"start":{"line":54,"column":0},"end":{"line":54,"column":61}},"19":{"start":{"line":57,"column":0},"end":{"line":57,"column":23}},"20":{"start":{"line":60,"column":0},"end":{"line":63,"column":3}},"21":{"start":{"line":61,"column":2},"end":{"line":61,"column":52}},"22":{"start":{"line":61,"column":29},"end":{"line":61,"column":52}},"23":{"start":{"line":62,"column":2},"end":{"line":62,"column":9}},"24":{"start":{"line":65,"column":0},"end":{"line":65,"column":41}},"25":{"start":{"line":66,"column":0},"end":{"line":66,"column":63}},"26":{"start":{"line":67,"column":0},"end":{"line":69,"column":4}},"27":{"start":{"line":68,"column":22},"end":{"line":68,"column":43}},"28":{"start":{"line":70,"column":0},"end":{"line":70,"column":33}},"29":{"start":{"line":73,"column":0},"end":{"line":73,"column":164}},"30":{"start":{"line":73,"column":33},"end":{"line":73,"column":162}},"31":{"start":{"line":76,"column":0},"end":{"line":76,"column":53}},"32":{"start":{"line":77,"column":0},"end":{"line":77,"column":53}},"33":{"start":{"line":78,"column":0},"end":{"line":78,"column":56}},"34":{"start":{"line":79,"column":0},"end":{"line":79,"column":55}},"35":{"start":{"line":80,"column":0},"end":{"line":80,"column":54}},"36":{"start":{"line":81,"column":0},"end":{"line":81,"column":54}},"37":{"start":{"line":82,"column":0},"end":{"line":82,"column":56}},"38":{"start":{"line":83,"column":0},"end":{"line":83,"column":55}},"39":{"start":{"line":84,"column":0},"end":{"line":84,"column":57}},"40":{"start":{"line":85,"column":0},"end":{"line":85,"column":54}},"41":{"start":{"line":86,"column":0},"end":{"line":86,"column":56}},"42":{"start":{"line":87,"column":0},"end":{"line":87,"column":58}},"43":{"start":{"line":88,"column":0},"end":{"line":88,"column":56}},"44":{"start":{"line":89,"column":0},"end":{"line":89,"column":55}},"45":{"start":{"line":90,"column":0},"end":{"line":90,"column":61}},"46":{"start":{"line":93,"column":0},"end":{"line":95,"column":3}},"47":{"start":{"line":94,"column":2},"end":{"line":94,"column":44}},"48":{"start":{"line":97,"column":0},"end":{"line":97,"column":18}},"49":{"start":{"line":99,"column":0},"end":{"line":101,"column":1}},"50":{"start":{"line":100,"column":2},"end":{"line":100,"column":39}},"51":{"start":{"line":103,"column":0},"end":{"line":103,"column":22}},"52":{"start":{"line":105,"column":0},"end":{"line":105,"column":21}}},"fnMap":{"0":{"name":"(anonymous_0)","decl":{"start":{"line":44,"column":80},"end":{"line":44,"column":81}},"loc":{"start":{"line":44,"column":100},"end":{"line":47,"column":1}},"line":44},"1":{"name":"(anonymous_1)","decl":{"start":{"line":60,"column":75},"end":{"line":60,"column":76}},"loc":{"start":{"line":60,"column":95},"end":{"line":63,"column":1}},"line":60},"2":{"name":"(anonymous_2)","decl":{"start":{"line":68,"column":8},"end":{"line":68,"column":9}},"loc":{"start":{"line":68,"column":22},"end":{"line":68,"column":43}},"line":68},"3":{"name":"(anonymous_3)","decl":{"start":{"line":73,"column":19},"end":{"line":73,"column":20}},"loc":{"start":{"line":73,"column":33},"end":{"line":73,"column":162}},"line":73},"4":{"name":"mainHandler","decl":{"start":{"line":93,"column":34},"end":{"line":93,"column":45}},"loc":{"start":{"line":93,"column":56},"end":{"line":95,"column":1}},"line":93}},"branchMap":{"0":{"loc":{"start":{"line":11,"column":0},"end":{"line":20,"column":1}},"type":"if","locations":[{"start":{"line":11,"column":0},"end":{"line":20,"column":1}},{"start":{},"end":{}}],"line":11},"1":{"loc":{"start":{"line":61,"column":2},"end":{"line":61,"column":52}},"type":"if","locations":[{"start":{"line":61,"column":2},"end":{"line":61,"column":52}},{"start":{},"end":{}}],"line":61},"2":{"loc":{"start":{"line":67,"column":15},"end":{"line":67,"column":74}},"type":"cond-expr","locations":[{"start":{"line":67,"column":56},"end":{"line":67,"column":61}},{"start":{"line":67,"column":64},"end":{"line":67,"column":74}}],"line":67},"3":{"loc":{"start":{"line":99,"column":0},"end":{"line":101,"column":1}},"type":"if","locations":[{"start":{"line":99,"column":0},"end":{"line":101,"column":1}},{"start":{},"end":{}}],"line":99}},"s":{"0":0,"1":0,"2":0,"3":0,"4":0,"5":0,"6":0,"7":0,"8":0,"9":0,"10":0,"11":0,"12":0,"13":0,"14":0,"15":0,"16":0,"17":0,"18":0,"19":0,"20":0,"21":0,"22":0,"23":0,"24":0,"25":0,"26":0,"27":0,"28":0,"29":0,"30":0,"31":0,"32":0,"33":0,"34":0,"35":0,"36":0,"37":0,"38":0,"39":0,"40":0,"41":0,"42":0,"43":0,"44":0,"45":0,"46":0,"47":0,"48":0,"49":0,"50":0,"51":0,"52":0},"f":{"0":0,"1":0,"2":0,"3":0,"4":0},"b":{"0":[0,0],"1":[0,0],"2":[0,0],"3":[0,0]}}
,"/home/claude/devdrop/DevDrop-main/backend/src/modules/admin/admin.controller.js": {"path":"/home/claude/devdrop/DevDrop-main/backend/src/modules/admin/admin.controller.js","statementMap":{"0":{"start":{"line":1,"column":16},"end":{"line":1,"column":51}},"1":{"start":{"line":2,"column":17},"end":{"line":2,"column":53}},"2":{"start":{"line":3,"column":15},"end":{"line":3,"column":48}},"3":{"start":{"line":4,"column":17},"end":{"line":4,"column":54}},"4":{"start":{"line":5,"column":20},"end":{"line":5,"column":57}},"5":{"start":{"line":6,"column":16},"end":{"line":6,"column":51}},"6":{"start":{"line":7,"column":13},"end":{"line":7,"column":42}},"7":{"start":{"line":8,"column":16},"end":{"line":8,"column":51}},"8":{"start":{"line":9,"column":12},"end":{"line":9,"column":43}},"9":{"start":{"line":10,"column":62},"end":{"line":10,"column":101}},"10":{"start":{"line":11,"column":57},"end":{"line":11,"column":94}},"11":{"start":{"line":12,"column":24},"end":{"line":12,"column":66}},"12":{"start":{"line":13,"column":21},"end":{"line":13,"column":60}},"13":{"start":{"line":15,"column":20},"end":{"line":15,"column":86}},"14":{"start":{"line":15,"column":31},"end":{"line":15,"column":86}},"15":{"start":{"line":16,"column":18},"end":{"line":16,"column":63}},"16":{"start":{"line":16,"column":29},"end":{"line":16,"column":63}},"17":{"start":{"line":18,"column":39},"end":{"line":38,"column":1}},"18":{"start":{"line":19,"column":26},"end":{"line":22,"column":4}},"19":{"start":{"line":24,"column":2},"end":{"line":24,"column":46}},"20":{"start":{"line":24,"column":23},"end":{"line":24,"column":46}},"21":{"start":{"line":26,"column":18},"end":{"line":34,"column":4}},"22":{"start":{"line":36,"column":2},"end":{"line":36,"column":23}},"23":{"start":{"line":37,"column":2},"end":{"line":37,"column":17}},"24":{"start":{"line":40,"column":32},"end":{"line":55,"column":1}},"25":{"start":{"line":43,"column":2},"end":{"line":43,"column":79}},"26":{"start":{"line":44,"column":2},"end":{"line":44,"column":61}},"27":{"start":{"line":46,"column":2},"end":{"line":48,"column":3}},"28":{"start":{"line":47,"column":4},"end":{"line":47,"column":66}},"29":{"start":{"line":50,"column":2},"end":{"line":52,"column":3}},"30":{"start":{"line":51,"column":4},"end":{"line":51,"column":87}},"31":{"start":{"line":54,"column":2},"end":{"line":54,"column":67}},"32":{"start":{"line":62,"column":23},"end":{"line":93,"column":1}},"33":{"start":{"line":63,"column":2},"end":{"line":92,"column":3}},"34":{"start":{"line":64,"column":45},"end":{"line":64,"column":54}},"35":{"start":{"line":65,"column":17},"end":{"line":65,"column":35}},"36":{"start":{"line":67,"column":18},"end":{"line":67,"column":38}},"37":{"start":{"line":68,"column":4},"end":{"line":70,"column":5}},"38":{"start":{"line":69,"column":6},"end":{"line":69,"column":28}},"39":{"start":{"line":72,"column":21},"end":{"line":76,"column":29}},"40":{"start":{"line":78,"column":18},"end":{"line":78,"column":53}},"41":{"start":{"line":80,"column":4},"end":{"line":84,"column":7}},"42":{"start":{"line":86,"column":4},"end":{"line":86,"column":48}},"43":{"start":{"line":87,"column":4},"end":{"line":91,"column":7}},"44":{"start":{"line":100,"column":22},"end":{"line":215,"column":1}},"45":{"start":{"line":101,"column":2},"end":{"line":214,"column":3}},"46":{"start":{"line":102,"column":18},"end":{"line":102,"column":27}},"47":{"start":{"line":103,"column":122},"end":{"line":103,"column":130}},"48":{"start":{"line":104,"column":31},"end":{"line":104,"column":66}},"49":{"start":{"line":105,"column":26},"end":{"line":105,"column":35}},"50":{"start":{"line":107,"column":4},"end":{"line":113,"column":5}},"51":{"start":{"line":108,"column":6},"end":{"line":112,"column":7}},"52":{"start":{"line":109,"column":8},"end":{"line":109,"column":48}},"53":{"start":{"line":111,"column":8},"end":{"line":111,"column":98}},"54":{"start":{"line":115,"column":4},"end":{"line":117,"column":5}},"55":{"start":{"line":116,"column":6},"end":{"line":116,"column":102}},"56":{"start":{"line":119,"column":4},"end":{"line":121,"column":5}},"57":{"start":{"line":120,"column":6},"end":{"line":120,"column":115}},"58":{"start":{"line":123,"column":4},"end":{"line":125,"column":5}},"59":{"start":{"line":124,"column":6},"end":{"line":124,"column":115}},"60":{"start":{"line":127,"column":27},"end":{"line":129,"column":71}},"61":{"start":{"line":131,"column":4},"end":{"line":133,"column":5}},"62":{"start":{"line":132,"column":6},"end":{"line":132,"column":83}},"63":{"start":{"line":135,"column":4},"end":{"line":137,"column":5}},"64":{"start":{"line":136,"column":6},"end":{"line":136,"column":83}},"65":{"start":{"line":139,"column":4},"end":{"line":141,"column":5}},"66":{"start":{"line":140,"column":6},"end":{"line":140,"column":98}},"67":{"start":{"line":143,"column":4},"end":{"line":145,"column":5}},"68":{"start":{"line":144,"column":6},"end":{"line":144,"column":110}},"69":{"start":{"line":147,"column":4},"end":{"line":149,"column":5}},"70":{"start":{"line":148,"column":6},"end":{"line":148,"column":100}},"71":{"start":{"line":151,"column":4},"end":{"line":153,"column":5}},"72":{"start":{"line":152,"column":6},"end":{"line":152,"column":101}},"73":{"start":{"line":156,"column":4},"end":{"line":161,"column":5}},"74":{"start":{"line":157,"column":6},"end":{"line":157,"column":105}},"75":{"start":{"line":159,"column":6},"end":{"line":159,"column":55}},"76":{"start":{"line":160,"column":6},"end":{"line":160,"column":127}},"77":{"start":{"line":163,"column":25},"end":{"line":163,"column":81}},"78":{"start":{"line":164,"column":18},"end":{"line":164,"column":53}},"79":{"start":{"line":166,"column":4},"end":{"line":168,"column":5}},"80":{"start":{"line":167,"column":6},"end":{"line":167,"column":62}},"81":{"start":{"line":170,"column":4},"end":{"line":170,"column":24}},"82":{"start":{"line":171,"column":4},"end":{"line":171,"column":38}},"83":{"start":{"line":172,"column":4},"end":{"line":172,"column":67}},"84":{"start":{"line":173,"column":4},"end":{"line":173,"column":42}},"85":{"start":{"line":174,"column":4},"end":{"line":174,"column":87}},"86":{"start":{"line":175,"column":4},"end":{"line":175,"column":39}},"87":{"start":{"line":176,"column":4},"end":{"line":178,"column":5}},"88":{"start":{"line":177,"column":6},"end":{"line":177,"column":45}},"89":{"start":{"line":180,"column":4},"end":{"line":180,"column":34}},"90":{"start":{"line":181,"column":4},"end":{"line":181,"column":48}},"91":{"start":{"line":182,"column":4},"end":{"line":182,"column":36}},"92":{"start":{"line":183,"column":4},"end":{"line":185,"column":5}},"93":{"start":{"line":184,"column":6},"end":{"line":184,"column":40}},"94":{"start":{"line":186,"column":4},"end":{"line":188,"column":5}},"95":{"start":{"line":187,"column":6},"end":{"line":187,"column":54}},"96":{"start":{"line":189,"column":4},"end":{"line":194,"column":6}},"97":{"start":{"line":195,"column":4},"end":{"line":195,"column":45}},"98":{"start":{"line":196,"column":4},"end":{"line":196,"column":37}},"99":{"start":{"line":198,"column":4},"end":{"line":198,"column":25}},"100":{"start":{"line":200,"column":4},"end":{"line":205,"column":5}},"101":{"start":{"line":201,"column":22},"end":{"line":201,"column":67}},"102":{"start":{"line":202,"column":6},"end":{"line":204,"column":7}},"103":{"start":{"line":203,"column":8},"end":{"line":203,"column":86}},"104":{"start":{"line":207,"column":4},"end":{"line":208,"column":79}},"105":{"start":{"line":208,"column":27},"end":{"line":208,"column":77}},"106":{"start":{"line":210,"column":4},"end":{"line":210,"column":114}},"107":{"start":{"line":212,"column":4},"end":{"line":212,"column":50}},"108":{"start":{"line":213,"column":4},"end":{"line":213,"column":102}},"109":{"start":{"line":222,"column":23},"end":{"line":269,"column":1}},"110":{"start":{"line":223,"column":2},"end":{"line":268,"column":3}},"111":{"start":{"line":224,"column":19},"end":{"line":224,"column":29}},"112":{"start":{"line":225,"column":24},"end":{"line":225,"column":32}},"113":{"start":{"line":227,"column":4},"end":{"line":232,"column":5}},"114":{"start":{"line":228,"column":6},"end":{"line":231,"column":9}},"115":{"start":{"line":234,"column":20},"end":{"line":234,"column":67}},"116":{"start":{"line":236,"column":4},"end":{"line":241,"column":5}},"117":{"start":{"line":237,"column":6},"end":{"line":240,"column":9}},"118":{"start":{"line":244,"column":4},"end":{"line":244,"column":54}},"119":{"start":{"line":245,"column":4},"end":{"line":245,"column":35}},"120":{"start":{"line":246,"column":4},"end":{"line":246,"column":25}},"121":{"start":{"line":249,"column":4},"end":{"line":254,"column":78}},"122":{"start":{"line":254,"column":26},"end":{"line":254,"column":76}},"123":{"start":{"line":256,"column":4},"end":{"line":260,"column":7}},"124":{"start":{"line":262,"column":4},"end":{"line":262,"column":51}},"125":{"start":{"line":263,"column":4},"end":{"line":267,"column":7}},"126":{"start":{"line":276,"column":22},"end":{"line":323,"column":1}},"127":{"start":{"line":277,"column":2},"end":{"line":322,"column":3}},"128":{"start":{"line":278,"column":19},"end":{"line":278,"column":29}},"129":{"start":{"line":279,"column":23},"end":{"line":279,"column":31}},"130":{"start":{"line":281,"column":4},"end":{"line":286,"column":5}},"131":{"start":{"line":282,"column":6},"end":{"line":285,"column":9}},"132":{"start":{"line":288,"column":20},"end":{"line":288,"column":67}},"133":{"start":{"line":290,"column":4},"end":{"line":295,"column":5}},"134":{"start":{"line":291,"column":6},"end":{"line":294,"column":9}},"135":{"start":{"line":298,"column":4},"end":{"line":298,"column":45}},"136":{"start":{"line":299,"column":4},"end":{"line":299,"column":34}},"137":{"start":{"line":300,"column":4},"end":{"line":300,"column":25}},"138":{"start":{"line":303,"column":4},"end":{"line":308,"column":78}},"139":{"start":{"line":308,"column":26},"end":{"line":308,"column":76}},"140":{"start":{"line":310,"column":4},"end":{"line":314,"column":7}},"141":{"start":{"line":316,"column":4},"end":{"line":316,"column":50}},"142":{"start":{"line":317,"column":4},"end":{"line":321,"column":7}},"143":{"start":{"line":330,"column":23},"end":{"line":518,"column":1}},"144":{"start":{"line":331,"column":2},"end":{"line":517,"column":3}},"145":{"start":{"line":332,"column":19},"end":{"line":332,"column":29}},"146":{"start":{"line":333,"column":18},"end":{"line":333,"column":27}},"147":{"start":{"line":343,"column":8},"end":{"line":343,"column":16}},"148":{"start":{"line":345,"column":26},"end":{"line":345,"column":35}},"149":{"start":{"line":346,"column":4},"end":{"line":352,"column":5}},"150":{"start":{"line":347,"column":6},"end":{"line":351,"column":7}},"151":{"start":{"line":348,"column":8},"end":{"line":348,"column":48}},"152":{"start":{"line":350,"column":8},"end":{"line":350,"column":98}},"153":{"start":{"line":354,"column":4},"end":{"line":356,"column":5}},"154":{"start":{"line":355,"column":6},"end":{"line":355,"column":83}},"155":{"start":{"line":358,"column":4},"end":{"line":360,"column":5}},"156":{"start":{"line":359,"column":6},"end":{"line":359,"column":89}},"157":{"start":{"line":362,"column":20},"end":{"line":362,"column":67}},"158":{"start":{"line":364,"column":4},"end":{"line":369,"column":5}},"159":{"start":{"line":365,"column":6},"end":{"line":368,"column":9}},"160":{"start":{"line":371,"column":33},"end":{"line":371,"column":76}},"161":{"start":{"line":372,"column":31},"end":{"line":372,"column":95}},"162":{"start":{"line":373,"column":30},"end":{"line":373,"column":68}},"163":{"start":{"line":375,"column":4},"end":{"line":380,"column":5}},"164":{"start":{"line":376,"column":6},"end":{"line":379,"column":9}},"165":{"start":{"line":382,"column":4},"end":{"line":387,"column":5}},"166":{"start":{"line":383,"column":6},"end":{"line":386,"column":9}},"167":{"start":{"line":389,"column":4},"end":{"line":394,"column":5}},"168":{"start":{"line":390,"column":6},"end":{"line":393,"column":9}},"169":{"start":{"line":396,"column":4},"end":{"line":401,"column":5}},"170":{"start":{"line":397,"column":6},"end":{"line":400,"column":9}},"171":{"start":{"line":403,"column":4},"end":{"line":408,"column":5}},"172":{"start":{"line":404,"column":6},"end":{"line":407,"column":9}},"173":{"start":{"line":413,"column":4},"end":{"line":436,"column":5}},"174":{"start":{"line":415,"column":6},"end":{"line":415,"column":83}},"175":{"start":{"line":418,"column":6},"end":{"line":418,"column":65}},"176":{"start":{"line":421,"column":6},"end":{"line":423,"column":7}},"177":{"start":{"line":422,"column":8},"end":{"line":422,"column":70}},"178":{"start":{"line":426,"column":6},"end":{"line":428,"column":7}},"179":{"start":{"line":427,"column":8},"end":{"line":427,"column":91}},"180":{"start":{"line":430,"column":6},"end":{"line":430,"column":55}},"181":{"start":{"line":431,"column":6},"end":{"line":435,"column":9}},"182":{"start":{"line":439,"column":4},"end":{"line":441,"column":5}},"183":{"start":{"line":440,"column":6},"end":{"line":440,"column":33}},"184":{"start":{"line":442,"column":4},"end":{"line":444,"column":5}},"185":{"start":{"line":443,"column":6},"end":{"line":443,"column":47}},"186":{"start":{"line":445,"column":4},"end":{"line":447,"column":5}},"187":{"start":{"line":446,"column":6},"end":{"line":446,"column":34}},"188":{"start":{"line":448,"column":4},"end":{"line":450,"column":5}},"189":{"start":{"line":449,"column":6},"end":{"line":449,"column":36}},"190":{"start":{"line":451,"column":4},"end":{"line":453,"column":5}},"191":{"start":{"line":452,"column":6},"end":{"line":452,"column":42}},"192":{"start":{"line":455,"column":4},"end":{"line":455,"column":48}},"193":{"start":{"line":456,"column":4},"end":{"line":456,"column":36}},"194":{"start":{"line":457,"column":4},"end":{"line":459,"column":5}},"195":{"start":{"line":458,"column":6},"end":{"line":458,"column":40}},"196":{"start":{"line":460,"column":4},"end":{"line":462,"column":5}},"197":{"start":{"line":461,"column":6},"end":{"line":461,"column":54}},"198":{"start":{"line":464,"column":4},"end":{"line":464,"column":47}},"199":{"start":{"line":465,"column":4},"end":{"line":465,"column":44}},"200":{"start":{"line":467,"column":4},"end":{"line":467,"column":34}},"201":{"start":{"line":470,"column":26},"end":{"line":470,"column":90}},"202":{"start":{"line":471,"column":26},"end":{"line":471,"column":28}},"203":{"start":{"line":472,"column":4},"end":{"line":476,"column":5}},"204":{"start":{"line":473,"column":6},"end":{"line":475,"column":7}},"205":{"start":{"line":474,"column":8},"end":{"line":474,"column":29}},"206":{"start":{"line":477,"column":4},"end":{"line":483,"column":6}},"207":{"start":{"line":485,"column":4},"end":{"line":485,"column":45}},"208":{"start":{"line":486,"column":4},"end":{"line":486,"column":37}},"209":{"start":{"line":488,"column":4},"end":{"line":488,"column":25}},"210":{"start":{"line":491,"column":4},"end":{"line":496,"column":5}},"211":{"start":{"line":492,"column":22},"end":{"line":492,"column":67}},"212":{"start":{"line":493,"column":6},"end":{"line":495,"column":7}},"213":{"start":{"line":494,"column":8},"end":{"line":494,"column":86}},"214":{"start":{"line":499,"column":4},"end":{"line":503,"column":78}},"215":{"start":{"line":503,"column":26},"end":{"line":503,"column":76}},"216":{"start":{"line":505,"column":4},"end":{"line":509,"column":7}},"217":{"start":{"line":511,"column":4},"end":{"line":511,"column":51}},"218":{"start":{"line":512,"column":4},"end":{"line":516,"column":7}},"219":{"start":{"line":525,"column":22},"end":{"line":615,"column":1}},"220":{"start":{"line":526,"column":2},"end":{"line":614,"column":3}},"221":{"start":{"line":527,"column":19},"end":{"line":527,"column":29}},"222":{"start":{"line":529,"column":20},"end":{"line":529,"column":67}},"223":{"start":{"line":531,"column":4},"end":{"line":536,"column":5}},"224":{"start":{"line":532,"column":6},"end":{"line":535,"column":9}},"225":{"start":{"line":538,"column":4},"end":{"line":543,"column":5}},"226":{"start":{"line":539,"column":6},"end":{"line":542,"column":9}},"227":{"start":{"line":545,"column":20},"end":{"line":545,"column":69}},"228":{"start":{"line":547,"column":4},"end":{"line":547,"column":45}},"229":{"start":{"line":548,"column":4},"end":{"line":548,"column":26}},"230":{"start":{"line":549,"column":4},"end":{"line":549,"column":26}},"231":{"start":{"line":550,"column":4},"end":{"line":550,"column":37}},"232":{"start":{"line":552,"column":4},"end":{"line":578,"column":5}},"233":{"start":{"line":553,"column":6},"end":{"line":561,"column":7}},"234":{"start":{"line":554,"column":8},"end":{"line":554,"column":66}},"235":{"start":{"line":555,"column":8},"end":{"line":560,"column":11}},"236":{"start":{"line":563,"column":6},"end":{"line":563,"column":63}},"237":{"start":{"line":564,"column":6},"end":{"line":564,"column":37}},"238":{"start":{"line":565,"column":6},"end":{"line":565,"column":38}},"239":{"start":{"line":566,"column":6},"end":{"line":566,"column":38}},"240":{"start":{"line":567,"column":6},"end":{"line":567,"column":34}},"241":{"start":{"line":568,"column":6},"end":{"line":568,"column":37}},"242":{"start":{"line":569,"column":6},"end":{"line":569,"column":35}},"243":{"start":{"line":570,"column":6},"end":{"line":570,"column":37}},"244":{"start":{"line":571,"column":6},"end":{"line":571,"column":28}},"245":{"start":{"line":572,"column":6},"end":{"line":572,"column":32}},"246":{"start":{"line":573,"column":6},"end":{"line":573,"column":33}},"247":{"start":{"line":574,"column":6},"end":{"line":574,"column":32}},"248":{"start":{"line":575,"column":6},"end":{"line":575,"column":37}},"249":{"start":{"line":576,"column":6},"end":{"line":576,"column":42}},"250":{"start":{"line":577,"column":6},"end":{"line":577,"column":27}},"251":{"start":{"line":580,"column":4},"end":{"line":580,"column":25}},"252":{"start":{"line":582,"column":4},"end":{"line":585,"column":6}},"253":{"start":{"line":587,"column":28},"end":{"line":587,"column":84}},"254":{"start":{"line":589,"column":4},"end":{"line":597,"column":5}},"255":{"start":{"line":590,"column":6},"end":{"line":594,"column":8}},"256":{"start":{"line":596,"column":6},"end":{"line":596,"column":64}},"257":{"start":{"line":599,"column":4},"end":{"line":606,"column":7}},"258":{"start":{"line":608,"column":4},"end":{"line":608,"column":50}},"259":{"start":{"line":609,"column":4},"end":{"line":613,"column":7}},"260":{"start":{"line":622,"column":22},"end":{"line":667,"column":1}},"261":{"start":{"line":623,"column":2},"end":{"line":666,"column":3}},"262":{"start":{"line":624,"column":19},"end":{"line":624,"column":29}},"263":{"start":{"line":626,"column":20},"end":{"line":626,"column":46}},"264":{"start":{"line":628,"column":4},"end":{"line":633,"column":5}},"265":{"start":{"line":629,"column":6},"end":{"line":632,"column":9}},"266":{"start":{"line":636,"column":4},"end":{"line":641,"column":5}},"267":{"start":{"line":637,"column":6},"end":{"line":637,"column":56}},"268":{"start":{"line":639,"column":6},"end":{"line":639,"column":74}},"269":{"start":{"line":644,"column":4},"end":{"line":653,"column":7}},"270":{"start":{"line":655,"column":4},"end":{"line":658,"column":7}},"271":{"start":{"line":660,"column":4},"end":{"line":660,"column":50}},"272":{"start":{"line":661,"column":4},"end":{"line":665,"column":7}},"273":{"start":{"line":674,"column":21},"end":{"line":781,"column":1}},"274":{"start":{"line":675,"column":2},"end":{"line":780,"column":3}},"275":{"start":{"line":677,"column":23},"end":{"line":677,"column":66}},"276":{"start":{"line":680,"column":25},"end":{"line":688,"column":6}},"277":{"start":{"line":691,"column":24},"end":{"line":704,"column":6}},"278":{"start":{"line":706,"column":20},"end":{"line":713,"column":5}},"279":{"start":{"line":716,"column":31},"end":{"line":725,"column":6}},"280":{"start":{"line":727,"column":27},"end":{"line":730,"column":5}},"281":{"start":{"line":733,"column":28},"end":{"line":737,"column":16}},"282":{"start":{"line":739,"column":4},"end":{"line":772,"column":7}},"283":{"start":{"line":746,"column":10},"end":{"line":746,"column":37}},"284":{"start":{"line":747,"column":10},"end":{"line":747,"column":21}},"285":{"start":{"line":774,"column":4},"end":{"line":774,"column":55}},"286":{"start":{"line":775,"column":4},"end":{"line":779,"column":7}},"287":{"start":{"line":788,"column":26},"end":{"line":830,"column":1}},"288":{"start":{"line":789,"column":2},"end":{"line":829,"column":3}},"289":{"start":{"line":790,"column":37},"end":{"line":790,"column":46}},"290":{"start":{"line":791,"column":17},"end":{"line":791,"column":35}},"291":{"start":{"line":793,"column":20},"end":{"line":799,"column":29}},"292":{"start":{"line":801,"column":18},"end":{"line":801,"column":80}},"293":{"start":{"line":806,"column":31},"end":{"line":815,"column":6}},"294":{"start":{"line":807,"column":18},"end":{"line":807,"column":35}},"295":{"start":{"line":808,"column":6},"end":{"line":813,"column":9}},"296":{"start":{"line":814,"column":6},"end":{"line":814,"column":17}},"297":{"start":{"line":817,"column":4},"end":{"line":821,"column":7}},"298":{"start":{"line":823,"column":4},"end":{"line":823,"column":55}},"299":{"start":{"line":824,"column":4},"end":{"line":828,"column":7}},"300":{"start":{"line":837,"column":22},"end":{"line":897,"column":1}},"301":{"start":{"line":838,"column":2},"end":{"line":896,"column":3}},"302":{"start":{"line":839,"column":19},"end":{"line":839,"column":29}},"303":{"start":{"line":840,"column":49},"end":{"line":840,"column":57}},"304":{"start":{"line":842,"column":4},"end":{"line":847,"column":5}},"305":{"start":{"line":843,"column":6},"end":{"line":846,"column":9}},"306":{"start":{"line":849,"column":19},"end":{"line":849,"column":65}},"307":{"start":{"line":851,"column":4},"end":{"line":856,"column":5}},"308":{"start":{"line":852,"column":6},"end":{"line":855,"column":9}},"309":{"start":{"line":858,"column":4},"end":{"line":863,"column":5}},"310":{"start":{"line":859,"column":6},"end":{"line":862,"column":9}},"311":{"start":{"line":866,"column":4},"end":{"line":866,"column":44}},"312":{"start":{"line":867,"column":4},"end":{"line":867,"column":21}},"313":{"start":{"line":868,"column":4},"end":{"line":868,"column":59}},"314":{"start":{"line":869,"column":4},"end":{"line":869,"column":36}},"315":{"start":{"line":870,"column":4},"end":{"line":870,"column":36}},"316":{"start":{"line":871,"column":4},"end":{"line":873,"column":5}},"317":{"start":{"line":872,"column":6},"end":{"line":872,"column":37}},"318":{"start":{"line":875,"column":4},"end":{"line":875,"column":24}},"319":{"start":{"line":878,"column":4},"end":{"line":882,"column":5}},"320":{"start":{"line":879,"column":6},"end":{"line":879,"column":73}},"321":{"start":{"line":881,"column":6},"end":{"line":881,"column":57}},"322":{"start":{"line":884,"column":4},"end":{"line":888,"column":7}},"323":{"start":{"line":890,"column":4},"end":{"line":890,"column":50}},"324":{"start":{"line":891,"column":4},"end":{"line":895,"column":7}},"325":{"start":{"line":899,"column":0},"end":{"line":910,"column":2}}},"fnMap":{"0":{"name":"(anonymous_0)","decl":{"start":{"line":15,"column":20},"end":{"line":15,"column":21}},"loc":{"start":{"line":15,"column":31},"end":{"line":15,"column":86}},"line":15},"1":{"name":"(anonymous_1)","decl":{"start":{"line":16,"column":18},"end":{"line":16,"column":19}},"loc":{"start":{"line":16,"column":29},"end":{"line":16,"column":63}},"line":16},"2":{"name":"(anonymous_2)","decl":{"start":{"line":18,"column":39},"end":{"line":18,"column":40}},"loc":{"start":{"line":18,"column":58},"end":{"line":38,"column":1}},"line":18},"3":{"name":"(anonymous_3)","decl":{"start":{"line":40,"column":32},"end":{"line":40,"column":33}},"loc":{"start":{"line":40,"column":49},"end":{"line":55,"column":1}},"line":40},"4":{"name":"(anonymous_4)","decl":{"start":{"line":62,"column":23},"end":{"line":62,"column":24}},"loc":{"start":{"line":62,"column":43},"end":{"line":93,"column":1}},"line":62},"5":{"name":"(anonymous_5)","decl":{"start":{"line":100,"column":22},"end":{"line":100,"column":23}},"loc":{"start":{"line":100,"column":42},"end":{"line":215,"column":1}},"line":100},"6":{"name":"(anonymous_6)","decl":{"start":{"line":208,"column":13},"end":{"line":208,"column":14}},"loc":{"start":{"line":208,"column":27},"end":{"line":208,"column":77}},"line":208},"7":{"name":"(anonymous_7)","decl":{"start":{"line":222,"column":23},"end":{"line":222,"column":24}},"loc":{"start":{"line":222,"column":43},"end":{"line":269,"column":1}},"line":222},"8":{"name":"(anonymous_8)","decl":{"start":{"line":254,"column":12},"end":{"line":254,"column":13}},"loc":{"start":{"line":254,"column":26},"end":{"line":254,"column":76}},"line":254},"9":{"name":"(anonymous_9)","decl":{"start":{"line":276,"column":22},"end":{"line":276,"column":23}},"loc":{"start":{"line":276,"column":42},"end":{"line":323,"column":1}},"line":276},"10":{"name":"(anonymous_10)","decl":{"start":{"line":308,"column":12},"end":{"line":308,"column":13}},"loc":{"start":{"line":308,"column":26},"end":{"line":308,"column":76}},"line":308},"11":{"name":"(anonymous_11)","decl":{"start":{"line":330,"column":23},"end":{"line":330,"column":24}},"loc":{"start":{"line":330,"column":43},"end":{"line":518,"column":1}},"line":330},"12":{"name":"(anonymous_12)","decl":{"start":{"line":503,"column":12},"end":{"line":503,"column":13}},"loc":{"start":{"line":503,"column":26},"end":{"line":503,"column":76}},"line":503},"13":{"name":"(anonymous_13)","decl":{"start":{"line":525,"column":22},"end":{"line":525,"column":23}},"loc":{"start":{"line":525,"column":42},"end":{"line":615,"column":1}},"line":525},"14":{"name":"(anonymous_14)","decl":{"start":{"line":622,"column":22},"end":{"line":622,"column":23}},"loc":{"start":{"line":622,"column":42},"end":{"line":667,"column":1}},"line":622},"15":{"name":"(anonymous_15)","decl":{"start":{"line":674,"column":21},"end":{"line":674,"column":22}},"loc":{"start":{"line":674,"column":41},"end":{"line":781,"column":1}},"line":674},"16":{"name":"(anonymous_16)","decl":{"start":{"line":745,"column":38},"end":{"line":745,"column":39}},"loc":{"start":{"line":745,"column":53},"end":{"line":748,"column":9}},"line":745},"17":{"name":"(anonymous_17)","decl":{"start":{"line":788,"column":26},"end":{"line":788,"column":27}},"loc":{"start":{"line":788,"column":46},"end":{"line":830,"column":1}},"line":788},"18":{"name":"(anonymous_18)","decl":{"start":{"line":806,"column":43},"end":{"line":806,"column":44}},"loc":{"start":{"line":806,"column":55},"end":{"line":815,"column":5}},"line":806},"19":{"name":"(anonymous_19)","decl":{"start":{"line":837,"column":22},"end":{"line":837,"column":23}},"loc":{"start":{"line":837,"column":42},"end":{"line":897,"column":1}},"line":837}},"branchMap":{"0":{"loc":{"start":{"line":15,"column":74},"end":{"line":15,"column":85}},"type":"binary-expr","locations":[{"start":{"line":15,"column":74},"end":{"line":15,"column":79}},{"start":{"line":15,"column":83},"end":{"line":15,"column":85}}],"line":15},"1":{"loc":{"start":{"line":16,"column":51},"end":{"line":16,"column":62}},"type":"binary-expr","locations":[{"start":{"line":16,"column":51},"end":{"line":16,"column":56}},{"start":{"line":16,"column":60},"end":{"line":16,"column":62}}],"line":16},"2":{"loc":{"start":{"line":24,"column":2},"end":{"line":24,"column":46}},"type":"if","locations":[{"start":{"line":24,"column":2},"end":{"line":24,"column":46}},{"start":{},"end":{}}],"line":24},"3":{"loc":{"start":{"line":46,"column":2},"end":{"line":48,"column":3}},"type":"if","locations":[{"start":{"line":46,"column":2},"end":{"line":48,"column":3}},{"start":{},"end":{}}],"line":46},"4":{"loc":{"start":{"line":46,"column":6},"end":{"line":46,"column":35}},"type":"binary-expr","locations":[{"start":{"line":46,"column":6},"end":{"line":46,"column":17}},{"start":{"line":46,"column":21},"end":{"line":46,"column":35}}],"line":46},"5":{"loc":{"start":{"line":50,"column":2},"end":{"line":52,"column":3}},"type":"if","locations":[{"start":{"line":50,"column":2},"end":{"line":52,"column":3}},{"start":{},"end":{}}],"line":50},"6":{"loc":{"start":{"line":50,"column":6},"end":{"line":50,"column":49}},"type":"binary-expr","locations":[{"start":{"line":50,"column":6},"end":{"line":50,"column":24}},{"start":{"line":50,"column":28},"end":{"line":50,"column":49}}],"line":50},"7":{"loc":{"start":{"line":64,"column":12},"end":{"line":64,"column":20}},"type":"default-arg","locations":[{"start":{"line":64,"column":19},"end":{"line":64,"column":20}}],"line":64},"8":{"loc":{"start":{"line":64,"column":22},"end":{"line":64,"column":32}},"type":"default-arg","locations":[{"start":{"line":64,"column":30},"end":{"line":64,"column":32}}],"line":64},"9":{"loc":{"start":{"line":68,"column":4},"end":{"line":70,"column":5}},"type":"if","locations":[{"start":{"line":68,"column":4},"end":{"line":70,"column":5}},{"start":{},"end":{}}],"line":68},"10":{"loc":{"start":{"line":68,"column":8},"end":{"line":68,"column":34}},"type":"binary-expr","locations":[{"start":{"line":68,"column":8},"end":{"line":68,"column":14}},{"start":{"line":68,"column":18},"end":{"line":68,"column":34}}],"line":68},"11":{"loc":{"start":{"line":104,"column":31},"end":{"line":104,"column":66}},"type":"binary-expr","locations":[{"start":{"line":104,"column":31},"end":{"line":104,"column":39}},{"start":{"line":104,"column":43},"end":{"line":104,"column":66}}],"line":104},"12":{"loc":{"start":{"line":107,"column":4},"end":{"line":113,"column":5}},"type":"if","locations":[{"start":{"line":107,"column":4},"end":{"line":113,"column":5}},{"start":{},"end":{}}],"line":107},"13":{"loc":{"start":{"line":107,"column":8},"end":{"line":107,"column":68}},"type":"binary-expr","locations":[{"start":{"line":107,"column":8},"end":{"line":107,"column":37}},{"start":{"line":107,"column":41},"end":{"line":107,"column":68}}],"line":107},"14":{"loc":{"start":{"line":115,"column":4},"end":{"line":117,"column":5}},"type":"if","locations":[{"start":{"line":115,"column":4},"end":{"line":117,"column":5}},{"start":{},"end":{}}],"line":115},"15":{"loc":{"start":{"line":115,"column":8},"end":{"line":115,"column":33}},"type":"binary-expr","locations":[{"start":{"line":115,"column":8},"end":{"line":115,"column":20}},{"start":{"line":115,"column":24},"end":{"line":115,"column":33}}],"line":115},"16":{"loc":{"start":{"line":119,"column":4},"end":{"line":121,"column":5}},"type":"if","locations":[{"start":{"line":119,"column":4},"end":{"line":121,"column":5}},{"start":{},"end":{}}],"line":119},"17":{"loc":{"start":{"line":119,"column":8},"end":{"line":119,"column":46}},"type":"binary-expr","locations":[{"start":{"line":119,"column":8},"end":{"line":119,"column":13}},{"start":{"line":119,"column":17},"end":{"line":119,"column":29}},{"start":{"line":119,"column":33},"end":{"line":119,"column":46}}],"line":119},"18":{"loc":{"start":{"line":123,"column":4},"end":{"line":125,"column":5}},"type":"if","locations":[{"start":{"line":123,"column":4},"end":{"line":125,"column":5}},{"start":{},"end":{}}],"line":123},"19":{"loc":{"start":{"line":123,"column":8},"end":{"line":123,"column":50}},"type":"binary-expr","locations":[{"start":{"line":123,"column":8},"end":{"line":123,"column":14}},{"start":{"line":123,"column":18},"end":{"line":123,"column":35}},{"start":{"line":123,"column":39},"end":{"line":123,"column":50}}],"line":123},"20":{"loc":{"start":{"line":127,"column":27},"end":{"line":129,"column":71}},"type":"cond-expr","locations":[{"start":{"line":128,"column":8},"end":{"line":128,"column":37}},{"start":{"line":129,"column":8},"end":{"line":129,"column":71}}],"line":127},"21":{"loc":{"start":{"line":131,"column":4},"end":{"line":133,"column":5}},"type":"if","locations":[{"start":{"line":131,"column":4},"end":{"line":133,"column":5}},{"start":{},"end":{}}],"line":131},"22":{"loc":{"start":{"line":135,"column":4},"end":{"line":137,"column":5}},"type":"if","locations":[{"start":{"line":135,"column":4},"end":{"line":137,"column":5}},{"start":{},"end":{}}],"line":135},"23":{"loc":{"start":{"line":139,"column":4},"end":{"line":141,"column":5}},"type":"if","locations":[{"start":{"line":139,"column":4},"end":{"line":141,"column":5}},{"start":{},"end":{}}],"line":139},"24":{"loc":{"start":{"line":139,"column":8},"end":{"line":139,"column":77}},"type":"binary-expr","locations":[{"start":{"line":139,"column":8},"end":{"line":139,"column":54}},{"start":{"line":139,"column":58},"end":{"line":139,"column":77}}],"line":139},"25":{"loc":{"start":{"line":143,"column":4},"end":{"line":145,"column":5}},"type":"if","locations":[{"start":{"line":143,"column":4},"end":{"line":145,"column":5}},{"start":{},"end":{}}],"line":143},"26":{"loc":{"start":{"line":143,"column":8},"end":{"line":143,"column":133}},"type":"binary-expr","locations":[{"start":{"line":143,"column":9},"end":{"line":143,"column":55}},{"start":{"line":143,"column":59},"end":{"line":143,"column":110}},{"start":{"line":143,"column":115},"end":{"line":143,"column":133}}],"line":143},"27":{"loc":{"start":{"line":147,"column":4},"end":{"line":149,"column":5}},"type":"if","locations":[{"start":{"line":147,"column":4},"end":{"line":149,"column":5}},{"start":{},"end":{}}],"line":147},"28":{"loc":{"start":{"line":147,"column":8},"end":{"line":147,"column":75}},"type":"binary-expr","locations":[{"start":{"line":147,"column":8},"end":{"line":147,"column":17}},{"start":{"line":147,"column":21},"end":{"line":147,"column":75}}],"line":147},"29":{"loc":{"start":{"line":151,"column":4},"end":{"line":153,"column":5}},"type":"if","locations":[{"start":{"line":151,"column":4},"end":{"line":153,"column":5}},{"start":{},"end":{}}],"line":151},"30":{"loc":{"start":{"line":151,"column":8},"end":{"line":151,"column":56}},"type":"binary-expr","locations":[{"start":{"line":151,"column":8},"end":{"line":151,"column":18}},{"start":{"line":151,"column":22},"end":{"line":151,"column":56}}],"line":151},"31":{"loc":{"start":{"line":166,"column":4},"end":{"line":168,"column":5}},"type":"if","locations":[{"start":{"line":166,"column":4},"end":{"line":168,"column":5}},{"start":{},"end":{}}],"line":166},"32":{"loc":{"start":{"line":172,"column":24},"end":{"line":172,"column":66}},"type":"binary-expr","locations":[{"start":{"line":172,"column":24},"end":{"line":172,"column":39}},{"start":{"line":172,"column":43},"end":{"line":172,"column":60}},{"start":{"line":172,"column":64},"end":{"line":172,"column":66}}],"line":172},"33":{"loc":{"start":{"line":174,"column":20},"end":{"line":174,"column":86}},"type":"cond-expr","locations":[{"start":{"line":174,"column":69},"end":{"line":174,"column":70}},{"start":{"line":174,"column":73},"end":{"line":174,"column":86}}],"line":174},"34":{"loc":{"start":{"line":176,"column":4},"end":{"line":178,"column":5}},"type":"if","locations":[{"start":{"line":176,"column":4},"end":{"line":178,"column":5}},{"start":{},"end":{}}],"line":176},"35":{"loc":{"start":{"line":176,"column":8},"end":{"line":176,"column":50}},"type":"binary-expr","locations":[{"start":{"line":176,"column":8},"end":{"line":176,"column":18}},{"start":{"line":176,"column":22},"end":{"line":176,"column":50}}],"line":176},"36":{"loc":{"start":{"line":183,"column":4},"end":{"line":185,"column":5}},"type":"if","locations":[{"start":{"line":183,"column":4},"end":{"line":185,"column":5}},{"start":{},"end":{}}],"line":183},"37":{"loc":{"start":{"line":186,"column":4},"end":{"line":188,"column":5}},"type":"if","locations":[{"start":{"line":186,"column":4},"end":{"line":188,"column":5}},{"start":{},"end":{}}],"line":186},"38":{"loc":{"start":{"line":192,"column":10},"end":{"line":192,"column":43}},"type":"binary-expr","locations":[{"start":{"line":192,"column":10},"end":{"line":192,"column":19}},{"start":{"line":192,"column":23},"end":{"line":192,"column":43}}],"line":192},"39":{"loc":{"start":{"line":193,"column":10},"end":{"line":193,"column":64}},"type":"binary-expr","locations":[{"start":{"line":193,"column":10},"end":{"line":193,"column":26}},{"start":{"line":193,"column":30},"end":{"line":193,"column":64}}],"line":193},"40":{"loc":{"start":{"line":200,"column":4},"end":{"line":205,"column":5}},"type":"if","locations":[{"start":{"line":200,"column":4},"end":{"line":205,"column":5}},{"start":{},"end":{}}],"line":200},"41":{"loc":{"start":{"line":202,"column":6},"end":{"line":204,"column":7}},"type":"if","locations":[{"start":{"line":202,"column":6},"end":{"line":204,"column":7}},{"start":{},"end":{}}],"line":202},"42":{"loc":{"start":{"line":227,"column":4},"end":{"line":232,"column":5}},"type":"if","locations":[{"start":{"line":227,"column":4},"end":{"line":232,"column":5}},{"start":{},"end":{}}],"line":227},"43":{"loc":{"start":{"line":227,"column":8},"end":{"line":227,"column":47}},"type":"binary-expr","locations":[{"start":{"line":227,"column":8},"end":{"line":227,"column":16}},{"start":{"line":227,"column":20},"end":{"line":227,"column":47}}],"line":227},"44":{"loc":{"start":{"line":236,"column":4},"end":{"line":241,"column":5}},"type":"if","locations":[{"start":{"line":236,"column":4},"end":{"line":241,"column":5}},{"start":{},"end":{}}],"line":236},"45":{"loc":{"start":{"line":281,"column":4},"end":{"line":286,"column":5}},"type":"if","locations":[{"start":{"line":281,"column":4},"end":{"line":286,"column":5}},{"start":{},"end":{}}],"line":281},"46":{"loc":{"start":{"line":281,"column":8},"end":{"line":281,"column":45}},"type":"binary-expr","locations":[{"start":{"line":281,"column":8},"end":{"line":281,"column":15}},{"start":{"line":281,"column":19},"end":{"line":281,"column":45}}],"line":281},"47":{"loc":{"start":{"line":290,"column":4},"end":{"line":295,"column":5}},"type":"if","locations":[{"start":{"line":290,"column":4},"end":{"line":295,"column":5}},{"start":{},"end":{}}],"line":290},"48":{"loc":{"start":{"line":346,"column":4},"end":{"line":352,"column":5}},"type":"if","locations":[{"start":{"line":346,"column":4},"end":{"line":352,"column":5}},{"start":{},"end":{}}],"line":346},"49":{"loc":{"start":{"line":346,"column":8},"end":{"line":346,"column":68}},"type":"binary-expr","locations":[{"start":{"line":346,"column":8},"end":{"line":346,"column":37}},{"start":{"line":346,"column":41},"end":{"line":346,"column":68}}],"line":346},"50":{"loc":{"start":{"line":354,"column":4},"end":{"line":356,"column":5}},"type":"if","locations":[{"start":{"line":354,"column":4},"end":{"line":356,"column":5}},{"start":{},"end":{}}],"line":354},"51":{"loc":{"start":{"line":354,"column":8},"end":{"line":354,"column":69}},"type":"binary-expr","locations":[{"start":{"line":354,"column":8},"end":{"line":354,"column":16}},{"start":{"line":354,"column":20},"end":{"line":354,"column":69}}],"line":354},"52":{"loc":{"start":{"line":358,"column":4},"end":{"line":360,"column":5}},"type":"if","locations":[{"start":{"line":358,"column":4},"end":{"line":360,"column":5}},{"start":{},"end":{}}],"line":358},"53":{"loc":{"start":{"line":358,"column":8},"end":{"line":358,"column":58}},"type":"binary-expr","locations":[{"start":{"line":358,"column":8},"end":{"line":358,"column":27}},{"start":{"line":358,"column":31},"end":{"line":358,"column":58}}],"line":358},"54":{"loc":{"start":{"line":364,"column":4},"end":{"line":369,"column":5}},"type":"if","locations":[{"start":{"line":364,"column":4},"end":{"line":369,"column":5}},{"start":{},"end":{}}],"line":364},"55":{"loc":{"start":{"line":371,"column":33},"end":{"line":371,"column":76}},"type":"binary-expr","locations":[{"start":{"line":371,"column":33},"end":{"line":371,"column":53}},{"start":{"line":371,"column":57},"end":{"line":371,"column":76}}],"line":371},"56":{"loc":{"start":{"line":372,"column":31},"end":{"line":372,"column":95}},"type":"binary-expr","locations":[{"start":{"line":372,"column":31},"end":{"line":372,"column":49}},{"start":{"line":372,"column":53},"end":{"line":372,"column":71}},{"start":{"line":372,"column":75},"end":{"line":372,"column":95}}],"line":372},"57":{"loc":{"start":{"line":373,"column":30},"end":{"line":373,"column":68}},"type":"binary-expr","locations":[{"start":{"line":373,"column":30},"end":{"line":373,"column":47}},{"start":{"line":373,"column":51},"end":{"line":373,"column":68}}],"line":373},"58":{"loc":{"start":{"line":375,"column":4},"end":{"line":380,"column":5}},"type":"if","locations":[{"start":{"line":375,"column":4},"end":{"line":380,"column":5}},{"start":{},"end":{}}],"line":375},"59":{"loc":{"start":{"line":375,"column":8},"end":{"line":375,"column":66}},"type":"binary-expr","locations":[{"start":{"line":375,"column":8},"end":{"line":375,"column":29}},{"start":{"line":375,"column":33},"end":{"line":375,"column":66}}],"line":375},"60":{"loc":{"start":{"line":382,"column":4},"end":{"line":387,"column":5}},"type":"if","locations":[{"start":{"line":382,"column":4},"end":{"line":387,"column":5}},{"start":{},"end":{}}],"line":382},"61":{"loc":{"start":{"line":389,"column":4},"end":{"line":394,"column":5}},"type":"if","locations":[{"start":{"line":389,"column":4},"end":{"line":394,"column":5}},{"start":{},"end":{}}],"line":389},"62":{"loc":{"start":{"line":389,"column":8},"end":{"line":389,"column":60}},"type":"binary-expr","locations":[{"start":{"line":389,"column":8},"end":{"line":389,"column":25}},{"start":{"line":389,"column":29},"end":{"line":389,"column":60}}],"line":389},"63":{"loc":{"start":{"line":396,"column":4},"end":{"line":401,"column":5}},"type":"if","locations":[{"start":{"line":396,"column":4},"end":{"line":401,"column":5}},{"start":{},"end":{}}],"line":396},"64":{"loc":{"start":{"line":396,"column":8},"end":{"line":396,"column":60}},"type":"binary-expr","locations":[{"start":{"line":396,"column":8},"end":{"line":396,"column":26}},{"start":{"line":396,"column":30},"end":{"line":396,"column":60}}],"line":396},"65":{"loc":{"start":{"line":403,"column":4},"end":{"line":408,"column":5}},"type":"if","locations":[{"start":{"line":403,"column":4},"end":{"line":408,"column":5}},{"start":{},"end":{}}],"line":403},"66":{"loc":{"start":{"line":403,"column":8},"end":{"line":403,"column":50}},"type":"binary-expr","locations":[{"start":{"line":403,"column":8},"end":{"line":403,"column":14}},{"start":{"line":403,"column":18},"end":{"line":403,"column":35}},{"start":{"line":403,"column":39},"end":{"line":403,"column":50}}],"line":403},"67":{"loc":{"start":{"line":421,"column":6},"end":{"line":423,"column":7}},"type":"if","locations":[{"start":{"line":421,"column":6},"end":{"line":423,"column":7}},{"start":{},"end":{}}],"line":421},"68":{"loc":{"start":{"line":421,"column":10},"end":{"line":421,"column":39}},"type":"binary-expr","locations":[{"start":{"line":421,"column":10},"end":{"line":421,"column":21}},{"start":{"line":421,"column":25},"end":{"line":421,"column":39}}],"line":421},"69":{"loc":{"start":{"line":426,"column":6},"end":{"line":428,"column":7}},"type":"if","locations":[{"start":{"line":426,"column":6},"end":{"line":428,"column":7}},{"start":{},"end":{}}],"line":426},"70":{"loc":{"start":{"line":426,"column":10},"end":{"line":426,"column":53}},"type":"binary-expr","locations":[{"start":{"line":426,"column":10},"end":{"line":426,"column":28}},{"start":{"line":426,"column":32},"end":{"line":426,"column":53}}],"line":426},"71":{"loc":{"start":{"line":439,"column":4},"end":{"line":441,"column":5}},"type":"if","locations":[{"start":{"line":439,"column":4},"end":{"line":441,"column":5}},{"start":{},"end":{}}],"line":439},"72":{"loc":{"start":{"line":439,"column":8},"end":{"line":439,"column":38}},"type":"binary-expr","locations":[{"start":{"line":439,"column":8},"end":{"line":439,"column":12}},{"start":{"line":439,"column":16},"end":{"line":439,"column":38}}],"line":439},"73":{"loc":{"start":{"line":442,"column":4},"end":{"line":444,"column":5}},"type":"if","locations":[{"start":{"line":442,"column":4},"end":{"line":444,"column":5}},{"start":{},"end":{}}],"line":442},"74":{"loc":{"start":{"line":442,"column":8},"end":{"line":442,"column":52}},"type":"binary-expr","locations":[{"start":{"line":442,"column":8},"end":{"line":442,"column":19}},{"start":{"line":442,"column":23},"end":{"line":442,"column":52}}],"line":442},"75":{"loc":{"start":{"line":445,"column":4},"end":{"line":447,"column":5}},"type":"if","locations":[{"start":{"line":445,"column":4},"end":{"line":447,"column":5}},{"start":{},"end":{}}],"line":445},"76":{"loc":{"start":{"line":448,"column":4},"end":{"line":450,"column":5}},"type":"if","locations":[{"start":{"line":448,"column":4},"end":{"line":450,"column":5}},{"start":{},"end":{}}],"line":448},"77":{"loc":{"start":{"line":451,"column":4},"end":{"line":453,"column":5}},"type":"if","locations":[{"start":{"line":451,"column":4},"end":{"line":453,"column":5}},{"start":{},"end":{}}],"line":451},"78":{"loc":{"start":{"line":457,"column":4},"end":{"line":459,"column":5}},"type":"if","locations":[{"start":{"line":457,"column":4},"end":{"line":459,"column":5}},{"start":{},"end":{}}],"line":457},"79":{"loc":{"start":{"line":460,"column":4},"end":{"line":462,"column":5}},"type":"if","locations":[{"start":{"line":460,"column":4},"end":{"line":462,"column":5}},{"start":{},"end":{}}],"line":460},"80":{"loc":{"start":{"line":470,"column":26},"end":{"line":470,"column":90}},"type":"cond-expr","locations":[{"start":{"line":470,"column":42},"end":{"line":470,"column":85}},{"start":{"line":470,"column":88},"end":{"line":470,"column":90}}],"line":470},"81":{"loc":{"start":{"line":470,"column":42},"end":{"line":470,"column":85}},"type":"binary-expr","locations":[{"start":{"line":470,"column":42},"end":{"line":470,"column":68}},{"start":{"line":470,"column":72},"end":{"line":470,"column":85}}],"line":470},"82":{"loc":{"start":{"line":473,"column":6},"end":{"line":475,"column":7}},"type":"if","locations":[{"start":{"line":473,"column":6},"end":{"line":475,"column":7}},{"start":{},"end":{}}],"line":473},"83":{"loc":{"start":{"line":473,"column":10},"end":{"line":473,"column":93}},"type":"binary-expr","locations":[{"start":{"line":473,"column":10},"end":{"line":473,"column":25}},{"start":{"line":473,"column":29},"end":{"line":473,"column":39}},{"start":{"line":473,"column":43},"end":{"line":473,"column":64}},{"start":{"line":473,"column":68},"end":{"line":473,"column":93}}],"line":473},"84":{"loc":{"start":{"line":481,"column":10},"end":{"line":481,"column":43}},"type":"binary-expr","locations":[{"start":{"line":481,"column":10},"end":{"line":481,"column":19}},{"start":{"line":481,"column":23},"end":{"line":481,"column":43}}],"line":481},"85":{"loc":{"start":{"line":482,"column":10},"end":{"line":482,"column":64}},"type":"binary-expr","locations":[{"start":{"line":482,"column":10},"end":{"line":482,"column":26}},{"start":{"line":482,"column":30},"end":{"line":482,"column":64}}],"line":482},"86":{"loc":{"start":{"line":491,"column":4},"end":{"line":496,"column":5}},"type":"if","locations":[{"start":{"line":491,"column":4},"end":{"line":496,"column":5}},{"start":{},"end":{}}],"line":491},"87":{"loc":{"start":{"line":493,"column":6},"end":{"line":495,"column":7}},"type":"if","locations":[{"start":{"line":493,"column":6},"end":{"line":495,"column":7}},{"start":{},"end":{}}],"line":493},"88":{"loc":{"start":{"line":531,"column":4},"end":{"line":536,"column":5}},"type":"if","locations":[{"start":{"line":531,"column":4},"end":{"line":536,"column":5}},{"start":{},"end":{}}],"line":531},"89":{"loc":{"start":{"line":538,"column":4},"end":{"line":543,"column":5}},"type":"if","locations":[{"start":{"line":538,"column":4},"end":{"line":543,"column":5}},{"start":{},"end":{}}],"line":538},"90":{"loc":{"start":{"line":552,"column":4},"end":{"line":578,"column":5}},"type":"if","locations":[{"start":{"line":552,"column":4},"end":{"line":578,"column":5}},{"start":{},"end":{}}],"line":552},"91":{"loc":{"start":{"line":553,"column":6},"end":{"line":561,"column":7}},"type":"if","locations":[{"start":{"line":553,"column":6},"end":{"line":561,"column":7}},{"start":{},"end":{}}],"line":553},"92":{"loc":{"start":{"line":553,"column":10},"end":{"line":553,"column":65}},"type":"binary-expr","locations":[{"start":{"line":553,"column":10},"end":{"line":553,"column":33}},{"start":{"line":553,"column":37},"end":{"line":553,"column":65}}],"line":553},"93":{"loc":{"start":{"line":554,"column":35},"end":{"line":554,"column":65}},"type":"binary-expr","locations":[{"start":{"line":554,"column":35},"end":{"line":554,"column":59}},{"start":{"line":554,"column":63},"end":{"line":554,"column":65}}],"line":554},"94":{"loc":{"start":{"line":563,"column":31},"end":{"line":563,"column":57}},"type":"binary-expr","locations":[{"start":{"line":563,"column":31},"end":{"line":563,"column":52}},{"start":{"line":563,"column":56},"end":{"line":563,"column":57}}],"line":563},"95":{"loc":{"start":{"line":587,"column":28},"end":{"line":587,"column":84}},"type":"binary-expr","locations":[{"start":{"line":587,"column":28},"end":{"line":587,"column":35}},{"start":{"line":587,"column":39},"end":{"line":587,"column":84}}],"line":587},"96":{"loc":{"start":{"line":628,"column":4},"end":{"line":633,"column":5}},"type":"if","locations":[{"start":{"line":628,"column":4},"end":{"line":633,"column":5}},{"start":{},"end":{}}],"line":628},"97":{"loc":{"start":{"line":706,"column":20},"end":{"line":713,"column":5}},"type":"cond-expr","locations":[{"start":{"line":706,"column":45},"end":{"line":706,"column":59}},{"start":{"line":706,"column":62},"end":{"line":713,"column":5}}],"line":706},"98":{"loc":{"start":{"line":727,"column":27},"end":{"line":730,"column":5}},"type":"cond-expr","locations":[{"start":{"line":727,"column":59},"end":{"line":727,"column":80}},{"start":{"line":727,"column":83},"end":{"line":730,"column":5}}],"line":727},"99":{"loc":{"start":{"line":790,"column":12},"end":{"line":790,"column":20}},"type":"default-arg","locations":[{"start":{"line":790,"column":19},"end":{"line":790,"column":20}}],"line":790},"100":{"loc":{"start":{"line":790,"column":22},"end":{"line":790,"column":32}},"type":"default-arg","locations":[{"start":{"line":790,"column":30},"end":{"line":790,"column":32}}],"line":790},"101":{"loc":{"start":{"line":810,"column":19},"end":{"line":810,"column":82}},"type":"binary-expr","locations":[{"start":{"line":810,"column":19},"end":{"line":810,"column":56}},{"start":{"line":810,"column":60},"end":{"line":810,"column":82}}],"line":810},"102":{"loc":{"start":{"line":812,"column":34},"end":{"line":812,"column":62}},"type":"binary-expr","locations":[{"start":{"line":812,"column":34},"end":{"line":812,"column":56}},{"start":{"line":812,"column":60},"end":{"line":812,"column":62}}],"line":812},"103":{"loc":{"start":{"line":842,"column":4},"end":{"line":847,"column":5}},"type":"if","locations":[{"start":{"line":842,"column":4},"end":{"line":847,"column":5}},{"start":{},"end":{}}],"line":842},"104":{"loc":{"start":{"line":851,"column":4},"end":{"line":856,"column":5}},"type":"if","locations":[{"start":{"line":851,"column":4},"end":{"line":856,"column":5}},{"start":{},"end":{}}],"line":851},"105":{"loc":{"start":{"line":858,"column":4},"end":{"line":863,"column":5}},"type":"if","locations":[{"start":{"line":858,"column":4},"end":{"line":863,"column":5}},{"start":{},"end":{}}],"line":858},"106":{"loc":{"start":{"line":868,"column":29},"end":{"line":868,"column":58}},"type":"binary-expr","locations":[{"start":{"line":868,"column":29},"end":{"line":868,"column":44}},{"start":{"line":868,"column":48},"end":{"line":868,"column":58}}],"line":868},"107":{"loc":{"start":{"line":871,"column":4},"end":{"line":873,"column":5}},"type":"if","locations":[{"start":{"line":871,"column":4},"end":{"line":873,"column":5}},{"start":{},"end":{}}],"line":871}},"s":{"0":1,"1":1,"2":1,"3":1,"4":1,"5":1,"6":1,"7":1,"8":1,"9":1,"10":1,"11":1,"12":1,"13":1,"14":0,"15":1,"16":0,"17":1,"18":0,"19":0,"20":0,"21":0,"22":0,"23":0,"24":1,"25":0,"26":0,"27":0,"28":0,"29":0,"30":0,"31":0,"32":1,"33":0,"34":0,"35":0,"36":0,"37":0,"38":0,"39":0,"40":0,"41":0,"42":0,"43":0,"44":1,"45":0,"46":0,"47":0,"48":0,"49":0,"50":0,"51":0,"52":0,"53":0,"54":0,"55":0,"56":0,"57":0,"58":0,"59":0,"60":0,"61":0,"62":0,"63":0,"64":0,"65":0,"66":0,"67":0,"68":0,"69":0,"70":0,"71":0,"72":0,"73":0,"74":0,"75":0,"76":0,"77":0,"78":0,"79":0,"80":0,"81":0,"82":0,"83":0,"84":0,"85":0,"86":0,"87":0,"88":0,"89":0,"90":0,"91":0,"92":0,"93":0,"94":0,"95":0,"96":0,"97":0,"98":0,"99":0,"100":0,"101":0,"102":0,"103":0,"104":0,"105":0,"106":0,"107":0,"108":0,"109":1,"110":0,"111":0,"112":0,"113":0,"114":0,"115":0,"116":0,"117":0,"118":0,"119":0,"120":0,"121":0,"122":0,"123":0,"124":0,"125":0,"126":1,"127":0,"128":0,"129":0,"130":0,"131":0,"132":0,"133":0,"134":0,"135":0,"136":0,"137":0,"138":0,"139":0,"140":0,"141":0,"142":0,"143":1,"144":0,"145":0,"146":0,"147":0,"148":0,"149":0,"150":0,"151":0,"152":0,"153":0,"154":0,"155":0,"156":0,"157":0,"158":0,"159":0,"160":0,"161":0,"162":0,"163":0,"164":0,"165":0,"166":0,"167":0,"168":0,"169":0,"170":0,"171":0,"172":0,"173":0,"174":0,"175":0,"176":0,"177":0,"178":0,"179":0,"180":0,"181":0,"182":0,"183":0,"184":0,"185":0,"186":0,"187":0,"188":0,"189":0,"190":0,"191":0,"192":0,"193":0,"194":0,"195":0,"196":0,"197":0,"198":0,"199":0,"200":0,"201":0,"202":0,"203":0,"204":0,"205":0,"206":0,"207":0,"208":0,"209":0,"210":0,"211":0,"212":0,"213":0,"214":0,"215":0,"216":0,"217":0,"218":0,"219":1,"220":0,"221":0,"222":0,"223":0,"224":0,"225":0,"226":0,"227":0,"228":0,"229":0,"230":0,"231":0,"232":0,"233":0,"234":0,"235":0,"236":0,"237":0,"238":0,"239":0,"240":0,"241":0,"242":0,"243":0,"244":0,"245":0,"246":0,"247":0,"248":0,"249":0,"250":0,"251":0,"252":0,"253":0,"254":0,"255":0,"256":0,"257":0,"258":0,"259":0,"260":1,"261":0,"262":0,"263":0,"264":0,"265":0,"266":0,"267":0,"268":0,"269":0,"270":0,"271":0,"272":0,"273":1,"274":0,"275":0,"276":0,"277":0,"278":0,"279":0,"280":0,"281":0,"282":0,"283":0,"284":0,"285":0,"286":0,"287":1,"288":0,"289":0,"290":0,"291":0,"292":0,"293":0,"294":0,"295":0,"296":0,"297":0,"298":0,"299":0,"300":1,"301":0,"302":0,"303":0,"304":0,"305":0,"306":0,"307":0,"308":0,"309":0,"310":0,"311":0,"312":0,"313":0,"314":0,"315":0,"316":0,"317":0,"318":0,"319":0,"320":0,"321":0,"322":0,"323":0,"324":0,"325":1},"f":{"0":0,"1":0,"2":0,"3":0,"4":0,"5":0,"6":0,"7":0,"8":0,"9":0,"10":0,"11":0,"12":0,"13":0,"14":0,"15":0,"16":0,"17":0,"18":0,"19":0},"b":{"0":[0,0],"1":[0,0],"2":[0,0],"3":[0,0],"4":[0,0],"5":[0,0],"6":[0,0],"7":[0],"8":[0],"9":[0,0],"10":[0,0],"11":[0,0],"12":[0,0],"13":[0,0],"14":[0,0],"15":[0,0],"16":[0,0],"17":[0,0,0],"18":[0,0],"19":[0,0,0],"20":[0,0],"21":[0,0],"22":[0,0],"23":[0,0],"24":[0,0],"25":[0,0],"26":[0,0,0],"27":[0,0],"28":[0,0],"29":[0,0],"30":[0,0],"31":[0,0],"32":[0,0,0],"33":[0,0],"34":[0,0],"35":[0,0],"36":[0,0],"37":[0,0],"38":[0,0],"39":[0,0],"40":[0,0],"41":[0,0],"42":[0,0],"43":[0,0],"44":[0,0],"45":[0,0],"46":[0,0],"47":[0,0],"48":[0,0],"49":[0,0],"50":[0,0],"51":[0,0],"52":[0,0],"53":[0,0],"54":[0,0],"55":[0,0],"56":[0,0,0],"57":[0,0],"58":[0,0],"59":[0,0],"60":[0,0],"61":[0,0],"62":[0,0],"63":[0,0],"64":[0,0],"65":[0,0],"66":[0,0,0],"67":[0,0],"68":[0,0],"69":[0,0],"70":[0,0],"71":[0,0],"72":[0,0],"73":[0,0],"74":[0,0],"75":[0,0],"76":[0,0],"77":[0,0],"78":[0,0],"79":[0,0],"80":[0,0],"81":[0,0],"82":[0,0],"83":[0,0,0,0],"84":[0,0],"85":[0,0],"86":[0,0],"87":[0,0],"88":[0,0],"89":[0,0],"90":[0,0],"91":[0,0],"92":[0,0],"93":[0,0],"94":[0,0],"95":[0,0],"96":[0,0],"97":[0,0],"98":[0,0],"99":[0],"100":[0],"101":[0,0],"102":[0,0],"103":[0,0],"104":[0,0],"105":[0,0],"106":[0,0],"107":[0,0]},"_coverageSchema":"1a1c01bbd47fc00a2c39e90264f33305004495a9","hash":"d9827a2af742c835157c858020b3fcc1c7cbc31f"}
,"/home/claude/devdrop/DevDrop-main/backend/src/modules/admin/admin.routes.js": {"path":"/home/claude/devdrop/DevDrop-main/backend/src/modules/admin/admin.routes.js","statementMap":{"0":{"start":{"line":1,"column":16},"end":{"line":1,"column":34}},"1":{"start":{"line":2,"column":15},"end":{"line":2,"column":31}},"2":{"start":{"line":3,"column":17},"end":{"line":3,"column":56}},"3":{"start":{"line":4,"column":18},"end":{"line":4,"column":62}},"4":{"start":{"line":5,"column":46},"end":{"line":5,"column":97}},"5":{"start":{"line":6,"column":24},"end":{"line":6,"column":53}},"6":{"start":{"line":7,"column":25},"end":{"line":7,"column":63}},"7":{"start":{"line":8,"column":25},"end":{"line":8,"column":64}},"8":{"start":{"line":10,"column":0},"end":{"line":10,"column":28}},"9":{"start":{"line":12,"column":0},"end":{"line":12,"column":55}},"10":{"start":{"line":13,"column":0},"end":{"line":13,"column":52}},"11":{"start":{"line":14,"column":0},"end":{"line":14,"column":55}},"12":{"start":{"line":15,"column":0},"end":{"line":15,"column":67}},"13":{"start":{"line":16,"column":0},"end":{"line":16,"column":239}},"14":{"start":{"line":17,"column":0},"end":{"line":17,"column":56}},"15":{"start":{"line":18,"column":0},"end":{"line":18,"column":76}},"16":{"start":{"line":19,"column":0},"end":{"line":19,"column":66}},"17":{"start":{"line":20,"column":0},"end":{"line":20,"column":252}},"18":{"start":{"line":21,"column":0},"end":{"line":21,"column":67}},"19":{"start":{"line":22,"column":0},"end":{"line":22,"column":62}},"20":{"start":{"line":23,"column":0},"end":{"line":23,"column":66}},"21":{"start":{"line":24,"column":0},"end":{"line":24,"column":67}},"22":{"start":{"line":27,"column":0},"end":{"line":27,"column":57}},"23":{"start":{"line":28,"column":0},"end":{"line":28,"column":59}},"24":{"start":{"line":29,"column":0},"end":{"line":29,"column":59}},"25":{"start":{"line":30,"column":0},"end":{"line":30,"column":65}},"26":{"start":{"line":31,"column":0},"end":{"line":31,"column":57}},"27":{"start":{"line":33,"column":0},"end":{"line":33,"column":24}}},"fnMap":{},"branchMap":{},"s":{"0":1,"1":1,"2":1,"3":1,"4":1,"5":1,"6":1,"7":1,"8":1,"9":1,"10":1,"11":1,"12":1,"13":1,"14":1,"15":1,"16":1,"17":1,"18":1,"19":1,"20":1,"21":1,"22":1,"23":1,"24":1,"25":1,"26":1,"27":1},"f":{},"b":{},"_coverageSchema":"1a1c01bbd47fc00a2c39e90264f33305004495a9","hash":"7c024ed56ca445b5fac1aeede8a0806b18c091b8"}
,"/home/claude/devdrop/DevDrop-main/backend/src/modules/admin/index.js": {"path":"/home/claude/devdrop/DevDrop-main/backend/src/modules/admin/index.js","statementMap":{"0":{"start":{"line":1,"column":0},"end":{"line":1,"column":43}}},"fnMap":{},"branchMap":{},"s":{"0":0},"f":{},"b":{}}
,"/home/claude/devdrop/DevDrop-main/backend/src/modules/analytics/analytics.controller.js": {"path":"/home/claude/devdrop/DevDrop-main/backend/src/modules/analytics/analytics.controller.js","statementMap":{"0":{"start":{"line":1,"column":25},"end":{"line":1,"column":68}},"1":{"start":{"line":3,"column":25},"end":{"line":10,"column":1}},"2":{"start":{"line":4,"column":2},"end":{"line":9,"column":3}},"3":{"start":{"line":5,"column":18},"end":{"line":5,"column":59}},"4":{"start":{"line":6,"column":4},"end":{"line":6,"column":45}},"5":{"start":{"line":8,"column":4},"end":{"line":8,"column":109}},"6":{"start":{"line":12,"column":24},"end":{"line":19,"column":1}},"7":{"start":{"line":13,"column":2},"end":{"line":18,"column":3}},"8":{"start":{"line":14,"column":18},"end":{"line":14,"column":58}},"9":{"start":{"line":15,"column":4},"end":{"line":15,"column":45}},"10":{"start":{"line":17,"column":4},"end":{"line":17,"column":108}},"11":{"start":{"line":21,"column":22},"end":{"line":29,"column":1}},"12":{"start":{"line":22,"column":2},"end":{"line":28,"column":3}},"13":{"start":{"line":23,"column":28},"end":{"line":23,"column":37}},"14":{"start":{"line":24,"column":18},"end":{"line":24,"column":72}},"15":{"start":{"line":25,"column":4},"end":{"line":25,"column":45}},"16":{"start":{"line":27,"column":4},"end":{"line":27,"column":106}},"17":{"start":{"line":31,"column":19},"end":{"line":38,"column":1}},"18":{"start":{"line":32,"column":2},"end":{"line":37,"column":3}},"19":{"start":{"line":33,"column":17},"end":{"line":33,"column":52}},"20":{"start":{"line":34,"column":4},"end":{"line":34,"column":38}},"21":{"start":{"line":36,"column":4},"end":{"line":36,"column":100}},"22":{"start":{"line":40,"column":23},"end":{"line":54,"column":1}},"23":{"start":{"line":41,"column":2},"end":{"line":53,"column":3}},"24":{"start":{"line":42,"column":18},"end":{"line":42,"column":59}},"25":{"start":{"line":43,"column":4},"end":{"line":50,"column":7}},"26":{"start":{"line":52,"column":4},"end":{"line":52,"column":107}},"27":{"start":{"line":56,"column":0},"end":{"line":56,"column":98}}},"fnMap":{"0":{"name":"(anonymous_0)","decl":{"start":{"line":3,"column":25},"end":{"line":3,"column":26}},"loc":{"start":{"line":3,"column":45},"end":{"line":10,"column":1}},"line":3},"1":{"name":"(anonymous_1)","decl":{"start":{"line":12,"column":24},"end":{"line":12,"column":25}},"loc":{"start":{"line":12,"column":44},"end":{"line":19,"column":1}},"line":12},"2":{"name":"(anonymous_2)","decl":{"start":{"line":21,"column":22},"end":{"line":21,"column":23}},"loc":{"start":{"line":21,"column":42},"end":{"line":29,"column":1}},"line":21},"3":{"name":"(anonymous_3)","decl":{"start":{"line":31,"column":19},"end":{"line":31,"column":20}},"loc":{"start":{"line":31,"column":39},"end":{"line":38,"column":1}},"line":31},"4":{"name":"(anonymous_4)","decl":{"start":{"line":40,"column":23},"end":{"line":40,"column":24}},"loc":{"start":{"line":40,"column":43},"end":{"line":54,"column":1}},"line":40}},"branchMap":{"0":{"loc":{"start":{"line":23,"column":12},"end":{"line":23,"column":23}},"type":"default-arg","locations":[{"start":{"line":23,"column":21},"end":{"line":23,"column":23}}],"line":23},"1":{"loc":{"start":{"line":46,"column":24},"end":{"line":46,"column":48}},"type":"binary-expr","locations":[{"start":{"line":46,"column":24},"end":{"line":46,"column":43}},{"start":{"line":46,"column":47},"end":{"line":46,"column":48}}],"line":46},"2":{"loc":{"start":{"line":47,"column":23},"end":{"line":47,"column":44}},"type":"binary-expr","locations":[{"start":{"line":47,"column":23},"end":{"line":47,"column":39}},{"start":{"line":47,"column":43},"end":{"line":47,"column":44}}],"line":47},"3":{"loc":{"start":{"line":48,"column":24},"end":{"line":48,"column":49}},"type":"binary-expr","locations":[{"start":{"line":48,"column":24},"end":{"line":48,"column":44}},{"start":{"line":48,"column":48},"end":{"line":48,"column":49}}],"line":48}},"s":{"0":0,"1":0,"2":0,"3":0,"4":0,"5":0,"6":0,"7":0,"8":0,"9":0,"10":0,"11":0,"12":0,"13":0,"14":0,"15":0,"16":0,"17":0,"18":0,"19":0,"20":0,"21":0,"22":0,"23":0,"24":0,"25":0,"26":0,"27":0},"f":{"0":0,"1":0,"2":0,"3":0,"4":0},"b":{"0":[0],"1":[0,0],"2":[0,0],"3":[0,0]}}
,"/home/claude/devdrop/DevDrop-main/backend/src/modules/analytics/analytics.routes.js": {"path":"/home/claude/devdrop/DevDrop-main/backend/src/modules/analytics/analytics.routes.js","statementMap":{"0":{"start":{"line":1,"column":16},"end":{"line":1,"column":34}},"1":{"start":{"line":2,"column":15},"end":{"line":2,"column":31}},"2":{"start":{"line":3,"column":17},"end":{"line":3,"column":56}},"3":{"start":{"line":4,"column":18},"end":{"line":4,"column":62}},"4":{"start":{"line":5,"column":28},"end":{"line":5,"column":61}},"5":{"start":{"line":8,"column":0},"end":{"line":8,"column":64}},"6":{"start":{"line":10,"column":0},"end":{"line":10,"column":79}},"7":{"start":{"line":11,"column":0},"end":{"line":11,"column":78}},"8":{"start":{"line":12,"column":0},"end":{"line":12,"column":73}},"9":{"start":{"line":13,"column":0},"end":{"line":13,"column":69}},"10":{"start":{"line":15,"column":0},"end":{"line":15,"column":24}}},"fnMap":{},"branchMap":{},"s":{"0":0,"1":0,"2":0,"3":0,"4":0,"5":0,"6":0,"7":0,"8":0,"9":0,"10":0},"f":{},"b":{}}
,"/home/claude/devdrop/DevDrop-main/backend/src/modules/analytics/index.js": {"path":"/home/claude/devdrop/DevDrop-main/backend/src/modules/analytics/index.js","statementMap":{"0":{"start":{"line":1,"column":0},"end":{"line":1,"column":47}}},"fnMap":{},"branchMap":{},"s":{"0":0},"f":{},"b":{}}
,"/home/claude/devdrop/DevDrop-main/backend/src/modules/asset/asset.controller.js": {"path":"/home/claude/devdrop/DevDrop-main/backend/src/modules/asset/asset.controller.js","statementMap":{"0":{"start":{"line":1,"column":16},"end":{"line":1,"column":51}},"1":{"start":{"line":2,"column":17},"end":{"line":2,"column":53}},"2":{"start":{"line":3,"column":20},"end":{"line":3,"column":50}},"3":{"start":{"line":4,"column":24},"end":{"line":4,"column":66}},"4":{"start":{"line":5,"column":46},"end":{"line":5,"column":85}},"5":{"start":{"line":7,"column":20},"end":{"line":7,"column":69}},"6":{"start":{"line":7,"column":34},"end":{"line":7,"column":69}},"7":{"start":{"line":8,"column":26},"end":{"line":12,"column":1}},"8":{"start":{"line":9,"column":2},"end":{"line":9,"column":29}},"9":{"start":{"line":9,"column":17},"end":{"line":9,"column":29}},"10":{"start":{"line":10,"column":2},"end":{"line":10,"column":45}},"11":{"start":{"line":10,"column":29},"end":{"line":10,"column":45}},"12":{"start":{"line":11,"column":2},"end":{"line":11,"column":48}},"13":{"start":{"line":14,"column":33},"end":{"line":18,"column":1}},"14":{"start":{"line":15,"column":2},"end":{"line":15,"column":29}},"15":{"start":{"line":15,"column":17},"end":{"line":15,"column":29}},"16":{"start":{"line":16,"column":2},"end":{"line":16,"column":45}},"17":{"start":{"line":16,"column":29},"end":{"line":16,"column":45}},"18":{"start":{"line":17,"column":2},"end":{"line":17,"column":57}},"19":{"start":{"line":25,"column":21},"end":{"line":189,"column":1}},"20":{"start":{"line":26,"column":2},"end":{"line":188,"column":3}},"21":{"start":{"line":27,"column":26},"end":{"line":27,"column":36}},"22":{"start":{"line":28,"column":19},"end":{"line":28,"column":29}},"23":{"start":{"line":31,"column":21},"end":{"line":35,"column":6}},"24":{"start":{"line":37,"column":4},"end":{"line":42,"column":5}},"25":{"start":{"line":38,"column":6},"end":{"line":41,"column":9}},"26":{"start":{"line":45,"column":20},"end":{"line":45,"column":53}},"27":{"start":{"line":47,"column":4},"end":{"line":52,"column":5}},"28":{"start":{"line":48,"column":6},"end":{"line":51,"column":9}},"29":{"start":{"line":55,"column":4},"end":{"line":60,"column":5}},"30":{"start":{"line":56,"column":6},"end":{"line":59,"column":9}},"31":{"start":{"line":63,"column":22},"end":{"line":66,"column":5}},"32":{"start":{"line":69,"column":4},"end":{"line":71,"column":5}},"33":{"start":{"line":70,"column":6},"end":{"line":70,"column":39}},"34":{"start":{"line":73,"column":25},"end":{"line":73,"column":79}},"35":{"start":{"line":73,"column":56},"end":{"line":73,"column":78}},"36":{"start":{"line":74,"column":23},"end":{"line":76,"column":10}},"37":{"start":{"line":77,"column":22},"end":{"line":77,"column":23}},"38":{"start":{"line":78,"column":27},"end":{"line":81,"column":5}},"39":{"start":{"line":79,"column":6},"end":{"line":79,"column":49}},"40":{"start":{"line":79,"column":33},"end":{"line":79,"column":49}},"41":{"start":{"line":80,"column":6},"end":{"line":80,"column":50}},"42":{"start":{"line":84,"column":22},"end":{"line":84,"column":84}},"43":{"start":{"line":85,"column":22},"end":{"line":85,"column":47}},"44":{"start":{"line":87,"column":25},"end":{"line":108,"column":5}},"45":{"start":{"line":111,"column":4},"end":{"line":122,"column":5}},"46":{"start":{"line":112,"column":6},"end":{"line":121,"column":9}},"47":{"start":{"line":124,"column":4},"end":{"line":124,"column":47}},"48":{"start":{"line":127,"column":35},"end":{"line":127,"column":59}},"49":{"start":{"line":128,"column":4},"end":{"line":130,"column":7}},"50":{"start":{"line":133,"column":4},"end":{"line":133,"column":53}},"51":{"start":{"line":134,"column":4},"end":{"line":134,"column":41}},"52":{"start":{"line":135,"column":4},"end":{"line":135,"column":26}},"53":{"start":{"line":137,"column":23},"end":{"line":137,"column":70}},"54":{"start":{"line":139,"column":25},"end":{"line":157,"column":5}},"55":{"start":{"line":160,"column":4},"end":{"line":166,"column":5}},"56":{"start":{"line":161,"column":6},"end":{"line":165,"column":8}},"57":{"start":{"line":168,"column":4},"end":{"line":174,"column":5}},"58":{"start":{"line":169,"column":6},"end":{"line":173,"column":8}},"59":{"start":{"line":176,"column":4},"end":{"line":180,"column":7}},"60":{"start":{"line":182,"column":4},"end":{"line":182,"column":50}},"61":{"start":{"line":183,"column":4},"end":{"line":187,"column":7}},"62":{"start":{"line":196,"column":22},"end":{"line":237,"column":1}},"63":{"start":{"line":197,"column":2},"end":{"line":236,"column":3}},"64":{"start":{"line":198,"column":26},"end":{"line":198,"column":36}},"65":{"start":{"line":200,"column":20},"end":{"line":204,"column":6}},"66":{"start":{"line":206,"column":4},"end":{"line":211,"column":5}},"67":{"start":{"line":207,"column":6},"end":{"line":210,"column":9}},"68":{"start":{"line":213,"column":4},"end":{"line":218,"column":5}},"69":{"start":{"line":214,"column":6},"end":{"line":217,"column":9}},"70":{"start":{"line":220,"column":23},"end":{"line":220,"column":78}},"71":{"start":{"line":222,"column":4},"end":{"line":228,"column":7}},"72":{"start":{"line":230,"column":4},"end":{"line":230,"column":51}},"73":{"start":{"line":231,"column":4},"end":{"line":235,"column":7}},"74":{"start":{"line":244,"column":27},"end":{"line":274,"column":1}},"75":{"start":{"line":245,"column":2},"end":{"line":273,"column":3}},"76":{"start":{"line":246,"column":37},"end":{"line":246,"column":46}},"77":{"start":{"line":247,"column":17},"end":{"line":247,"column":35}},"78":{"start":{"line":249,"column":17},"end":{"line":253,"column":29}},"79":{"start":{"line":255,"column":18},"end":{"line":255,"column":74}},"80":{"start":{"line":257,"column":4},"end":{"line":265,"column":7}},"81":{"start":{"line":267,"column":4},"end":{"line":267,"column":56}},"82":{"start":{"line":268,"column":4},"end":{"line":272,"column":7}},"83":{"start":{"line":276,"column":0},"end":{"line":280,"column":2}}},"fnMap":{"0":{"name":"(anonymous_0)","decl":{"start":{"line":7,"column":20},"end":{"line":7,"column":21}},"loc":{"start":{"line":7,"column":34},"end":{"line":7,"column":69}},"line":7},"1":{"name":"(anonymous_1)","decl":{"start":{"line":8,"column":26},"end":{"line":8,"column":27}},"loc":{"start":{"line":8,"column":40},"end":{"line":12,"column":1}},"line":8},"2":{"name":"(anonymous_2)","decl":{"start":{"line":14,"column":33},"end":{"line":14,"column":34}},"loc":{"start":{"line":14,"column":53},"end":{"line":18,"column":1}},"line":14},"3":{"name":"(anonymous_3)","decl":{"start":{"line":25,"column":21},"end":{"line":25,"column":22}},"loc":{"start":{"line":25,"column":41},"end":{"line":189,"column":1}},"line":25},"4":{"name":"(anonymous_4)","decl":{"start":{"line":73,"column":42},"end":{"line":73,"column":43}},"loc":{"start":{"line":73,"column":56},"end":{"line":73,"column":78}},"line":73},"5":{"name":"(anonymous_5)","decl":{"start":{"line":78,"column":27},"end":{"line":78,"column":28}},"loc":{"start":{"line":78,"column":41},"end":{"line":81,"column":5}},"line":78},"6":{"name":"(anonymous_6)","decl":{"start":{"line":196,"column":22},"end":{"line":196,"column":23}},"loc":{"start":{"line":196,"column":42},"end":{"line":237,"column":1}},"line":196},"7":{"name":"(anonymous_7)","decl":{"start":{"line":244,"column":27},"end":{"line":244,"column":28}},"loc":{"start":{"line":244,"column":47},"end":{"line":274,"column":1}},"line":244}},"branchMap":{"0":{"loc":{"start":{"line":7,"column":54},"end":{"line":7,"column":68}},"type":"binary-expr","locations":[{"start":{"line":7,"column":54},"end":{"line":7,"column":62}},{"start":{"line":7,"column":66},"end":{"line":7,"column":68}}],"line":7},"1":{"loc":{"start":{"line":9,"column":2},"end":{"line":9,"column":29}},"type":"if","locations":[{"start":{"line":9,"column":2},"end":{"line":9,"column":29}},{"start":{},"end":{}}],"line":9},"2":{"loc":{"start":{"line":10,"column":2},"end":{"line":10,"column":45}},"type":"if","locations":[{"start":{"line":10,"column":2},"end":{"line":10,"column":45}},{"start":{},"end":{}}],"line":10},"3":{"loc":{"start":{"line":15,"column":2},"end":{"line":15,"column":29}},"type":"if","locations":[{"start":{"line":15,"column":2},"end":{"line":15,"column":29}},{"start":{},"end":{}}],"line":15},"4":{"loc":{"start":{"line":16,"column":2},"end":{"line":16,"column":45}},"type":"if","locations":[{"start":{"line":16,"column":2},"end":{"line":16,"column":45}},{"start":{},"end":{}}],"line":16},"5":{"loc":{"start":{"line":37,"column":4},"end":{"line":42,"column":5}},"type":"if","locations":[{"start":{"line":37,"column":4},"end":{"line":42,"column":5}},{"start":{},"end":{}}],"line":37},"6":{"loc":{"start":{"line":47,"column":4},"end":{"line":52,"column":5}},"type":"if","locations":[{"start":{"line":47,"column":4},"end":{"line":52,"column":5}},{"start":{},"end":{}}],"line":47},"7":{"loc":{"start":{"line":55,"column":4},"end":{"line":60,"column":5}},"type":"if","locations":[{"start":{"line":55,"column":4},"end":{"line":60,"column":5}},{"start":{},"end":{}}],"line":55},"8":{"loc":{"start":{"line":55,"column":8},"end":{"line":55,"column":50}},"type":"binary-expr","locations":[{"start":{"line":55,"column":8},"end":{"line":55,"column":30}},{"start":{"line":55,"column":34},"end":{"line":55,"column":50}}],"line":55},"9":{"loc":{"start":{"line":69,"column":4},"end":{"line":71,"column":5}},"type":"if","locations":[{"start":{"line":69,"column":4},"end":{"line":71,"column":5}},{"start":{},"end":{}}],"line":69},"10":{"loc":{"start":{"line":74,"column":23},"end":{"line":76,"column":10}},"type":"cond-expr","locations":[{"start":{"line":75,"column":8},"end":{"line":75,"column":79}},{"start":{"line":76,"column":8},"end":{"line":76,"column":10}}],"line":74},"11":{"loc":{"start":{"line":79,"column":6},"end":{"line":79,"column":49}},"type":"if","locations":[{"start":{"line":79,"column":6},"end":{"line":79,"column":49}},{"start":{},"end":{}}],"line":79},"12":{"loc":{"start":{"line":84,"column":22},"end":{"line":84,"column":84}},"type":"binary-expr","locations":[{"start":{"line":84,"column":22},"end":{"line":84,"column":52}},{"start":{"line":84,"column":56},"end":{"line":84,"column":84}}],"line":84},"13":{"loc":{"start":{"line":111,"column":4},"end":{"line":122,"column":5}},"type":"if","location
[...]
d":{"line":119,"column":1}},"line":114},"3":{"name":"(anonymous_3)","decl":{"start":{"line":124,"column":23},"end":{"line":124,"column":24}},"loc":{"start":{"line":124,"column":34},"end":{"line":132,"column":1}},"line":124},"4":{"name":"(anonymous_4)","decl":{"start":{"line":137,"column":22},"end":{"line":137,"column":23}},"loc":{"start":{"line":137,"column":33},"end":{"line":143,"column":1}},"line":137},"5":{"name":"(anonymous_5)","decl":{"start":{"line":148,"column":30},"end":{"line":148,"column":31}},"loc":{"start":{"line":148,"column":54},"end":{"line":159,"column":1}},"line":148},"6":{"name":"(anonymous_6)","decl":{"start":{"line":164,"column":14},"end":{"line":164,"column":15}},"loc":{"start":{"line":164,"column":22},"end":{"line":164,"column":69}},"line":164},"7":{"name":"(anonymous_7)","decl":{"start":{"line":164,"column":34},"end":{"line":164,"column":35}},"loc":{"start":{"line":164,"column":45},"end":{"line":164,"column":68}},"line":164},"8":{"name":"(anonymous_8)","decl":{"start":{"line":169,"column":23},"end":{"line":169,"column":24}},"loc":{"start":{"line":169,"column":52},"end":{"line":171,"column":1}},"line":169},"9":{"name":"(anonymous_9)","decl":{"start":{"line":176,"column":27},"end":{"line":176,"column":28}},"loc":{"start":{"line":176,"column":49},"end":{"line":178,"column":1}},"line":176},"10":{"name":"(anonymous_10)","decl":{"start":{"line":183,"column":25},"end":{"line":183,"column":26}},"loc":{"start":{"line":183,"column":39},"end":{"line":185,"column":1}},"line":183},"11":{"name":"(anonymous_11)","decl":{"start":{"line":190,"column":24},"end":{"line":190,"column":25}},"loc":{"start":{"line":190,"column":57},"end":{"line":193,"column":1}},"line":190},"12":{"name":"(anonymous_12)","decl":{"start":{"line":198,"column":18},"end":{"line":198,"column":19}},"loc":{"start":{"line":198,"column":29},"end":{"line":203,"column":1}},"line":198},"13":{"name":"(anonymous_13)","decl":{"start":{"line":209,"column":30},"end":{"line":209,"column":31}},"loc":{"start":{"line":209,"column":52},"end":{"line":211,"column":1}},"line":209},"14":{"name":"(anonymous_14)","decl":{"start":{"line":216,"column":23},"end":{"line":216,"column":24}},"loc":{"start":{"line":216,"column":35},"end":{"line":221,"column":1}},"line":216},"15":{"name":"(anonymous_15)","decl":{"start":{"line":226,"column":18},"end":{"line":226,"column":19}},"loc":{"start":{"line":226,"column":28},"end":{"line":228,"column":1}},"line":226},"16":{"name":"(anonymous_16)","decl":{"start":{"line":233,"column":21},"end":{"line":233,"column":22}},"loc":{"start":{"line":233,"column":43},"end":{"line":255,"column":1}},"line":233},"17":{"name":"(anonymous_17)","decl":{"start":{"line":271,"column":30},"end":{"line":271,"column":31}},"loc":{"start":{"line":271,"column":70},"end":{"line":284,"column":1}},"line":271}},"branchMap":{"0":{"loc":{"start":{"line":19,"column":38},"end":{"line":19,"column":47}},"type":"default-arg","locations":[{"start":{"line":19,"column":45},"end":{"line":19,"column":47}}],"line":19},"1":{"loc":{"start":{"line":40,"column":27},"end":{"line":40,"column":112}},"type":"binary-expr","locations":[{"start":{"line":40,"column":27},"end":{"line":40,"column":60}},{"start":{"line":40,"column":64},"end":{"line":40,"column":82}},{"start":{"line":40,"column":86},"end":{"line":40,"column":112}}],"line":40},"2":{"loc":{"start":{"line":42,"column":2},"end":{"line":51,"column":3}},"type":"if","locations":[{"start":{"line":42,"column":2},"end":{"line":51,"column":3}},{"start":{"line":47,"column":9},"end":{"line":51,"column":3}}],"line":42},"3":{"loc":{"start":{"line":47,"column":9},"end":{"line":51,"column":3}},"type":"if","locations":[{"start":{"line":47,"column":9},"end":{"line":51,"column":3}},{"start":{},"end":{}}],"line":47},"4":{"loc":{"start":{"line":47,"column":13},"end":{"line":47,"column":68}},"type":"binary-expr","locations":[{"start":{"line":47,"column":13},"end":{"line":47,"column":46}},{"start":{"line":47,"column":50},"end":{"line":47,"column":68}}],"line":47},"5":{"loc":{"start":{"line":58,"column":19},"end":{"line":58,"column":80}},"type":"cond-expr","locations":[{"start":{"line":58,"column":55},"end":{"line":58,"column":68}},{"start":{"line":58,"column":71},"end":{"line":58,"column":80}}],"line":58},"6":{"loc":{"start":{"line":68,"column":29},"end":{"line":68,"column":64}},"type":"binary-expr","locations":[{"start":{"line":68,"column":29},"end":{"line":68,"column":59}},{"start":{"line":68,"column":63},"end":{"line":68,"column":64}}],"line":68},"7":{"loc":{"start":{"line":71,"column":5},"end":{"line":71,"column":33}},"type":"binary-expr","locations":[{"start":{"line":71,"column":5},"end":{"line":71,"column":28}},{"start":{"line":71,"column":32},"end":{"line":71,"column":33}}],"line":71},"8":{"loc":{"start":{"line":71,"column":59},"end":{"line":71,"column":87}},"type":"binary-expr","locations":[{"start":{"line":71,"column":59},"end":{"line":71,"column":82}},{"start":{"line":71,"column":86},"end":{"line":71,"column":87}}],"line":71},"9":{"loc":{"start":{"line":73,"column":28},"end":{"line":73,"column":54}},"type":"binary-expr","locations":[{"start":{"line":73,"column":28},"end":{"line":73,"column":49}},{"start":{"line":73,"column":53},"end":{"line":73,"column":54}}],"line":73},"10":{"loc":{"start":{"line":75,"column":2},"end":{"line":84,"column":3}},"type":"if","locations":[{"start":{"line":75,"column":2},"end":{"line":84,"column":3}},{"start":{},"end":{}}],"line":75},"11":{"loc":{"start":{"line":88,"column":2},"end":{"line":92,"column":3}},"type":"if","locations":[{"start":{"line":88,"column":2},"end":{"line":92,"column":3}},{"start":{"line":90,"column":9},"end":{"line":92,"column":3}}],"line":88},"12":{"loc":{"start":{"line":90,"column":9},"end":{"line":92,"column":3}},"type":"if","locations":[{"start":{"line":90,"column":9},"end":{"line":92,"column":3}},{"start":{},"end":{}}],"line":90},"13":{"loc":{"start":{"line":114,"column":40},"end":{"line":114,"column":51}},"type":"default-arg","locations":[{"start":{"line":114,"column":49},"end":{"line":114,"column":51}}],"line":114},"14":{"loc":{"start":{"line":125,"column":2},"end":{"line":125,"column":36}},"type":"if","locations":[{"start":{"line":125,"column":2},"end":{"line":125,"column":36}},{"start":{},"end":{}}],"line":125},"15":{"loc":{"start":{"line":138,"column":2},"end":{"line":138,"column":46}},"type":"if","locations":[{"start":{"line":138,"column":2},"end":{"line":138,"column":46}},{"start":{},"end":{}}],"line":138},"16":{"loc":{"start":{"line":233,"column":22},"end":{"line":233,"column":38}},"type":"default-arg","locations":[{"start":{"line":233,"column":31},"end":{"line":233,"column":38}}],"line":233},"17":{"loc":{"start":{"line":237,"column":2},"end":{"line":252,"column":3}},"type":"switch","locations":[{"start":{"line":238,"column":4},"end":{"line":240,"column":12}},{"start":{"line":241,"column":4},"end":{"line":243,"column":12}},{"start":{"line":244,"column":4},"end":{"line":246,"column":12}},{"start":{"line":247,"column":4},"end":{"line":249,"column":12}},{"start":{"line":250,"column":4},"end":{"line":251,"column":61}}],"line":237},"18":{"loc":{"start":{"line":272,"column":2},"end":{"line":272,"column":79}},"type":"if","locations":[{"start":{"line":272,"column":2},"end":{"line":272,"column":79}},{"start":{},"end":{}}],"line":272},"19":{"loc":{"start":{"line":272,"column":6},"end":{"line":272,"column":65}},"type":"binary-expr","locations":[{"start":{"line":272,"column":6},"end":{"line":272,"column":12}},{"start":{"line":272,"column":16},"end":{"line":272,"column":41}},{"start":{"line":272,"column":45},"end":{"line":272,"column":65}}],"line":272},"20":{"loc":{"start":{"line":273,"column":2},"end":{"line":273,"column":42}},"type":"if","locations":[{"start":{"line":273,"column":2},"end":{"line":273,"column":42}},{"start":{},"end":{}}],"line":273},"21":{"loc":{"start":{"line":273,"column":6},"end":{"line":273,"column":28}},"type":"binary-expr","locations":[{"start":{"line":273,"column":6},"end":{"line":273,"column":13}},{"start":{"line":273,"column":17},"end":{"line":273,"column":28}}],"line":273},"22":{"loc":{"start":{"line":277,"column":8},"end":{"line":277,"column":37}},"type":"binary-expr","locations":[{"start":{"line":277,"column":8},"end":{"line":277,"column":17}},{"start":{"line":277,"column":21},"end":{"line":277,"column":37}}],"line":277},"23":{"loc":{"start":{"line":280,"column":9},"end":{"line":280,"column":33}},"type":"binary-expr","locations":[{"start":{"line":280,"column":9},"end":{"line":280,"column":13}},{"start":{"line":280,"column":17},"end":{"line":280,"column":33}}],"line":280}},"s":{"0":6,"1":6,"2":6,"3":6,"4":6,"5":6,"6":6,"7":6,"8":6,"9":6,"10":6,"11":6,"12":6,"13":1,"14":1,"15":1,"16":5,"17":1,"18":6,"19":6,"20":5,"21":5,"22":5,"23":5,"24":1,"25":4,"26":4,"27":1,"28":3,"29":3,"30":4,"31":4,"32":4,"33":4,"34":4,"35":6,"36":0,"37":0,"38":0,"39":0,"40":6,"41":5,"42":1,"43":4,"44":4,"45":4,"46":4,"47":6,"48":4,"49":2,"50":2,"51":6,"52":13,"53":13,"54":6,"55":0,"56":0,"57":6,"58":2,"59":6,"60":0,"61":6,"62":3,"63":6,"64":2,"65":2,"66":6,"67":6,"68":6,"69":0,"70":6,"71":0,"72":6,"73":2,"74":6,"75":0,"76":0,"77":0,"78":0,"79":0,"80":0,"81":0,"82":0,"83":0,"84":0,"85":0,"86":0,"87":6,"88":7,"89":2,"90":5,"91":3,"92":2,"93":2,"94":6},"f":{"0":6,"1":5,"2":0,"3":5,"4":4,"5":13,"6":0,"7":0,"8":2,"9":0,"10":3,"11":2,"12":6,"13":0,"14":0,"15":2,"16":0,"17":7},"b":{"0":[4],"1":[6,2,2],"2":[1,5],"3":[1,4],"4":[5,1],"5":[2,4],"6":[5,5],"7":[5,0],"8":[5,0],"9":[5,0],"10":[1,4],"11":[1,3],"12":[3,0],"13":[0],"14":[1,4],"15":[2,2],"16":[0],"17":[0,0,0,0,0],"18":[2,5],"19":[7,6,6],"20":[3,2],"21":[5,3],"22":[2,1],"23":[2,0]},"_coverageSchema":"1a1c01bbd47fc00a2c39e90264f33305004495a9","hash":"1121e521b3641ed1a8ee97ce8ce9c522a76d602a"}
,"/home/claude/devdrop/DevDrop-main/backend/src/shared/utils/jwt.js": {"path":"/home/claude/devdrop/DevDrop-main/backend/src/shared/utils/jwt.js","statementMap":{"0":{"start":{"line":1,"column":12},"end":{"line":1,"column":35}},"1":{"start":{"line":6,"column":28},"end":{"line":12,"column":1}},"2":{"start":{"line":7,"column":2},"end":{"line":11,"column":4}},"3":{"start":{"line":17,"column":29},"end":{"line":23,"column":1}},"4":{"start":{"line":18,"column":2},"end":{"line":22,"column":4}},"5":{"start":{"line":28,"column":26},"end":{"line":34,"column":1}},"6":{"start":{"line":29,"column":2},"end":{"line":33,"column":3}},"7":{"start":{"line":30,"column":4},"end":{"line":30,"column":53}},"8":{"start":{"line":32,"column":4},"end":{"line":32,"column":48}},"9":{"start":{"line":39,"column":27},"end":{"line":45,"column":1}},"10":{"start":{"line":40,"column":2},"end":{"line":44,"column":3}},"11":{"start":{"line":41,"column":4},"end":{"line":41,"column":61}},"12":{"start":{"line":43,"column":4},"end":{"line":43,"column":56}},"13":{"start":{"line":47,"column":0},"end":{"line":52,"column":2}}},"fnMap":{"0":{"name":"(anonymous_0)","decl":{"start":{"line":6,"column":28},"end":{"line":6,"column":29}},"loc":{"start":{"line":6,"column":40},"end":{"line":12,"column":1}},"line":6},"1":{"name":"(anonymous_1)","decl":{"start":{"line":17,"column":29},"end":{"line":17,"column":30}},"loc":{"start":{"line":17,"column":41},"end":{"line":23,"column":1}},"line":17},"2":{"name":"(anonymous_2)","decl":{"start":{"line":28,"column":26},"end":{"line":28,"column":27}},"loc":{"start":{"line":28,"column":37},"end":{"line":34,"column":1}},"line":28},"3":{"name":"(anonymous_3)","decl":{"start":{"line":39,"column":27},"end":{"line":39,"column":28}},"loc":{"start":{"line":39,"column":38},"end":{"line":45,"column":1}},"line":39}},"branchMap":{"0":{"loc":{"start":{"line":10,"column":17},"end":{"line":10,"column":47}},"type":"binary-expr","locations":[{"start":{"line":10,"column":17},"end":{"line":10,"column":39}},{"start":{"line":10,"column":43},"end":{"line":10,"column":47}}],"line":10},"1":{"loc":{"start":{"line":21,"column":17},"end":{"line":21,"column":56}},"type":"binary-expr","locations":[{"start":{"line":21,"column":17},"end":{"line":21,"column":47}},{"start":{"line":21,"column":51},"end":{"line":21,"column":56}}],"line":21}},"s":{"0":3,"1":3,"2":10,"3":3,"4":1,"5":3,"6":4,"7":4,"8":3,"9":3,"10":2,"11":2,"12":1,"13":3},"f":{"0":10,"1":1,"2":4,"3":2},"b":{"0":[10,0],"1":[1,0]},"_coverageSchema":"1a1c01bbd47fc00a2c39e90264f33305004495a9","hash":"b828294042030f2fdac636cba096ecb642cc5291"}
,"/home/claude/devdrop/DevDrop-main/backend/src/shared/utils/logger.js": {"path":"/home/claude/devdrop/DevDrop-main/backend/src/shared/utils/logger.js","statementMap":{"0":{"start":{"line":1,"column":16},"end":{"line":1,"column":34}},"1":{"start":{"line":2,"column":13},"end":{"line":2,"column":28}},"2":{"start":{"line":5,"column":18},"end":{"line":10,"column":1}},"3":{"start":{"line":13,"column":15},"end":{"line":45,"column":2}},"4":{"start":{"line":23,"column":10},"end":{"line":25,"column":13}},"5":{"start":{"line":48,"column":11},"end":{"line":48,"column":24}},"6":{"start":{"line":49,"column":16},"end":{"line":49,"column":50}},"7":{"start":{"line":50,"column":0},"end":{"line":52,"column":1}},"8":{"start":{"line":51,"column":2},"end":{"line":51,"column":45}},"9":{"start":{"line":54,"column":0},"end":{"line":54,"column":24}}},"fnMap":{"0":{"name":"(anonymous_0)","decl":{"start":{"line":22,"column":30},"end":{"line":22,"column":31}},"loc":{"start":{"line":22,"column":74},"end":{"line":26,"column":9}},"line":22}},"branchMap":{"0":{"loc":{"start":{"line":14,"column":9},"end":{"line":14,"column":65}},"type":"cond-expr","locations":[{"start":{"line":14,"column":49},"end":{"line":14,"column":55}},{"start":{"line":14,"column":58},"end":{"line":14,"column":65}}],"line":14},"1":{"loc":{"start":{"line":24,"column":12},"end":{"line":24,"column":73}},"type":"cond-expr","locations":[{"start":{"line":24,"column":39},"end":{"line":24,"column":68}},{"start":{"line":24,"column":71},"end":{"line":24,"column":73}}],"line":24},"2":{"loc":{"start":{"line":50,"column":0},"end":{"line":52,"column":1}},"type":"if","locations":[{"start":{"line":50,"column":0},"end":{"line":52,"column":1}},{"start":{},"end":{}}],"line":50}},"s":{"0":0,"1":0,"2":0,"3":0,"4":0,"5":0,"6":0,"7":0,"8":0,"9":0},"f":{"0":0},"b":{"0":[0,0],"1":[0,0],"2":[0,0]}}
,"/home/claude/devdrop/DevDrop-main/backend/src/shared/utils/validators.js": {"path":"/home/claude/devdrop/DevDrop-main/backend/src/shared/utils/validators.js","statementMap":{"0":{"start":{"line":1,"column":49},"end":{"line":1,"column":77}},"1":{"start":{"line":6,"column":31},"end":{"line":21,"column":1}},"2":{"start":{"line":7,"column":17},"end":{"line":7,"column":38}},"3":{"start":{"line":9,"column":2},"end":{"line":18,"column":3}},"4":{"start":{"line":10,"column":4},"end":{"line":17,"column":7}},"5":{"start":{"line":13,"column":41},"end":{"line":16,"column":7}},"6":{"start":{"line":20,"column":2},"end":{"line":20,"column":9}},"7":{"start":{"line":26,"column":19},"end":{"line":121,"column":1}},"8":{"start":{"line":28,"column":4},"end":{"line":31,"column":63}},"9":{"start":{"line":34,"column":4},"end":{"line":37,"column":66}},"10":{"start":{"line":41,"column":4},"end":{"line":44,"column":50}},"11":{"start":{"line":48,"column":4},"end":{"line":50,"column":65}},"12":{"start":{"line":54,"column":4},"end":{"line":56,"column":39}},"13":{"start":{"line":60,"column":4},"end":{"line":63,"column":59}},"14":{"start":{"line":67,"column":4},"end":{"line":70,"column":60}},"15":{"start":{"line":74,"column":4},"end":{"line":76,"column":63}},"16":{"start":{"line":80,"column":4},"end":{"line":82,"column":53}},"17":{"start":{"line":86,"column":4},"end":{"line":88,"column":48}},"18":{"start":{"line":92,"column":4},"end":{"line":95,"column":55}},"19":{"start":{"line":99,"column":4},"end":{"line":102,"column":44}},"20":{"start":{"line":106,"column":4},"end":{"line":108,"column":46}},"21":{"start":{"line":111,"column":20},"end":{"line":120,"column":3}},"22":{"start":{"line":123,"column":0},"end":{"line":126,"column":2}}},"fnMap":{"0":{"name":"(anonymous_0)","decl":{"start":{"line":6,"column":31},"end":{"line":6,"column":32}},"loc":{"start":{"line":6,"column":51},"end":{"line":21,"column":1}},"line":6},"1":{"name":"(anonymous_1)","decl":{"start":{"line":13,"column":33},"end":{"line":13,"column":34}},"loc":{"start":{"line":13,"column":41},"end":{"line":16,"column":7}},"line":13},"2":{"name":"(anonymous_2)","decl":{"start":{"line":27,"column":8},"end":{"line":27,"column":9}},"loc":{"start":{"line":28,"column":4},"end":{"line":31,"column":63}},"line":28},"3":{"name":"(anonymous_3)","decl":{"start":{"line":33,"column":9},"end":{"line":33,"column":10}},"loc":{"start":{"line":34,"column":4},"end":{"line":37,"column":66}},"line":34},"4":{"name":"(anonymous_4)","decl":{"start":{"line":40,"column":9},"end":{"line":40,"column":10}},"loc":{"start":{"line":41,"column":4},"end":{"line":44,"column":50}},"line":41},"5":{"name":"(anonymous_5)","decl":{"start":{"line":47,"column":12},"end":{"line":47,"column":13}},"loc":{"start":{"line":48,"column":4},"end":{"line":50,"column":65}},"line":48},"6":{"name":"(anonymous_6)","decl":{"start":{"line":53,"column":11},"end":{"line":53,"column":12}},"loc":{"start":{"line":54,"column":4},"end":{"line":56,"column":39}},"line":54},"7":{"name":"(anonymous_7)","decl":{"start":{"line":59,"column":15},"end":{"line":59,"column":16}},"loc":{"start":{"line":60,"column":4},"end":{"line":63,"column":59}},"line":60},"8":{"name":"(anonymous_8)","decl":{"start":{"line":66,"column":15},"end":{"line":66,"column":16}},"loc":{"start":{"line":67,"column":4},"end":{"line":70,"column":60}},"line":67},"9":{"name":"(anonymous_9)","decl":{"start":{"line":73,"column":12},"end":{"line":73,"column":13}},"loc":{"start":{"line":74,"column":4},"end":{"line":76,"column":63}},"line":74},"10":{"name":"(anonymous_10)","decl":{"start":{"line":79,"column":9},"end":{"line":79,"column":10}},"loc":{"start":{"line":80,"column":4},"end":{"line":82,"column":53}},"line":80},"11":{"name":"(anonymous_11)","decl":{"start":{"line":85,"column":7},"end":{"line":85,"column":8}},"loc":{"start":{"line":86,"column":4},"end":{"line":88,"column":48}},"line":86},"12":{"name":"(anonymous_12)","decl":{"start":{"line":91,"column":13},"end":{"line":91,"column":14}},"loc":{"start":{"line":92,"column":4},"end":{"line":95,"column":55}},"line":92},"13":{"name":"(anonymous_13)","decl":{"start":{"line":98,"column":17},"end":{"line":98,"column":18}},"loc":{"start":{"line":99,"column":4},"end":{"line":102,"column":44}},"line":99},"14":{"name":"(anonymous_14)","decl":{"start":{"line":105,"column":12},"end":{"line":105,"column":13}},"loc":{"start":{"line":106,"column":4},"end":{"line":108,"column":46}},"line":106},"15":{"name":"(anonymous_15)","decl":{"start":{"line":111,"column":14},"end":{"line":111,"column":15}},"loc":{"start":{"line":111,"column":20},"end":{"line":120,"column":3}},"line":111}},"branchMap":{"0":{"loc":{"start":{"line":9,"column":2},"end":{"line":18,"column":3}},"type":"if","locations":[{"start":{"line":9,"column":2},"end":{"line":18,"column":3}},{"start":{},"end":{}}],"line":9},"1":{"loc":{"start":{"line":53,"column":12},"end":{"line":53,"column":24}},"type":"default-arg","locations":[{"start":{"line":53,"column":20},"end":{"line":53,"column":24}}],"line":53},"2":{"loc":{"start":{"line":85,"column":8},"end":{"line":85,"column":21}},"type":"default-arg","locations":[{"start":{"line":85,"column":16},"end":{"line":85,"column":21}}],"line":85},"3":{"loc":{"start":{"line":91,"column":14},"end":{"line":91,"column":33}},"type":"default-arg","locations":[{"start":{"line":91,"column":22},"end":{"line":91,"column":33}}],"line":91}},"s":{"0":4,"1":4,"2":58,"3":58,"4":25,"5":30,"6":33,"7":4,"8":2,"9":1,"10":6,"11":8,"12":1,"13":0,"14":0,"15":1,"16":1,"17":0,"18":1,"19":0,"20":1,"21":1,"22":4},"f":{"0":58,"1":30,"2":2,"3":1,"4":6,"5":8,"6":1,"7":0,"8":0,"9":1,"10":1,"11":0,"12":1,"13":0,"14":1,"15":1},"b":{"0":[25,33],"1":[0],"2":[0],"3":[1]},"_coverageSchema":"1a1c01bbd47fc00a2c39e90264f33305004495a9","hash":"88d396f53800e13ae242b1add6afaabf15c187fb"}
}
