TN:
SF:src/app.js
FN:44,(anonymous_0)
FN:60,(anonymous_1)
FN:68,(anonymous_2)
FN:73,(anonymous_3)
FN:93,mainHandler
FNF:5
FNH:0
FNDA:0,(anonymous_0)
FNDA:0,(anonymous_1)
FNDA:0,(anonymous_2)
FNDA:0,(anonymous_3)
FNDA:0,mainHandler
DA:1,0
DA:2,0
DA:3,0
DA:4,0
DA:5,0
DA:6,0
DA:7,0
DA:8,0
DA:9,0
DA:11,0
DA:12,0
DA:22,0
DA:26,0
DA:29,0
DA:44,0
DA:45,0
DA:46,0
DA:48,0
DA:54,0
DA:57,0
DA:60,0
DA:61,0
DA:62,0
DA:65,0
DA:66,0
DA:67,0
DA:68,0
DA:70,0
DA:73,0
DA:76,0
DA:77,0
DA:78,0
DA:79,0
DA:80,0
DA:81,0
DA:82,0
DA:83,0
DA:84,0
DA:85,0
DA:86,0
DA:87,0
DA:88,0
DA:89,0
DA:90,0
DA:93,0
DA:94,0
DA:97,0
DA:99,0
DA:100,0
DA:103,0
DA:105,0
LF:51
LH:0
BRDA:11,0,0,0
BRDA:11,0,1,0
BRDA:61,1,0,0
BRDA:61,1,1,0
BRDA:67,2,0,0
BRDA:67,2,1,0
BRDA:99,3,0,0
BRDA:99,3,1,0
BRF:8
BRH:0
end_of_record
TN:
SF:src/modules/admin/admin.controller.js
FN:15,(anonymous_0)
FN:16,(anonymous_1)
FN:18,(anonymous_2)
FN:40,(anonymous_3)
FN:62,(anonymous_4)
FN:100,(anonymous_5)
FN:208,(anonymous_6)
FN:222,(anonymous_7)
FN:254,(anonymous_8)
FN:276,(anonymous_9)
FN:308,(anonymous_10)
FN:330,(anonymous_11)
FN:503,(anonymous_12)
FN:525,(anonymous_13)
FN:622,(anonymous_14)
FN:674,(anonymous_15)
FN:745,(anonymous_16)
FN:788,(anonymous_17)
FN:806,(anonymous_18)
FN:837,(anonymous_19)
FNF:20
FNH:0
FNDA:0,(anonymous_0)
FNDA:0,(anonymous_1)
FNDA:0,(anonymous_2)
FNDA:0,(anonymous_3)
FNDA:0,(anonymous_4)
FNDA:0,(anonymous_5)
FNDA:0,(anonymous_6)
FNDA:0,(anonymous_7)
FNDA:0,(anonymous_8)
FNDA:0,(anonymous_9)
FNDA:0,(anonymous_10)
FNDA:0,(anonymous_11)
FNDA:0,(anonymous_12)
FNDA:0,(anonymous_13)
FNDA:0,(anonymous_14)
FNDA:0,(anonymous_15)
FNDA:0,(anonymous_16)
FNDA:0,(anonymous_17)
FNDA:0,(anonymous_18)
FNDA:0,(anonymous_19)
DA:1,1
DA:2,1
DA:3,1
DA:4,1
DA:5,1
DA:6,1
DA:7,1
DA:8,1
DA:9,1
DA:10,1
DA:11,1
DA:12,1
DA:13,1
DA:15,1
DA:16,1
DA:18,1
DA:19,0
DA:24,0
DA:26,0
DA:36,0
DA:37,0
DA:40,1
DA:43,0
DA:44,0
DA:46,0
DA:47,0
DA:50,0
DA:51,0
DA:54,0
DA:62,1
DA:63,0
DA:64,0
DA:65,0
DA:67,0
DA:68,0
DA:69,0
DA:72,0
DA:78,0
DA:80,0
DA:86,0
DA:87,0
DA:100,1
DA:101,0
DA:102,0
DA:103,0
DA:104,0
DA:105,0
DA:107,0
DA:108,0
DA:109,0
DA:111,0
DA:115,0
DA:116,0
DA:119,0
DA:120,0
DA:123,0
DA:124,0
DA:127,0
DA:131,0
DA:132,0
DA:135,0
DA:136,0
DA:139,0
DA:140,0
DA:143,0
DA:144,0
DA:147,0
DA:148,0
DA:151,0
DA:152,0
DA:156,0
DA:157,0
DA:159,0
DA:160,0
DA:163,0
DA:164,0
DA:166,0
DA:167,0
DA:170,0
DA:171,0
DA:172,0
DA:173,0
DA:174,0
DA:175,0
DA:176,0
DA:177,0
DA:180,0
DA:181,0
DA:182,0
DA:183,0
DA:184,0
DA:186,0
DA:187,0
DA:189,0
DA:195,0
DA:196,0
DA:198,0
DA:200,0
DA:201,0
DA:202,0
DA:203,0
DA:207,0
DA:208,0
DA:210,0
DA:212,0
DA:213,0
DA:222,1
DA:223,0
DA:224,0
DA:225,0
DA:227,0
DA:228,0
DA:234,0
DA:236,0
DA:237,0
DA:244,0
DA:245,0
DA:246,0
DA:249,0
DA:254,0
DA:256,0
DA:262,0
DA:263,0
DA:276,1
DA:277,0
DA:278,0
DA:279,0
DA:281,0
DA:282,0
DA:288,0
DA:290,0
DA:291,0
DA:298,0
DA:299,0
DA:300,0
DA:303,0
DA:308,0
DA:310,0
DA:316,0
DA:317,0
DA:330,1
DA:331,0
DA:332,0
DA:333,0
DA:343,0
DA:345,0
DA:346,0
DA:347,0
DA:348,0
DA:350,0
DA:354,0
DA:355,0
DA:358,0
DA:359,0
DA:362,0
DA:364,0
DA:365,0
DA:371,0
DA:372,0
DA:373,0
DA:375,0
DA:376,0
DA:382,0
DA:383,0
DA:389,0
DA:390,0
DA:396,0
DA:397,0
DA:403,0
DA:404,0
DA:413,0
DA:415,0
DA:418,0
DA:421,0
DA:422,0
DA:426,0
DA:427,0
DA:430,0
DA:431,0
DA:439,0
DA:440,0
DA:442,0
DA:443,0
DA:445,0
DA:446,0
DA:448,0
DA:449,0
DA:451,0
DA:452,0
DA:455,0
DA:456,0
DA:457,0
DA:458,0
DA:460,0
DA:461,0
DA:464,0
DA:465,0
DA:467,0
DA:470,0
DA:471,0
DA:472,0
DA:473,0
DA:474,0
DA:477,0
DA:485,0
DA:486,0
DA:488,0
DA:491,0
DA:492,0
DA:493,0
DA:494,0
DA:499,0
DA:503,0
DA:505,0
DA:511,0
DA:512,0
DA:525,1
DA:526,0
DA:527,0
DA:529,0
DA:531,0
DA:532,0
DA:538,0
DA:539,0
DA:545,0
DA:547,0
DA:548,0
DA:549,0
DA:550,0
DA:552,0
DA:553,0
DA:554,0
DA:555,0
DA:563,0
DA:564,0
DA:565,0
DA:566,0
DA:567,0
DA:568,0
DA:569,0
DA:570,0
DA:571,0
DA:572,0
DA:573,0
DA:574,0
DA:575,0
DA:576,0
DA:577,0
DA:580,0
DA:582,0
DA:587,0
DA:589,0
DA:590,0
DA:596,0
DA:599,0
DA:608,0
DA:609,0
DA:622,1
DA:623,0
DA:624,0
DA:626,0
DA:628,0
DA:629,0
DA:636,0
DA:637,0
DA:639,0
DA:644,0
DA:655,0
DA:660,0
DA:661,0
DA:674,1
DA:675,0
DA:677,0
DA:680,0
DA:691,0
DA:706,0
DA:716,0
DA:727,0
DA:733,0
DA:739,0
DA:746,0
DA:747,0
DA:774,0
DA:775,0
DA:788,1
DA:789,0
DA:790,0
DA:791,0
DA:793,0
DA:801,0
DA:806,0
DA:807,0
DA:808,0
DA:814,0
DA:817,0
DA:823,0
DA:824,0
DA:837,1
DA:838,0
DA:839,0
DA:840,0
DA:842,0
DA:843,0
DA:849,0
DA:851,0
DA:852,0
DA:858,0
DA:859,0
DA:866,0
DA:867,0
DA:868,0
DA:869,0
DA:870,0
DA:871,0
DA:872,0
DA:875,0
DA:878,0
DA:879,0
DA:881,0
DA:884,0
DA:890,0
DA:891,0
DA:899,1
LF:323
LH:28
BRDA:15,0,0,0
BRDA:15,0,1,0
BRDA:16,1,0,0
BRDA:16,1,1,0
BRDA:24,2,0,0
BRDA:24,2,1,0
BRDA:46,3,0,0
BRDA:46,3,1,0
BRDA:46,4,0,0
BRDA:46,4,1,0
BRDA:50,5,0,0
BRDA:50,5,1,0
BRDA:50,6,0,0
BRDA:50,6,1,0
BRDA:64,7,0,0
BRDA:64,8,0,0
BRDA:68,9,0,0
BRDA:68,9,1,0
BRDA:68,10,0,0
BRDA:68,10,1,0
BRDA:104,11,0,0
BRDA:104,11,1,0
BRDA:107,12,0,0
BRDA:107,12,1,0
BRDA:107,13,0,0
BRDA:107,13,1,0
BRDA:115,14,0,0
BRDA:115,14,1,0
BRDA:115,15,0,0
BRDA:115,15,1,0
BRDA:119,16,0,0
BRDA:119,16,1,0
BRDA:119,17,0,0
BRDA:119,17,1,0
BRDA:119,17,2,0
BRDA:123,18,0,0
BRDA:123,18,1,0
BRDA:123,19,0,0
BRDA:123,19,1,0
BRDA:123,19,2,0
BRDA:127,20,0,0
BRDA:127,20,1,0
BRDA:131,21,0,0
BRDA:131,21,1,0
BRDA:135,22,0,0
BRDA:135,22,1,0
BRDA:139,23,0,0
BRDA:139,23,1,0
BRDA:139,24,0,0
BRDA:139,24,1,0
BRDA:143,25,0,0
BRDA:143,25,1,0
BRDA:143,26,0,0
BRDA:143,26,1,0
BRDA:143,26,2,0
BRDA:147,27,0,0
BRDA:147,27,1,0
BRDA:147,28,0,0
BRDA:147,28,1,0
BRDA:151,29,0,0
BRDA:151,29,1,0
BRDA:151,30,0,0
BRDA:151,30,1,0
BRDA:166,31,0,0
BRDA:166,31,1,0
BRDA:172,32,0,0
BRDA:172,32,1,0
BRDA:172,32,2,0
BRDA:174,33,0,0
BRDA:174,33,1,0
BRDA:176,34,0,0
BRDA:176,34,1,0
BRDA:176,35,0,0
BRDA:176,35,1,0
BRDA:183,36,0,0
BRDA:183,36,1,0
BRDA:186,37,0,0
BRDA:186,37,1,0
BRDA:192,38,0,0
BRDA:192,38,1,0
BRDA:193,39,0,0
BRDA:193,39,1,0
BRDA:200,40,0,0
BRDA:200,40,1,0
BRDA:202,41,0,0
BRDA:202,41,1,0
BRDA:227,42,0,0
BRDA:227,42,1,0
BRDA:227,43,0,0
BRDA:227,43,1,0
BRDA:236,44,0,0
BRDA:236,44,1,0
BRDA:281,45,0,0
BRDA:281,45,1,0
BRDA:281,46,0,0
BRDA:281,46,1,0
BRDA:290,47,0,0
BRDA:290,47,1,0
BRDA:346,48,0,0
BRDA:346,48,1,0
BRDA:346,49,0,0
BRDA:346,49,1,0
BRDA:354,50,0,0
BRDA:354,50,1,0
BRDA:354,51,0,0
BRDA:354,51,1,0
BRDA:358,52,0,0
BRDA:358,52,1,0
BRDA:358,53,0,0
BRDA:358,53,1,0
BRDA:364,54,0,0
BRDA:364,54,1,0
BRDA:371,55,0,0
BRDA:371,55,1,0
BRDA:372,56,0,0
BRDA:372,56,1,0
BRDA:372,56,2,0
BRDA:373,57,0,0
BRDA:373,57,1,0
BRDA:375,58,0,0
BRDA:375,58,1,0
BRDA:375,59,0,0
BRDA:375,59,1,0
BRDA:382,60,0,0
BRDA:382,60,1,0
BRDA:389,61,0,0
BRDA:389,61,1,0
BRDA:389,62,0,0
BRDA:389,62,1,0
BRDA:396,63,0,0
BRDA:396,63,1,0
BRDA:396,64,0,0
BRDA:396,64,1,0
BRDA:403,65,0,0
BRDA:403,65,1,0
BRDA:403,66,0,0
BRDA:403,66,1,0
BRDA:403,66,2,0
BRDA:421,67,0,0
BRDA:421,67,1,0
BRDA:421,68,0,0
BRDA:421,68,1,0
BRDA:426,69,0,0
BRDA:426,69,1,0
BRDA:426,70,0,0
BRDA:426,70,1,0
BRDA:439,71,0,0
BRDA:439,71,1,0
BRDA:439,72,0,0
BRDA:439,72,1,0
BRDA:442,73,0,0
BRDA:442,73,1,0
BRDA:442,74,0,0
BRDA:442,74,1,0
BRDA:445,75,0,0
BRDA:445,75,1,0
BRDA:448,76,0,0
BRDA:448,76,1,0
BRDA:451,77,0,0
BRDA:451,77,1,0
BRDA:457,78,0,0
BRDA:457,78,1,0
BRDA:460,79,0,0
BRDA:460,79,1,0
BRDA:470,80,0,0
BRDA:470,80,1,0
BRDA:470,81,0,0
BRDA:470,81,1,0
BRDA:473,82,0,0
BRDA:473,82,1,0
BRDA:473,83,0,0
BRDA:473,83,1,0
BRDA:473,83,2,0
BRDA:473,83,3,0
BRDA:481,84,0,0
BRDA:481,84,1,0
BRDA:482,85,0,0
BRDA:482,85,1,0
BRDA:491,86,0,0
BRDA:491,86,1,0
BRDA:493,87,0,0
BRDA:493,87,1,0
BRDA:531,88,0,0
BRDA:531,88,1,0
BRDA:538,89,0,0
BRDA:538,89,1,0
BRDA:552,90,0,0
BRDA:552,90,1,0
BRDA:553,91,0,0
BRDA:553,91,1,0
BRDA:553,92,0,0
BRDA:553,92,1,0
BRDA:554,93,0,0
BRDA:554,93,1,0
BRDA:563,94,0,0
BRDA:563,94,1,0
BRDA:587,95,0,0
BRDA:587,95,1,0
BRDA:628,96,0,0
BRDA:628,96,1,0
BRDA:706,97,0,0
BRDA:706,97,1,0
BRDA:727,98,0,0
BRDA:727,98,1,0
BRDA:790,99,0,0
BRDA:790,100,0,0
BRDA:810,101,0,0
BRDA:810,101,1,0
BRDA:812,102,0,0
BRDA:812,102,1,0
BRDA:842,103,0,0
BRDA:842,103,1,0
BRDA:851,104,0,0
BRDA:851,104,1,0
BRDA:858,105,0,0
BRDA:858,105,1,0
BRDA:868,106,0,0
BRDA:868,106,1,0
BRDA:871,107,0,0
BRDA:871,107,1,0
BRF:220
BRH:0
end_of_record
TN:
SF:src/modules/admin/admin.routes.js
FNF:0
FNH:0
DA:1,1
DA:2,1
DA:3,1
DA:4,1
DA:5,1
DA:6,1
DA:7,1
DA:8,1
DA:10,1
DA:12,1
DA:13,1
DA:14,1
DA:15,1
DA:16,1
DA:17,1
DA:18,1
DA:19,1
DA:20,1
DA:21,1
DA:22,1
DA:23,1
DA:24,1
DA:27,1
DA:28,1
DA:29,1
DA:30,1
DA:31,1
DA:33,1
LF:28
LH:28
BRF:0
BRH:0
end_of_record
TN:
SF:src/modules/admin/index.js
FNF:0
FNH:0
DA:1,0
LF:1
LH:0
BRF:0
BRH:0
end_of_record
TN:
SF:src/modules/analytics/analytics.controller.js
FN:3,(anonymous_0)
FN:12,(anonymous_1)
FN:21,(anonymous_2)
FN:31,(anonymous_3)
FN:40,(anonymous_4)
FNF:5
FNH:0
FNDA:0,(anonymous_0)
FNDA:0,(anonymous_1)
FNDA:0,(anonymous_2)
FNDA:0,(anonymous_3)
FNDA:0,(anonymous_4)
DA:1,0
DA:3,0
DA:4,0
DA:5,0
DA:6,0
DA:8,0
DA:12,0
DA:13,0
DA:14,0
DA:15,0
DA:17,0
DA:21,0
DA:22,0
DA:23,0
DA:24,0
DA:25,0
DA:27,0
DA:31,0
DA:32,0
DA:33,0
DA:34,0
DA:36,0
DA:40,0
DA:41,0
DA:42,0
DA:43,0
DA:52,0
DA:56,0
LF:28
LH:0
BRDA:23,0,0,0
BRDA:46,1,0,0
BRDA:46,1,1,0
BRDA:47,2,0,0
BRDA:47,2,1,0
BRDA:48,3,0,0
BRDA:48,3,1,0
BRF:7
BRH:0
end_of_record
TN:
SF:src/modules/analytics/analytics.routes.js
FNF:0
FNH:0
DA:1,0
DA:2,0
DA:3,0
DA:4,0
DA:5,0
DA:8,0
DA:10,0
DA:11,0
DA:12,0
DA:13,0
DA:15,0
LF:11
LH:0
BRF:0
BRH:0
end_of_record
TN:
SF:src/modules/analytics/index.js
FNF:0
FNH:0
DA:1,0
LF:1
LH:0
BRF:0
BRH:0
end_of_record
TN:
SF:src/modules/asset/asset.controller.js
FN:7,(anonymous_0)
FN:8,(anonymous_1)
FN:14,(anonymous_2)
FN:25,(anonymous_3)
FN:73,(anonymous_4)
FN:78,(anonymous_5)
FN:196,(anonymous_6)
FN:244,(anonymous_7)
FNF:8
FNH:0
FNDA:0,(anonymous_0)
FNDA:0,(anonymous_1)
FNDA:0,(anonymous_2)
FNDA:0,(anonymous_3)
FNDA:0,(anonymous_4)
FNDA:0,(anonymous_5)
FNDA:0,(anonymous_6)
FNDA:0,(anonymous_7)
DA:1,0
DA:2,0
DA:3,0
DA:4,0
DA:5,0
DA:7,0
DA:8,0
DA:9,0
DA:10,0
DA:11,0
DA:14,0
DA:15,0
DA:16,0
DA:17,0
DA:25,0
DA:26,0
DA:27,0
DA:28,0
DA:31,0
DA:37,0
DA:38,0
DA:45,0
DA:47,0
DA:48,0
DA:55,0
DA:56,0
DA:63,0
DA:69,0
DA:70,0
DA:73,0
DA:74,0
DA:77,0
DA:78,0
DA:79,0
DA:80,0
DA:84,0
DA:85,0
DA:87,0
DA:111,0
DA:112,0
DA:124,0
DA:127,0
DA:128,0
DA:133,0
DA:134,0
DA:135,0
DA:137,0
DA:139,0
DA:160,0
DA:161,0
DA:168,0
DA:169,0
DA:176,0
DA:182,0
DA:183,0
DA:196,0
DA:197,0
DA:198,0
DA:200,0
DA:206,0
DA:207,0
DA:213,0
DA:214,0
DA:220,0
DA:222,0
DA:230,0
DA:231,0
DA:244,0
DA:245,0
DA:246,0
DA:247,0
DA:249,0
DA:255,0
DA:257,0
DA:267,0
DA:268,0
DA:276,0
LF:77
LH:0
BRDA:7,0,0,0
BRDA:7,0,1,0
BRDA:9,1,0,0
BRDA:9,1,1,0
BRDA:10,2,0,0
BRDA:10,2,1,0
BRDA:15,3,0,0
BRDA:15,3,1,0
BRDA:16,4,0,0
BRDA:16,4,1,0
BRDA:37,5,0,0
BRDA:37,5,1,0
BRDA:47,6,0,0
BRDA:47,6,1,0
BRDA:55,7,0,0
BRDA:55,7,1,0
BRDA:55,8,0,0
BRDA:55,8,1,0
BRDA:69,9,0,0
BRDA:69,9,1,0
BRDA:74,10,0,0
BRDA:74,10,1,0
BRDA:79,11,0,0
BRDA:79,11,1,0
BRDA:84,12,0,0
BRDA:84,12,1,0
BRDA:111,13,0,0
BRDA:111,13,1,0
BRDA:127,14,0,0
BRDA:127,14,1,0
BRDA:150,15,0,0
BRDA:150,15,1,0
BRDA:160,16,0,0
BRDA:160,16,1,0
BRDA:168,17,0,0
BRDA:168,17,1,0
BRDA:206,18,0,0
BRDA:206,18,1,0
BRDA:213,19,0,0
BRDA:213,19,1,0
BRDA:246,20,0,0
BRDA:246,21,0,0
BRF:42
BRH:0
end_of_record
TN:
SF:src/modules/asset/asset.routes.js
FNF:0
FNH:0
DA:1,0
DA:2,0
DA:3,0
DA:4,0
DA:6,0
DA:7,0
DA:8,0
DA:9,0
DA:11,0
LF:9
LH:0
BRF:0
BRH:0
end_of_record
TN:
SF:src/modules/asset/downloadLog.model.js
FNF:0
FNH:0
DA:1,1
DA:3,1
DA:51,1
DA:52,1
DA:53,1
DA:55,1
LF:6
LH:6
BRF:0
BRH:0
end_of_record
TN:
SF:src/modules/asset/index.js
FNF:0
FNH:0
DA:1,0
LF:1
LH:0
BRF:0
BRH:0
end_of_record
TN:
SF:src/modules/auction/auction.controller.js
FN:15,(anonymous_0)
FN:104,(anonymous_1)
FN:225,(anonymous_2)
FN:267,(anonymous_3)
FN:388,(anonymous_4)
FN:469,(anonymous_5)
FN:484,(anonymous_6)
FN:520,(anonymous_7)
FN:599,(anonymous_8)
FN:616,(anonymous_9)
FN:657,(anonymous_10)
FNF:11
FNH:0
FNDA:0,(anonymous_0)
FNDA:0,(anonymous_1)
FNDA:0,(anonymous_2)
FNDA:0,(anonymous_3)
FNDA:0,(anonymous_4)
FNDA:0,(anonymous_5)
FNDA:0,(anonymous_6)
FNDA:0,(anonymous_7)
FNDA:0,(anonymous_8)
FNDA:0,(anonymous_9)
FNDA:0,(anonymous_10)
DA:1,0
DA:2,0
DA:3,0
DA:4,0
DA:5,0
DA:6,0
DA:7,0
DA:8,0
DA:15,0
DA:16,0
DA:17,0
DA:22,0
DA:24,0
DA:27,0
DA:29,0
DA:30,0
DA:37,0
DA:38,0
DA:45,0
DA:50,0
DA:51,0
DA:58,0
DA:68,0
DA:71,0
DA:72,0
DA:73,0
DA:75,0
DA:90,0
DA:91,0
DA:104,0
DA:105,0
DA:106,0
DA:107,0
DA:108,0
DA:111,0
DA:116,0
DA:117,0
DA:124,0
DA:128,0
DA:129,0
DA:137,0
DA:138,0
DA:145,0
DA:146,0
DA:152,0
DA:153,0
DA:156,0
DA:157,0
DA:164,0
DA:172,0
DA:175,0
DA:176,0
DA:177,0
DA:178,0
DA:179,0
DA:182,0
DA:183,0
DA:184,0
DA:185,0
DA:188,0
DA:190,0
DA:191,0
DA:194,0
DA:198,0
DA:199,0
DA:203,0
DA:204,0
DA:207,0
DA:208,0
DA:211,0
DA:214,0
DA:217,0
DA:218,0
DA:219,0
DA:220,0
DA:221,0
DA:222,0
DA:224,0
DA:225,0
DA:228,0
DA:232,0
DA:253,0
DA:254,0
DA:267,0
DA:268,0
DA:269,0
DA:271,0
DA:275,0
DA:276,0
DA:283,0
DA:284,0
DA:285,0
DA:286,0
DA:287,0
DA:289,0
DA:290,0
DA:291,0
DA:294,0
DA:298,0
DA:299,0
DA:300,0
DA:301,0
DA:302,0
DA:303,0
DA:308,0
DA:315,0
DA:316,0
DA:317,0
DA:318,0
DA:319,0
DA:320,0
DA:321,0
DA:322,0
DA:323,0
DA:324,0
DA:325,0
DA:326,0
DA:327,0
DA:328,0
DA:330,0
DA:338,0
DA:339,0
DA:340,0
DA:341,0
DA:342,0
DA:343,0
DA:348,0
DA:356,0
DA:357,0
DA:358,0
DA:359,0
DA:360,0
DA:361,0
DA:362,0
DA:363,0
DA:364,0
DA:365,0
DA:366,0
DA:367,0
DA:368,0
DA:370,0
DA:373,0
DA:380,0
DA:387,0
DA:389,0
DA:390,0
DA:392,0
DA:395,0
DA:396,0
DA:398,0
DA:402,0
DA:407,0
DA:408,0
DA:409,0
DA:413,0
DA:420,0
DA:421,0
DA:425,0
DA:432,0
DA:455,0
DA:456,0
DA:469,0
DA:470,0
DA:471,0
DA:472,0
DA:474,0
DA:480,0
DA:483,0
DA:485,0
DA:486,0
DA:496,0
DA:506,0
DA:507,0
DA:520,0
DA:521,0
DA:522,0
DA:524,0
DA:526,0
DA:527,0
DA:533,0
DA:534,0
DA:541,0
DA:549,0
DA:550,0
DA:551,0
DA:552,0
DA:553,0
DA:554,0
DA:555,0
DA:556,0
DA:557,0
DA:558,0
DA:559,0
DA:560,0
DA:561,0
DA:563,0
DA:566,0
DA:567,0
DA:568,0
DA:571,0
DA:576,0
DA:585,0
DA:586,0
DA:599,0
DA:600,0
DA:601,0
DA:602,0
DA:604,0
DA:612,0
DA:616,0
DA:617,0
DA:618,0
DA:619,0
DA:620,0
DA:621,0
DA:623,0
DA:624,0
DA:628,0
DA:632,0
DA:638,0
DA:648,0
DA:649,0
DA:657,0
DA:658,0
DA:659,0
DA:661,0
DA:663,0
DA:664,0
DA:670,0
DA:671,0
DA:677,0
DA:678,0
DA:679,0
DA:683,0
DA:685,0
DA:693,0
DA:702,0
LF:237
LH:0
BRDA:20,0,0,0
BRDA:21,1,0,0
BRDA:29,2,0,0
BRDA:29,2,1,0
BRDA:37,3,0,0
BRDA:37,3,1,0
BRDA:50,4,0,0
BRDA:50,4,1,0
BRDA:61,5,0,0
BRDA:61,5,1,0
BRDA:116,6,0,0
BRDA:116,6,1,0
BRDA:124,7,0,0
BRDA:124,7,1,0
BRDA:128,8,0,0
BRDA:128,8,1,0
BRDA:137,9,0,0
BRDA:137,9,1,0
BRDA:145,10,0,0
BRDA:145,10,1,0
BRDA:145,11,0,0
BRDA:145,11,1,0
BRDA:156,12,0,0
BRDA:156,12,1,0
BRDA:183,13,0,0
BRDA:183,13,1,0
BRDA:207,14,0,0
BRDA:207,14,1,0
BRDA:207,15,0,0
BRDA:207,15,1,0
BRDA:217,16,0,0
BRDA:217,16,1,0
BRDA:217,17,0,0
BRDA:217,17,1,0
BRDA:220,18,0,0
BRDA:220,18,1,0
BRDA:234,19,0,0
BRDA:234,19,1,0
BRDA:275,20,0,0
BRDA:275,20,1,0
BRDA:284,21,0,0
BRDA:284,21,1,0
BRDA:285,22,0,0
BRDA:285,22,1,0
BRDA:286,23,0,0
BRDA:286,23,1,0
BRDA:287,24,0,0
BRDA:287,24,1,0
BRDA:289,25,0,0
BRDA:289,25,1,0
BRDA:290,26,0,0
BRDA:290,26,1,0
BRDA:298,27,0,0
BRDA:298,27,1,0
BRDA:298,28,0,0
BRDA:298,28,1,0
BRDA:298,28,2,0
BRDA:303,29,0,0
BRDA:303,29,1,0
BRDA:304,30,0,0
BRDA:304,30,1,0
BRDA:304,30,2,0
BRDA:304,30,3,0
BRDA:331,31,0,0
BRDA:331,31,1,0
BRDA:338,32,0,0
BRDA:338,32,1,0
BRDA:338,33,0,0
BRDA:338,33,1,0
BRDA:338,33,2,0
BRDA:343,34,0,0
BRDA:343,34,1,0
BRDA:344,35,0,0
BRDA:344,35,1,0
BRDA:344,35,2,0
BRDA:344,35,3,0
BRDA:374,36,0,0
BRDA:374,36,1,0
BRDA:390,37,0,0
BRDA:390,37,1,0
BRDA:392,38,0,0
BRDA:392,38,1,0
BRDA:408,39,0,0
BRDA:408,39,1,0
BRDA:416,40,0,0
BRDA:416,40,1,0
BRDA:420,41,0,0
BRDA:420,41,1,0
BRDA:440,42,0,0
BRDA:440,42,1,0
BRDA:444,43,0,0
BRDA:444,43,1,0
BRDA:446,44,0,0
BRDA:446,44,1,0
BRDA:448,45,0,0
BRDA:448,45,1,0
BRDA:471,46,0,0
BRDA:471,47,0,0
BRDA:488,48,0,0
BRDA:488,48,1,0
BRDA:489,49,0,0
BRDA:489,49,1,0
BRDA:489,50,0,0
BRDA:489,50,1,0
BRDA:526,51,0,0
BRDA:526,51,1,0
BRDA:533,52,0,0
BRDA:533,52,1,0
BRDA:601,53,0,0
BRDA:601,54,0,0
BRDA:618,55,0,0
BRDA:618,55,1,0
BRDA:620,56,0,0
BRDA:620,56,1,0
BRDA:621,57,0,0
BRDA:621,57,1,0
BRDA:623,58,0,0
BRDA:623,58,1,0
BRDA:663,59,0,0
BRDA:663,59,1,0
BRDA:670,60,0,0
BRDA:670,60,1,0
BRF:122
BRH:0
end_of_record
TN:
SF:src/modules/auction/auction.model.js
FN:130,(anonymous_0)
FN:136,(anonymous_1)
FN:142,(anonymous_2)
FN:148,(anonymous_3)
FNF:4
FNH:0
FNDA:0,(anonymous_0)
FNDA:0,(anonymous_1)
FNDA:0,(anonymous_2)
FNDA:0,(anonymous_3)
DA:1,1
DA:3,1
DA:125,1
DA:126,1
DA:127,1
DA:130,1
DA:131,0
DA:132,0
DA:136,1
DA:137,0
DA:138,0
DA:142,1
DA:143,0
DA:144,0
DA:148,1
DA:149,0
DA:150,0
DA:153,1
LF:18
LH:10
BRDA:131,0,0,0
BRDA:131,0,1,0
BRDA:137,1,0,0
BRDA:137,1,1,0
BRDA:143,2,0,0
BRDA:143,2,1,0
BRDA:149,3,0,0
BRDA:149,3,1,0
BRF:8
BRH:0
end_of_record
TN:
SF:src/modules/auction/auction.routes.js
FNF:0
FNH:0
DA:1,0
DA:2,0
DA:3,0
DA:4,0
DA:5,0
DA:6,0
DA:9,0
DA:10,0
DA:11,0
DA:14,0
DA:17,0
DA:18,0
DA:19,0
DA:21,0
LF:14
LH:0
BRF:0
BRH:0
end_of_record
TN:
SF:src/modules/auction/bid.model.js
FN:61,(anonymous_0)
FNF:1
FNH:0
FNDA:0,(anonymous_0)
DA:1,1
DA:3,1
DA:56,1
DA:57,1
DA:58,1
DA:61,1
DA:62,0
DA:65,1
LF:8
LH:7
BRDA:62,0,0,0
BRDA:62,0,1,0
BRF:2
BRH:0
end_of_record
TN:
SF:src/modules/auction/index.js
FNF:0
FNH:0
DA:1,0
LF:1
LH:0
BRF:0
BRH:0
end_of_record
TN:
SF:src/modules/auth/auth.controller.js
FN:8,(anonymous_0)
FN:21,(anonymous_1)
FN:29,(anonymous_2)
FN:48,(anonymous_3)
FN:79,(anonymous_4)
FN:122,(anonymous_5)
FN:188,(anonymous_6)
FN:199,(anonymous_7)
FN:225,(anonymous_8)
FN:236,(anonymous_9)
FN:250,(anonymous_10)
FN:270,(anonymous_11)
FNF:12
FNH:7
FNDA:8,(anonymous_0)
FNDA:0,(anonymous_1)
FNDA:0,(anonymous_2)
FNDA:5,(anonymous_3)
FNDA:6,(anonymous_4)
FNDA:1,(anonymous_5)
FNDA:0,(anonymous_6)
FNDA:0,(anonymous_7)
FNDA:0,(anonymous_8)
FNDA:1,(anonymous_9)
FNDA:3,(anonymous_10)
FNDA:2,(anonymous_11)
DA:1,2
DA:2,2
DA:3,2
DA:4,2
DA:5,2
DA:6,2
DA:8,2
DA:9,8
DA:10,1
DA:11,0
DA:12,0
DA:14,0
DA:15,0
DA:19,2
DA:21,2
DA:22,0
DA:23,0
DA:26,0
DA:29,2
DA:30,0
DA:31,0
DA:32,0
DA:33,0
DA:36,0
DA:37,0
DA:38,0
DA:41,0
DA:48,2
DA:49,5
DA:50,5
DA:52,5
DA:53,1
DA:54,1
DA:57,4
DA:58,4
DA:60,3
DA:61,3
DA:63,3
DA:64,3
DA:66,3
DA:72,0
DA:79,2
DA:80,6
DA:81,6
DA:85,6
DA:86,6
DA:87,6
DA:90,6
DA:91,6
DA:92,6
DA:93,0
DA:97,6
DA:98,6
DA:100,5
DA:101,1
DA:104,4
DA:105,4
DA:107,3
DA:108,3
DA:109,3
DA:111,0
DA:122,2
DA:123,1
DA:124,1
DA:125,1
DA:128,1
DA:133,1
DA:134,1
DA:136,1
DA:139,1
DA:141,1
DA:143,0
DA:144,0
DA:145,0
DA:146,0
DA:147,0
DA:148,0
DA:152,1
DA:161,1
DA:164,1
DA:165,1
DA:167,1
DA:176,0
DA:177,0
DA:188,2
DA:189,0
DA:190,0
DA:191,0
DA:192,0
DA:193,0
DA:195,0
DA:199,2
DA:200,0
DA:201,0
DA:202,0
DA:204,0
DA:206,0
DA:212,0
DA:213,0
DA:214,0
DA:215,0
DA:218,0
DA:219,0
DA:221,0
DA:225,2
DA:226,0
DA:227,0
DA:228,0
DA:229,0
DA:230,0
DA:232,0
DA:236,2
DA:237,1
DA:238,1
DA:239,1
DA:240,1
DA:242,0
DA:250,2
DA:251,3
DA:252,3
DA:253,3
DA:254,3
DA:256,2
DA:257,1
DA:260,1
DA:261,1
DA:262,1
DA:264,1
DA:266,0
DA:270,2
DA:271,2
DA:272,2
DA:273,2
DA:275,2
DA:276,2
DA:277,2
DA:279,1
DA:280,1
DA:281,1
DA:282,1
DA:284,1
DA:286,0
DA:290,2
LF:143
LH:90
BRDA:9,0,0,7
BRDA:9,0,1,1
BRDA:10,1,0,1
BRDA:10,1,1,0
BRDA:21,2,0,0
BRDA:22,3,0,0
BRDA:22,3,1,0
BRDA:22,4,0,0
BRDA:22,4,1,0
BRDA:30,5,0,0
BRDA:30,5,1,0
BRDA:31,6,0,0
BRDA:31,6,1,0
BRDA:32,7,0,0
BRDA:32,7,1,0
BRDA:33,8,0,0
BRDA:33,8,1,0
BRDA:36,9,0,0
BRDA:36,9,1,0
BRDA:37,10,0,0
BRDA:37,10,1,0
BRDA:38,11,0,0
BRDA:38,11,1,0
BRDA:41,12,0,0
BRDA:41,12,1,0
BRDA:52,13,0,1
BRDA:52,13,1,4
BRDA:54,14,0,1
BRDA:54,14,1,0
BRDA:58,15,0,1
BRDA:58,15,1,3
BRDA:60,16,0,3
BRDA:60,16,1,3
BRDA:86,17,0,6
BRDA:86,17,1,6
BRDA:87,18,0,6
BRDA:87,18,1,0
BRDA:92,19,0,0
BRDA:92,19,1,6
BRDA:92,20,0,6
BRDA:92,20,1,6
BRDA:98,21,0,1
BRDA:98,21,1,5
BRDA:100,22,0,1
BRDA:100,22,1,4
BRDA:100,23,0,5
BRDA:100,23,1,1
BRDA:105,24,0,1
BRDA:105,24,1,3
BRDA:125,25,0,0
BRDA:125,25,1,1
BRDA:136,26,0,0
BRDA:136,26,1,1
BRDA:141,27,0,0
BRDA:141,27,1,1
BRDA:143,28,0,0
BRDA:143,28,1,0
BRDA:147,29,0,0
BRDA:147,29,1,0
BRDA:147,30,0,0
BRDA:147,30,1,0
BRDA:191,31,0,0
BRDA:191,31,1,0
BRDA:202,32,0,0
BRDA:202,32,1,0
BRDA:212,33,0,0
BRDA:212,33,1,0
BRDA:214,34,0,0
BRDA:214,34,1,0
BRDA:228,35,0,0
BRDA:228,35,1,0
BRDA:254,36,0,1
BRDA:254,36,1,2
BRDA:256,37,0,1
BRDA:256,37,1,1
BRDA:273,38,0,0
BRDA:273,38,1,2
BRDA:273,39,0,2
BRDA:273,39,1,2
BRDA:277,40,0,1
BRDA:277,40,1,1
BRF:81
BRH:36
end_of_record
TN:
SF:src/modules/auth/auth.routes.js
FNF:0
FNH:0
DA:1,2
DA:2,2
DA:3,2
DA:4,2
DA:5,2
DA:6,2
DA:7,2
DA:9,2
DA:20,2
DA:23,2
DA:25,2
DA:26,2
DA:27,2
DA:28,2
DA:29,2
DA:30,2
DA:32,2
LF:17
LH:17
BRF:0
BRH:0
end_of_record
TN:
SF:src/modules/auth/index.js
FNF:0
FNH:0
DA:1,0
LF:1
LH:0
BRF:0
BRH:0
end_of_record
TN:
SF:src/modules/backup/backup.controller.js
FN:16,(anonymous_0)
FN:24,(anonymous_1)
FN:37,(anonymous_2)
FN:51,(anonymous_3)
FN:69,(anonymous_4)
FN:85,(anonymous_5)
FN:103,(anonymous_6)
FNF:7
FNH:0
FNDA:0,(anonymous_0)
FNDA:0,(anonymous_1)
FNDA:0,(anonymous_2)
FNDA:0,(anonymous_3)
FNDA:0,(anonymous_4)
FNDA:0,(anonymous_5)
FNDA:0,(anonymous_6)
DA:9,1
DA:11,1
DA:12,1
DA:13,1
DA:14,1
DA:16,1
DA:17,0
DA:18,0
DA:19,0
DA:21,0
DA:24,1
DA:25,0
DA:26,0
DA:27,0
DA:29,0
DA:37,1
DA:38,0
DA:39,0
DA:40,0
DA:41,0
DA:42,0
DA:44,0
DA:51,1
DA:52,0
DA:53,0
DA:54,0
DA:55,0
DA:56,0
DA:57,0
DA:58,0
DA:59,0
DA:61,0
DA:69,1
DA:70,0
DA:71,0
DA:72,0
DA:74,0
DA:75,0
DA:77,0
DA:85,1
DA:86,0
DA:87,0
DA:88,0
DA:90,0
DA:91,0
DA:93,0
DA:103,1
DA:104,0
DA:105,0
DA:106,0
DA:107,0
DA:109,0
DA:111,0
DA:112,0
DA:121,0
DA:125,1
LF:56
LH:13
BRDA:17,0,0,0
BRDA:17,0,1,0
BRDA:18,1,0,0
BRDA:18,1,1,0
BRDA:25,2,0,0
BRDA:25,2,1,0
BRDA:26,3,0,0
BRDA:26,3,1,0
BRDA:55,4,0,0
BRDA:55,4,1,0
BRDA:55,5,0,0
BRDA:55,5,1,0
BRDA:56,6,0,0
BRDA:56,6,1,0
BRDA:56,7,0,0
BRDA:56,7,1,0
BRDA:72,8,0,0
BRDA:72,8,1,0
BRDA:77,9,0,0
BRDA:77,9,1,0
BRDA:93,10,0,0
BRDA:93,10,1,0
BRDA:106,11,0,0
BRDA:106,11,1,0
BRDA:111,12,0,0
BRDA:111,12,1,0
BRDA:115,13,0,0
BRDA:115,13,1,0
BRDA:116,14,0,0
BRDA:116,14,1,0
BRDA:117,15,0,0
BRDA:117,15,1,0
BRDA:121,16,0,0
BRDA:121,16,1,0
BRF:34
BRH:0
end_of_record
TN:
SF:src/modules/backup/backupLog.model.js
FNF:0
FNH:0
DA:1,1
DA:3,1
DA:46,1
DA:48,1
LF:4
LH:4
BRF:0
BRH:0
end_of_record
TN:
SF:src/modules/buyer/buyer.controller.js
FN:9,(anonymous_0)
FN:20,(anonymous_1)
FN:35,(anonymous_2)
FN:57,(anonymous_3)
FN:85,(anonymous_4)
FN:94,(anonymous_5)
FN:115,(anonymous_6)
FNF:7
FNH:0
FNDA:0,(anonymous_0)
FNDA:0,(anonymous_1)
FNDA:0,(anonymous_2)
FNDA:0,(anonymous_3)
FNDA:0,(anonymous_4)
FNDA:0,(anonymous_5)
FNDA:0,(anonymous_6)
DA:1,0
DA:2,0
DA:3,0
DA:4,0
DA:5,0
DA:6,0
DA:7,0
DA:9,0
DA:10,0
DA:11,0
DA:12,0
DA:13,0
DA:15,0
DA:16,0
DA:20,0
DA:21,0
DA:22,0
DA:23,0
DA:26,0
DA:35,0
DA:36,0
DA:37,0
DA:39,0
DA:40,0
DA:41,0
DA:47,0
DA:48,0
DA:50,0
DA:51,0
DA:54,0
DA:57,0
DA:58,0
DA:59,0
DA:60,0
DA:62,0
DA:63,0
DA:64,0
DA:65,0
DA:67,0
DA:68,0
DA:70,0
DA:71,0
DA:73,0
DA:74,0
DA:75,0
DA:76,0
DA:77,0
DA:79,0
DA:81,0
DA:85,0
DA:86,0
DA:87,0
DA:88,0
DA:90,0
DA:94,0
DA:95,0
DA:96,0
DA:97,0
DA:104,0
DA:105,0
DA:111,0
DA:115,0
DA:116,0
DA:117,0
DA:125,0
DA:126,0
DA:129,0
DA:134,0
DA:138,0
LF:69
LH:0
BRDA:10,0,0,0
BRDA:10,0,1,0
BRDA:11,1,0,0
BRDA:11,1,1,0
BRDA:21,2,0,0
BRDA:21,2,1,0
BRDA:22,3,0,0
BRDA:22,3,1,0
BRDA:39,4,0,0
BRDA:39,4,1,0
BRDA:40,5,0,0
BRDA:40,5,1,0
BRDA:42,6,0,0
BRDA:42,6,1,0
BRDA:47,7,0,0
BRDA:47,7,1,0
BRDA:50,8,0,0
BRDA:50,8,1,0
BRDA:50,9,0,0
BRDA:50,9,1,0
BRDA:63,10,0,0
BRDA:63,10,1,0
BRDA:64,11,0,0
BRDA:64,11,1,0
BRDA:65,12,0,0
BRDA:65,12,1,0
BRDA:68,13,0,0
BRDA:68,13,1,0
BRDA:88,14,0,0
BRDA:88,14,1,0
BRDA:96,15,0,0
BRDA:96,16,0,0
BRDA:125,17,0,0
BRDA:125,17,1,0
BRF:34
BRH:0
end_of_record
TN:
SF:src/modules/buyer/buyer.routes.js
FNF:0
FNH:0
DA:1,0
DA:2,0
DA:3,0
DA:4,0
DA:5,0
DA:7,0
DA:8,0
DA:9,0
DA:10,0
DA:11,0
DA:13,0
LF:11
LH:0
BRF:0
BRH:0
end_of_record
TN:
SF:src/modules/buyer/index.js
FNF:0
FNH:0
DA:1,0
LF:1
LH:0
BRF:0
BRH:0
end_of_record
TN:
SF:src/modules/contact/contact.controller.js
FN:8,(anonymous_0)
FN:24,(anonymous_1)
FN:45,(anonymous_2)
FNF:3
FNH:2
FNDA:3,(anonymous_0)
FNDA:0,(anonymous_1)
FNDA:4,(anonymous_2)
DA:1,1
DA:2,1
DA:8,1
DA:9,3
DA:10,3
DA:12,3
DA:20,3
DA:24,0
DA:27,3
DA:37,0
DA:45,1
DA:46,4
DA:47,4
DA:48,4
DA:49,4
DA:51,4
DA:56,4
DA:67,0
LF:18
LH:15
BRDA:16,0,0,3
BRDA:16,0,1,1
BRDA:23,1,0,3
BRDA:23,1,1,1
BRDA:47,2,0,4
BRDA:47,2,1,3
BRDA:48,3,0,4
BRDA:48,3,1,3
BRF:8
BRH:8
end_of_record
TN:
SF:src/modules/contact/contact.model.js
FNF:0
FNH:0
DA:1,0
DA:3,0
DA:42,0
LF:3
LH:0
BRF:0
BRH:0
end_of_record
TN:
SF:src/modules/contact/contact.routes.js
FNF:0
FNH:0
DA:1,1
DA:2,1
DA:3,1
DA:4,1
DA:5,1
DA:8,1
DA:34,1
DA:36,1
LF:8
LH:8
BRF:0
BRH:0
end_of_record
TN:
SF:src/modules/contact/index.js
FNF:0
FNH:0
DA:1,0
LF:1
LH:0
BRF:0
BRH:0
end_of_record
TN:
SF:src/modules/coupons/coupon.controller.js
FN:3,(anonymous_0)
FN:20,(anonymous_1)
FN:74,(anonymous_2)
FN:90,(anonymous_3)
FNF:4
FNH:4
FNDA:10,(anonymous_0)
FNDA:13,(anonymous_1)
FNDA:4,(anonymous_2)
FNDA:4,(anonymous_3)
DA:1,2
DA:3,2
DA:4,10
DA:5,10
DA:6,10
DA:8,10
DA:20,2
DA:21,13
DA:22,13
DA:23,13
DA:24,13
DA:26,13
DA:27,1
DA:30,12
DA:31,1
DA:34,11
DA:35,1
DA:38,10
DA:39,1
DA:42,9
DA:43,3
DA:46,6
DA:47,1
DA:50,5
DA:51,5
DA:52,1
DA:55,4
DA:63,4
DA:69,0
DA:70,0
DA:74,2
DA:75,4
DA:76,4
DA:80,4
DA:85,0
DA:86,0
DA:90,2
DA:91,4
DA:92,4
DA:93,4
DA:94,1
DA:97,3
DA:98,1
DA:100,2
DA:103,3
DA:105,3
DA:111,0
DA:112,0
DA:116,2
LF:49
LH:43
BRDA:4,0,0,10
BRDA:4,0,1,0
BRDA:6,1,0,0
BRDA:6,1,1,10
BRDA:11,2,0,10
BRDA:11,2,1,1
BRDA:11,2,2,1
BRDA:11,2,3,0
BRDA:11,2,4,0
BRDA:16,3,0,10
BRDA:16,3,1,1
BRDA:22,4,0,13
BRDA:22,4,1,1
BRDA:26,5,0,1
BRDA:26,5,1,12
BRDA:30,6,0,1
BRDA:30,6,1,11
BRDA:34,7,0,1
BRDA:34,7,1,10
BRDA:38,8,0,1
BRDA:38,8,1,9
BRDA:42,9,0,3
BRDA:42,9,1,6
BRDA:42,10,0,9
BRDA:42,10,1,5
BRDA:42,10,2,3
BRDA:46,11,0,1
BRDA:46,11,1,5
BRDA:46,12,0,6
BRDA:46,12,1,4
BRDA:51,13,0,1
BRDA:51,13,1,4
BRDA:60,14,0,0
BRDA:60,14,1,4
BRDA:93,15,0,1
BRDA:93,15,1,3
BRDA:97,16,0,1
BRDA:97,16,1,2
BRDA:107,17,0,1
BRDA:107,17,1,2
BRF:40
BRH:35
end_of_record
TN:
SF:src/modules/coupons/coupon.model.js
FNF:0
FNH:0
DA:1,0
DA:3,0
DA:69,0
LF:3
LH:0
BRF:0
BRH:0
end_of_record
TN:
SF:src/modules/coupons/coupon.routes.js
FNF:0
FNH:0
DA:1,1
DA:3,1
DA:4,1
DA:5,1
DA:7,1
DA:9,1
DA:11,1
DA:12,1
DA:13,1
DA:15,1
LF:10
LH:10
BRF:0
BRH:0
end_of_record
TN:
SF:src/modules/coupons/index.js
FNF:0
FNH:0
DA:1,0
LF:1
LH:0
BRF:0
BRH:0
end_of_record
TN:
SF:src/modules/deployment/deployment.catalog.controller.js
FN:7,(anonymous_0)
FN:17,(anonymous_1)
FN:35,(anonymous_2)
FN:46,(anonymous_3)
FNF:4
FNH:0
FNDA:0,(anonymous_0)
FNDA:0,(anonymous_1)
FNDA:0,(anonymous_2)
FNDA:0,(anonymous_3)
DA:1,0
DA:2,0
DA:3,0
DA:4,0
DA:5,0
DA:7,0
DA:8,0
DA:9,0
DA:10,0
DA:11,0
DA:12,0
DA:14,0
DA:17,0
DA:18,0
DA:19,0
DA:20,0
DA:21,0
DA:22,0
DA:31,0
DA:35,0
DA:36,0
DA:37,0
DA:38,0
DA:39,0
DA:40,0
DA:42,0
DA:46,0
DA:47,0
DA:48,0
DA:49,0
DA:50,0
DA:51,0
DA:52,0
DA:54,0
DA:58,0
LF:35
LH:0
BRDA:9,0,0,0
BRDA:9,0,1,0
BRDA:10,1,0,0
BRDA:10,1,1,0
BRDA:25,2,0,0
BRDA:25,2,1,0
BRDA:25,2,2,0
BRDA:27,3,0,0
BRDA:27,3,1,0
BRDA:31,4,0,0
BRDA:31,4,1,0
BRDA:31,5,0,0
BRDA:31,5,1,0
BRDA:38,6,0,0
BRDA:38,6,1,0
BRDA:42,7,0,0
BRDA:42,7,1,0
BRDA:42,8,0,0
BRDA:42,8,1,0
BRDA:49,9,0,0
BRDA:49,9,1,0
BRDA:49,9,2,0
BRDA:50,10,0,0
BRDA:50,10,1,0
BRDA:54,11,0,0
BRDA:54,11,1,0
BRDA:54,12,0,0
BRDA:54,12,1,0
BRF:28
BRH:0
end_of_record
TN:
SF:src/modules/deployment/deployment.controller.js
FN:23,(anonymous_0)
FN:31,(anonymous_1)
FN:38,(anonymous_2)
FN:60,(anonymous_3)
FN:75,(anonymous_4)
FN:94,(anonymous_5)
FN:104,(anonymous_6)
FN:117,(anonymous_7)
FN:154,(anonymous_8)
FN:160,(anonymous_9)
FN:182,(anonymous_10)
FN:208,(anonymous_11)
FN:217,(anonymous_12)
FN:244,(anonymous_13)
FN:274,(anonymous_14)
FN:299,(anonymous_15)
FN:341,(anonymous_16)
FN:351,(anonymous_17)
FN:358,(anonymous_18)
FN:389,(anonymous_19)
FN:396,(anonymous_20)
FN:401,(anonymous_21)
FN:411,(anonymous_22)
FN:425,(anonymous_23)
FN:460,(anonymous_24)
FN:502,(anonymous_25)
FN:503,(anonymous_26)
FN:507,(anonymous_27)
FN:511,(anonymous_28)
FN:520,(anonymous_29)
FN:521,(anonymous_30)
FN:526,(anonymous_31)
FN:531,(anonymous_32)
FN:553,(anonymous_33)
FN:554,(anonymous_34)
FN:575,(anonymous_35)
FN:587,(anonymous_36)
FN:630,(anonymous_37)
FN:687,(anonymous_38)
FN:688,(anonymous_39)
FN:692,(anonymous_40)
FN:696,(anonymous_41)
FN:702,(anonymous_42)
FN:703,(anonymous_43)
FN:708,(anonymous_44)
FN:713,(anonymous_45)
FN:736,(anonymous_46)
FN:737,(anonymous_47)
FN:754,(anonymous_48)
FN:779,(anonymous_49)
FN:789,(anonymous_50)
FN:804,(anonymous_51)
FN:817,(anonymous_52)
FN:818,(anonymous_53)
FN:830,(anonymous_54)
FNF:55
FNH:0
FNDA:0,(anonymous_0)
FNDA:0,(anonymous_1)
FNDA:0,(anonymous_2)
FNDA:0,(anonymous_3)
FNDA:0,(anonymous_4)
FNDA:0,(anonymous_5)
FNDA:0,(anonymous_6)
FNDA:0,(anonymous_7)
FNDA:0,(anonymous_8)
FNDA:0,(anonymous_9)
FNDA:0,(anonymous_10)
FNDA:0,(anonymous_11)
FNDA:0,(anonymous_12)
FNDA:0,(anonymous_13)
FNDA:0,(anonymous_14)
FNDA:0,(anonymous_15)
FNDA:0,(anonymous_16)
FNDA:0,(anonymous_17)
FNDA:0,(anonymous_18)
FNDA:0,(anonymous_19)
FNDA:0,(anonymous_20)
FNDA:0,(anonymous_21)
FNDA:0,(anonymous_22)
FNDA:0,(anonymous_23)
FNDA:0,(anonymous_24)
FNDA:0,(anonymous_25)
FNDA:0,(anonymous_26)
FNDA:0,(anonymous_27)
FNDA:0,(anonymous_28)
FNDA:0,(anonymous_29)
FNDA:0,(anonymous_30)
FNDA:0,(anonymous_31)
FNDA:0,(anonymous_32)
FNDA:0,(anonymous_33)
FNDA:0,(anonymous_34)
FNDA:0,(anonymous_35)
FNDA:0,(anonymous_36)
FNDA:0,(anonymous_37)
FNDA:0,(anonymous_38)
FNDA:0,(anonymous_39)
FNDA:0,(anonymous_40)
FNDA:0,(anonymous_41)
FNDA:0,(anonymous_42)
FNDA:0,(anonymous_43)
FNDA:0,(anonymous_44)
FNDA:0,(anonymous_45)
FNDA:0,(anonymous_46)
FNDA:0,(anonymous_47)
FNDA:0,(anonymous_48)
FNDA:0,(anonymous_49)
FNDA:0,(anonymous_50)
FNDA:0,(anonymous_51)
FNDA:0,(anonymous_52)
FNDA:0,(anonymous_53)
FNDA:0,(anonymous_54)
DA:1,0
DA:2,0
DA:3,0
DA:4,0
DA:5,0
DA:6,0
DA:8,0
DA:9,0
DA:10,0
DA:11,0
DA:12,0
DA:14,0
DA:21,0
DA:23,0
DA:24,0
DA:25,0
DA:27,0
DA:31,0
DA:38,0
DA:60,0
DA:61,0
DA:62,0
DA:64,0
DA:75,0
DA:76,0
DA:77,0
DA:78,0
DA:79,0
DA:80,0
DA:83,0
DA:84,0
DA:85,0
DA:86,0
DA:87,0
DA:88,0
DA:91,0
DA:94,0
DA:95,0
DA:96,0
DA:97,0
DA:98,0
DA:99,0
DA:101,0
DA:104,0
DA:105,0
DA:106,0
DA:107,0
DA:108,0
DA:109,0
DA:110,0
DA:111,0
DA:112,0
DA:114,0
DA:117,0
DA:118,0
DA:119,0
DA:120,0
DA:121,0
DA:122,0
DA:132,0
DA:133,0
DA:134,0
DA:135,0
DA:137,0
DA:141,0
DA:142,0
DA:154,0
DA:155,0
DA:160,0
DA:161,0
DA:162,0
DA:164,0
DA:182,0
DA:208,0
DA:209,0
DA:210,0
DA:212,0
DA:217,0
DA:218,0
DA:219,0
DA:220,0
DA:223,0
DA:224,0
DA:225,0
DA:230,0
DA:232,0
DA:233,0
DA:244,0
DA:245,0
DA:246,0
DA:248,0
DA:251,0
DA:252,0
DA:253,0
DA:256,0
DA:257,0
DA:258,0
DA:259,0
DA:261,0
DA:262,0
DA:263,0
DA:264,0
DA:266,0
DA:274,0
DA:275,0
DA:276,0
DA:277,0
DA:278,0
DA:280,0
DA:281,0
DA:285,0
DA:286,0
DA:288,0
DA:291,0
DA:292,0
DA:295,0
DA:296,0
DA:297,0
DA:298,0
DA:299,0
DA:301,0
DA:303,0
DA:322,0
DA:324,0
DA:329,0
DA:330,0
DA:331,0
DA:332,0
DA:333,0
DA:334,0
DA:336,0
DA:341,0
DA:342,0
DA:343,0
DA:344,0
DA:346,0
DA:351,0
DA:352,0
DA:353,0
DA:354,0
DA:355,0
DA:358,0
DA:359,0
DA:360,0
DA:361,0
DA:362,0
DA:364,0
DA:365,0
DA:368,0
DA:381,0
DA:383,0
DA:389,0
DA:390,0
DA:391,0
DA:392,0
DA:393,0
DA:395,0
DA:396,0
DA:397,0
DA:400,0
DA:401,0
DA:402,0
DA:404,0
DA:406,0
DA:411,0
DA:412,0
DA:413,0
DA:414,0
DA:416,0
DA:425,0
DA:426,0
DA:427,0
DA:428,0
DA:430,0
DA:431,0
DA:432,0
DA:435,0
DA:436,0
DA:442,0
DA:444,0
DA:446,0
DA:460,0
DA:461,0
DA:462,0
DA:463,0
DA:464,0
DA:468,0
DA:469,0
DA:470,0
DA:473,0
DA:474,0
DA:475,0
DA:478,0
DA:479,0
DA:485,0
DA:492,0
DA:493,0
DA:500,0
DA:501,0
DA:502,0
DA:503,0
DA:504,0
DA:505,0
DA:507,0
DA:511,0
DA:512,0
DA:513,0
DA:519,0
DA:520,0
DA:521,0
DA:522,0
DA:523,0
DA:526,0
DA:530,0
DA:531,0
DA:532,0
DA:533,0
DA:534,0
DA:538,0
DA:553,0
DA:554,0
DA:555,0
DA:559,0
DA:561,0
DA:575,0
DA:576,0
DA:577,0
DA:578,0
DA:579,0
DA:580,0
DA:581,0
DA:583,0
DA:587,0
DA:588,0
DA:589,0
DA:590,0
DA:591,0
DA:592,0
DA:596,0
DA:597,0
DA:599,0
DA:600,0
DA:601,0
DA:602,0
DA:604,0
DA:607,0
DA:613,0
DA:615,0
DA:617,0
DA:630,0
DA:631,0
DA:632,0
DA:633,0
DA:634,0
DA:635,0
DA:636,0
DA:640,0
DA:641,0
DA:643,0
DA:644,0
DA:645,0
DA:646,0
DA:648,0
DA:650,0
DA:659,0
DA:666,0
DA:667,0
DA:670,0
DA:677,0
DA:678,0
DA:685,0
DA:686,0
DA:687,0
DA:688,0
DA:689,0
DA:690,0
DA:692,0
DA:696,0
DA:697,0
DA:698,0
DA:701,0
DA:702,0
DA:703,0
DA:704,0
DA:705,0
DA:708,0
DA:712,0
DA:713,0
DA:714,0
DA:715,0
DA:716,0
DA:720,0
DA:736,0
DA:737,0
DA:738,0
DA:742,0
DA:744,0
DA:754,0
DA:755,0
DA:756,0
DA:757,0
DA:758,0
DA:759,0
DA:760,0
DA:762,0
DA:766,0
DA:768,0
DA:774,0
DA:779,0
DA:780,0
DA:781,0
DA:782,0
DA:784,0
DA:789,0
DA:790,0
DA:791,0
DA:792,0
DA:793,0
DA:795,0
DA:804,0
DA:805,0
DA:806,0
DA:807,0
DA:808,0
DA:809,0
DA:812,0
DA:813,0
DA:814,0
DA:815,0
DA:817,0
DA:818,0
DA:819,0
DA:823,0
DA:825,0
DA:830,0
DA:831,0
DA:832,0
DA:833,0
DA:834,0
DA:835,0
DA:843,0
DA:844,0
DA:845,0
DA:846,0
DA:850,0
DA:851,0
DA:852,0
DA:854,0
DA:858,0
LF:349
LH:0
BRDA:27,0,0,0
BRDA:27,0,1,0
BRDA:77,1,0,0
BRDA:77,1,1,0
BRDA:84,2,0,0
BRDA:84,2,1,0
BRDA:96,3,0,0
BRDA:96,3,1,0
BRDA:105,4,0,0
BRDA:105,4,1,0
BRDA:105,5,0,0
BRDA:105,5,1,0
BRDA:106,6,0,0
BRDA:106,6,1,0
BRDA:107,7,0,0
BRDA:107,7,1,0
BRDA:108,8,0,0
BRDA:108,8,1,0
BRDA:108,9,0,0
BRDA:108,9,1,0
BRDA:109,10,0,0
BRDA:109,10,1,0
BRDA:109,11,0,0
BRDA:109,11,1,0
BRDA:119,12,0,0
BRDA:119,12,1,0
BRDA:128,13,0,0
BRDA:128,13,1,0
BRDA:132,14,0,0
BRDA:132,14,1,0
BRDA:165,15,0,0
BRDA:165,15,1,0
BRDA:168,16,0,0
BRDA:168,16,1,0
BRDA:169,17,0,0
BRDA:169,17,1,0
BRDA:171,18,0,0
BRDA:171,18,1,0
BRDA:175,19,0,0
BRDA:175,19,1,0
BRDA:176,20,0,0
BRDA:176,20,1,0
BRDA:185,21,0,0
BRDA:185,21,1,0
BRDA:192,22,0,0
BRDA:192,22,1,0
BRDA:193,23,0,0
BRDA:193,23,1,0
BRDA:196,24,0,0
BRDA:196,24,1,0
BRDA:197,25,0,0
BRDA:197,25,1,0
BRDA:198,26,0,0
BRDA:198,26,1,0
BRDA:219,27,0,0
BRDA:219,27,1,0
BRDA:248,28,0,0
BRDA:248,28,1,0
BRDA:251,29,0,0
BRDA:251,29,1,0
BRDA:252,30,0,0
BRDA:252,30,1,0
BRDA:253,31,0,0
BRDA:253,31,1,0
BRDA:253,32,0,0
BRDA:253,32,1,0
BRDA:256,33,0,0
BRDA:256,33,1,0
BRDA:258,34,0,0
BRDA:258,34,1,0
BRDA:262,35,0,0
BRDA:262,35,1,0
BRDA:263,36,0,0
BRDA:263,36,1,0
BRDA:264,37,0,0
BRDA:264,37,1,0
BRDA:276,38,0,0
BRDA:276,38,1,0
BRDA:277,39,0,0
BRDA:277,39,1,0
BRDA:280,40,0,0
BRDA:280,40,1,0
BRDA:291,41,0,0
BRDA:291,41,1,0
BRDA:296,42,0,0
BRDA:296,42,1,0
BRDA:296,42,2,0
BRDA:298,43,0,0
BRDA:298,43,1,0
BRDA:301,44,0,0
BRDA:301,44,1,0
BRDA:301,44,2,0
BRDA:301,44,3,0
BRDA:313,45,0,0
BRDA:313,45,1,0
BRDA:314,46,0,0
BRDA:314,46,1,0
BRDA:314,46,2,0
BRDA:315,47,0,0
BRDA:315,47,1,0
BRDA:329,48,0,0
BRDA:329,48,1,0
BRDA:329,49,0,0
BRDA:329,49,1,0
BRDA:331,50,0,0
BRDA:331,50,1,0
BRDA:333,51,0,0
BRDA:333,51,1,0
BRDA:353,52,0,0
BRDA:353,52,1,0
BRDA:354,53,0,0
BRDA:354,53,1,0
BRDA:364,54,0,0
BRDA:364,54,1,0
BRDA:383,55,0,0
BRDA:383,55,1,0
BRDA:383,56,0,0
BRDA:383,56,1,0
BRDA:393,57,0,0
BRDA:393,57,1,0
BRDA:395,58,0,0
BRDA:395,58,1,0
BRDA:396,59,0,0
BRDA:396,59,1,0
BRDA:401,60,0,0
BRDA:401,60,1,0
BRDA:431,61,0,0
BRDA:431,61,1,0
BRDA:446,62,0,0
BRDA:446,62,1,0
BRDA:448,63,0,0
BRDA:448,63,1,0
BRDA:449,64,0,0
BRDA:449,64,1,0
BRDA:450,65,0,0
BRDA:450,65,1,0
BRDA:469,66,0,0
BRDA:469,66,1,0
BRDA:474,67,0,0
BRDA:474,67,1,0
BRDA:492,68,0,0
BRDA:492,68,1,0
BRDA:504,69,0,0
BRDA:504,69,1,0
BRDA:507,70,0,0
BRDA:507,70,1,0
BRDA:512,71,0,0
BRDA:512,71,1,0
BRDA:512,72,0,0
BRDA:512,72,1,0
BRDA:519,73,0,0
BRDA:519,73,1,0
BRDA:519,74,0,0
BRDA:519,74,1,0
BRDA:521,75,0,0
BRDA:521,75,1,0
BRDA:521,76,0,0
BRDA:521,76,1,0
BRDA:522,77,0,0
BRDA:522,77,1,0
BRDA:533,78,0,0
BRDA:533,78,1,0
BRDA:533,79,0,0
BRDA:533,79,1,0
BRDA:533,79,2,0
BRDA:542,80,0,0
BRDA:542,80,1,0
BRDA:547,81,0,0
BRDA:547,81,1,0
BRDA:548,82,0,0
BRDA:548,82,1,0
BRDA:550,83,0,0
BRDA:550,83,1,0
BRDA:561,84,0,0
BRDA:561,84,1,0
BRDA:563,85,0,0
BRDA:563,85,1,0
BRDA:564,86,0,0
BRDA:564,86,1,0
BRDA:565,87,0,0
BRDA:565,87,1,0
BRDA:577,88,0,0
BRDA:577,88,1,0
BRDA:591,89,0,0
BRDA:591,89,1,0
BRDA:599,90,0,0
BRDA:599,90,1,0
BRDA:611,91,0,0
BRDA:611,91,1,0
BRDA:617,92,0,0
BRDA:617,92,1,0
BRDA:619,93,0,0
BRDA:619,93,1,0
BRDA:620,94,0,0
BRDA:620,94,1,0
BRDA:621,95,0,0
BRDA:621,95,1,0
BRDA:635,96,0,0
BRDA:635,96,1,0
BRDA:643,97,0,0
BRDA:643,97,1,0
BRDA:654,98,0,0
BRDA:654,98,1,0
BRDA:666,99,0,0
BRDA:666,99,1,0
BRDA:677,100,0,0
BRDA:677,100,1,0
BRDA:689,101,0,0
BRDA:689,101,1,0
BRDA:692,102,0,0
BRDA:692,102,1,0
BRDA:697,103,0,0
BRDA:697,103,1,0
BRDA:697,104,0,0
BRDA:697,104,1,0
BRDA:701,105,0,0
BRDA:701,105,1,0
BRDA:701,106,0,0
BRDA:701,106,1,0
BRDA:703,107,0,0
BRDA:703,107,1,0
BRDA:703,108,0,0
BRDA:703,108,1,0
BRDA:704,109,0,0
BRDA:704,109,1,0
BRDA:715,110,0,0
BRDA:715,110,1,0
BRDA:715,111,0,0
BRDA:715,111,1,0
BRDA:715,111,2,0
BRDA:730,112,0,0
BRDA:730,112,1,0
BRDA:731,113,0,0
BRDA:731,113,1,0
BRDA:733,114,0,0
BRDA:733,114,1,0
BRDA:744,115,0,0
BRDA:744,115,1,0
BRDA:746,116,0,0
BRDA:746,116,1,0
BRDA:747,117,0,0
BRDA:747,117,1,0
BRDA:748,118,0,0
BRDA:748,118,1,0
BRDA:756,119,0,0
BRDA:756,120,0,0
BRDA:758,121,0,0
BRDA:758,121,1,0
BRDA:759,122,0,0
BRDA:759,122,1,0
BRDA:760,123,0,0
BRDA:760,123,1,0
BRDA:782,124,0,0
BRDA:782,124,1,0
BRDA:792,125,0,0
BRDA:792,125,1,0
BRDA:807,126,0,0
BRDA:807,126,1,0
BRDA:808,127,0,0
BRDA:808,127,1,0
BRDA:833,128,0,0
BRDA:833,128,1,0
BRDA:834,129,0,0
BRDA:834,129,1,0
BRDA:843,130,0,0
BRDA:843,130,1,0
BRDA:843,131,0,0
BRDA:843,131,1,0
BRDA:845,132,0,0
BRDA:845,132,1,0
BRF:270
BRH:0
end_of_record
TN:
SF:src/modules/deployment/deployment.model.js
FNF:0
FNH:0
DA:1,1
DA:6,1
DA:12,1
DA:31,1
DA:142,1
DA:143,1
DA:145,1
LF:7
LH:7
BRF:0
BRH:0
end_of_record
TN:
SF:src/modules/deployment/deployment.routes.js
FNF:0
FNH:0
DA:1,0
DA:2,0
DA:4,0
DA:5,0
DA:6,0
DA:7,0
DA:8,0
DA:15,0
DA:17,0
DA:23,0
DA:24,0
DA:25,0
DA:26,0
DA:28,0
DA:29,0
DA:30,0
DA:36,0
DA:37,0
DA:39,0
DA:42,0
DA:44,0
DA:53,0
DA:54,0
DA:56,0
DA:64,0
DA:66,0
LF:26
LH:0
BRF:0
BRH:0
end_of_record
TN:
SF:src/modules/deployment/deploymentProviderConnection.model.js
FNF:0
FNH:0
DA:1,0
DA:2,0
DA:15,0
DA:45,0
DA:47,0
LF:5
LH:0
BRF:0
BRH:0
end_of_record
TN:
SF:src/modules/deployment/index.js
FNF:0
FNH:0
DA:1,0
LF:1
LH:0
BRF:0
BRH:0
end_of_record
TN:
SF:src/modules/github/github.controller.js
FN:15,(anonymous_0)
FN:24,(anonymous_1)
FN:26,(anonymous_2)
FN:56,(anonymous_3)
FN:77,(anonymous_4)
FN:125,(anonymous_5)
FN:141,(anonymous_6)
FN:166,(anonymous_7)
FN:182,(anonymous_8)
FN:221,(anonymous_9)
FN:222,(anonymous_10)
FN:233,(anonymous_11)
FN:250,(anonymous_12)
FN:265,(anonymous_13)
FN:277,(anonymous_14)
FNF:15
FNH:0
FNDA:0,(anonymous_0)
FNDA:0,(anonymous_1)
FNDA:0,(anonymous_2)
FNDA:0,(anonymous_3)
FNDA:0,(anonymous_4)
FNDA:0,(anonymous_5)
FNDA:0,(anonymous_6)
FNDA:0,(anonymous_7)
FNDA:0,(anonymous_8)
FNDA:0,(anonymous_9)
FNDA:0,(anonymous_10)
FNDA:0,(anonymous_11)
FNDA:0,(anonymous_12)
FNDA:0,(anonymous_13)
FNDA:0,(anonymous_14)
DA:1,0
DA:2,0
DA:4,0
DA:5,0
DA:6,0
DA:7,0
DA:8,0
DA:9,0
DA:10,0
DA:11,0
DA:13,0
DA:15,0
DA:16,0
DA:17,0
DA:19,0
DA:24,0
DA:26,0
DA:56,0
DA:57,0
DA:58,0
DA:59,0
DA:62,0
DA:66,0
DA:68,0
DA:77,0
DA:78,0
DA:80,0
DA:81,0
DA:82,0
DA:84,0
DA:85,0
DA:89,0
DA:90,0
DA:92,0
DA:94,0
DA:95,0
DA:98,0
DA:99,0
DA:101,0
DA:115,0
DA:117,0
DA:118,0
DA:125,0
DA:126,0
DA:127,0
DA:128,0
DA:135,0
DA:141,0
DA:142,0
DA:143,0
DA:144,0
DA:145,0
DA:148,0
DA:149,0
DA:154,0
DA:156,0
DA:157,0
DA:159,0
DA:166,0
DA:167,0
DA:168,0
DA:169,0
DA:171,0
DA:182,0
DA:183,0
DA:184,0
DA:185,0
DA:186,0
DA:189,0
DA:190,0
DA:191,0
DA:194,0
DA:195,0
DA:196,0
DA:199,0
DA:200,0
DA:201,0
DA:204,0
DA:205,0
DA:206,0
DA:209,0
DA:221,0
DA:222,0
DA:223,0
DA:227,0
DA:229,0
DA:233,0
DA:250,0
DA:251,0
DA:252,0
DA:253,0
DA:254,0
DA:256,0
DA:265,0
DA:266,0
DA:267,0
DA:268,0
DA:270,0
DA:277,0
DA:278,0
DA:279,0
DA:280,0
DA:285,0
DA:287,0
DA:293,0
DA:297,0
LF:106
LH:0
BRDA:19,0,0,0
BRDA:19,0,1,0
BRDA:58,1,0,0
BRDA:58,1,1,0
BRDA:81,2,0,0
BRDA:81,2,1,0
BRDA:84,3,0,0
BRDA:84,3,1,0
BRDA:84,4,0,0
BRDA:84,4,1,0
BRDA:94,5,0,0
BRDA:94,5,1,0
BRDA:94,6,0,0
BRDA:94,6,1,0
BRDA:130,7,0,0
BRDA:130,7,1,0
BRDA:144,8,0,0
BRDA:144,8,1,0
BRDA:156,9,0,0
BRDA:156,9,1,0
BRDA:190,10,0,0
BRDA:190,10,1,0
BRDA:195,11,0,0
BRDA:195,11,1,0
BRDA:195,12,0,0
BRDA:195,12,1,0
BRDA:200,13,0,0
BRDA:200,13,1,0
BRDA:205,14,0,0
BRDA:205,14,1,0
BRDA:214,15,0,0
BRDA:214,15,1,0
BRDA:239,16,0,0
BRDA:239,16,1,0
BRDA:240,17,0,0
BRDA:240,17,1,0
BRDA:241,18,0,0
BRDA:241,18,1,0
BRDA:242,19,0,0
BRDA:242,19,1,0
BRDA:253,20,0,0
BRDA:253,20,1,0
BRDA:268,21,0,0
BRDA:268,21,1,0
BRDA:279,22,0,0
BRDA:279,23,0,0
BRF:46
BRH:0
end_of_record
TN:
SF:src/modules/github/github.routes.js
FNF:0
FNH:0
DA:1,0
DA:2,0
DA:3,0
DA:5,0
DA:6,0
DA:7,0
DA:8,0
DA:9,0
DA:13,0
DA:15,0
DA:17,0
DA:18,0
DA:19,0
DA:20,0
DA:22,0
DA:40,0
DA:41,0
DA:42,0
DA:44,0
LF:19
LH:0
BRF:0
BRH:0
end_of_record
TN:
SF:src/modules/github/githubConnection.model.js
FNF:0
FNH:0
DA:1,0
DA:9,0
DA:33,0
LF:3
LH:0
BRF:0
BRH:0
end_of_record
TN:
SF:src/modules/github/index.js
FNF:0
FNH:0
DA:1,0
LF:1
LH:0
BRF:0
BRH:0
end_of_record
TN:
SF:src/modules/github/projectExport.model.js
FNF:0
FNH:0
DA:1,0
DA:2,0
DA:4,0
DA:51,0
DA:52,0
DA:54,0
LF:6
LH:0
BRF:0
BRH:0
end_of_record
TN:
SF:src/modules/payment/index.js
FNF:0
FNH:0
DA:1,0
LF:1
LH:0
BRF:0
BRH:0
end_of_record
TN:
SF:src/modules/payment/payment.controller.js
FN:16,(anonymous_0)
FN:22,(anonymous_1)
FN:24,(anonymous_2)
FN:30,(anonymous_3)
FN:42,(anonymous_4)
FN:56,(anonymous_5)
FN:61,(anonymous_6)
FN:84,(anonymous_7)
FN:108,(anonymous_8)
FN:151,(anonymous_9)
FN:193,(anonymous_10)
FN:230,(anonymous_11)
FN:255,(anonymous_12)
FN:325,(anonymous_13)
FN:341,(anonymous_14)
FN:385,(anonymous_15)
FN:397,(anonymous_16)
FN:422,(anonymous_17)
FN:504,(anonymous_18)
FN:535,(anonymous_19)
FN:635,(anonymous_20)
FN:755,(anonymous_21)
FNF:22
FNH:0
FNDA:0,(anonymous_0)
FNDA:0,(anonymous_1)
FNDA:0,(anonymous_2)
FNDA:0,(anonymous_3)
FNDA:0,(anonymous_4)
FNDA:0,(anonymous_5)
FNDA:0,(anonymous_6)
FNDA:0,(anonymous_7)
FNDA:0,(anonymous_8)
FNDA:0,(anonymous_9)
FNDA:0,(anonymous_10)
FNDA:0,(anonymous_11)
FNDA:0,(anonymous_12)
FNDA:0,(anonymous_13)
FNDA:0,(anonymous_14)
FNDA:0,(anonymous_15)
FNDA:0,(anonymous_16)
FNDA:0,(anonymous_17)
FNDA:0,(anonymous_18)
FNDA:0,(anonymous_19)
FNDA:0,(anonymous_20)
FNDA:0,(anonymous_21)
DA:1,0
DA:2,0
DA:3,0
DA:4,0
DA:5,0
DA:6,0
DA:7,0
DA:8,0
DA:9,0
DA:10,0
DA:11,0
DA:12,0
DA:14,0
DA:16,0
DA:17,0
DA:18,0
DA:19,0
DA:22,0
DA:24,0
DA:30,0
DA:42,0
DA:43,0
DA:44,0
DA:46,0
DA:56,0
DA:57,0
DA:58,0
DA:61,0
DA:84,0
DA:108,0
DA:109,0
DA:110,0
DA:112,0
DA:113,0
DA:116,0
DA:117,0
DA:119,0
DA:120,0
DA:121,0
DA:124,0
DA:125,0
DA:126,0
DA:129,0
DA:130,0
DA:133,0
DA:134,0
DA:137,0
DA:138,0
DA:139,0
DA:140,0
DA:143,0
DA:144,0
DA:145,0
DA:148,0
DA:151,0
DA:152,0
DA:153,0
DA:155,0
DA:156,0
DA:157,0
DA:160,0
DA:161,0
DA:164,0
DA:165,0
DA:167,0
DA:168,0
DA:169,0
DA:170,0
DA:171,0
DA:174,0
DA:175,0
DA:176,0
DA:179,0
DA:186,0
DA:190,0
DA:193,0
DA:194,0
DA:196,0
DA:197,0
DA:199,0
DA:223,0
DA:224,0
DA:227,0
DA:230,0
DA:231,0
DA:233,0
DA:249,0
DA:255,0
DA:256,0
DA:258,0
DA:259,0
DA:260,0
DA:263,0
DA:264,0
DA:265,0
DA:268,0
DA:289,0
DA:290,0
DA:293,0
DA:318,0
DA:319,0
DA:322,0
DA:325,0
DA:326,0
DA:328,0
DA:333,0
DA:335,0
DA:336,0
DA:337,0
DA:338,0
DA:341,0
DA:342,0
DA:343,0
DA:344,0
DA:345,0
DA:348,0
DA:350,0
DA:369,0
DA:371,0
DA:372,0
DA:373,0
DA:379,0
DA:382,0
DA:385,0
DA:386,0
DA:387,0
DA:388,0
DA:389,0
DA:390,0
DA:393,0
DA:397,0
DA:398,0
DA:400,0
DA:401,0
DA:404,0
DA:422,0
DA:423,0
DA:430,0
DA:431,0
DA:432,0
DA:433,0
DA:434,0
DA:435,0
DA:436,0
DA:437,0
DA:439,0
DA:440,0
DA:441,0
DA:443,0
DA:447,0
DA:449,0
DA:456,0
DA:457,0
DA:458,0
DA:460,0
DA:461,0
DA:466,0
DA:470,0
DA:471,0
DA:474,0
DA:475,0
DA:476,0
DA:477,0
DA:478,0
DA:479,0
DA:480,0
DA:482,0
DA:483,0
DA:484,0
DA:486,0
DA:490,0
DA:492,0
DA:493,0
DA:494,0
DA:496,0
DA:499,0
DA:501,0
DA:504,0
DA:505,0
DA:506,0
DA:507,0
DA:509,0
DA:510,0
DA:511,0
DA:512,0
DA:514,0
DA:525,0
DA:526,0
DA:535,0
DA:536,0
DA:538,0
DA:539,0
DA:540,0
DA:542,0
DA:543,0
DA:544,0
DA:545,0
DA:547,0
DA:557,0
DA:559,0
DA:560,0
DA:561,0
DA:562,0
DA:563,0
DA:566,0
DA:567,0
DA:569,0
DA:588,0
DA:590,0
DA:591,0
DA:592,0
DA:593,0
DA:594,0
DA:596,0
DA:617,0
DA:618,0
DA:619,0
DA:620,0
DA:621,0
DA:624,0
DA:625,0
DA:635,0
DA:636,0
DA:638,0
DA:642,0
DA:644,0
DA:645,0
DA:646,0
DA:648,0
DA:649,0
DA:655,0
DA:656,0
DA:657,0
DA:660,0
DA:661,0
DA:662,0
DA:665,0
DA:666,0
DA:667,0
DA:670,0
DA:671,0
DA:678,0
DA:679,0
DA:684,0
DA:689,0
DA:690,0
DA:691,0
DA:694,0
DA:696,0
DA:697,0
DA:700,0
DA:701,0
DA:702,0
DA:703,0
DA:704,0
DA:705,0
DA:707,0
DA:713,0
DA:714,0
DA:715,0
DA:716,0
DA:717,0
DA:719,0
DA:727,0
DA:734,0
DA:736,0
DA:738,0
DA:739,0
DA:740,0
DA:742,0
DA:746,0
DA:755,0
DA:756,0
DA:757,0
DA:759,0
DA:760,0
DA:761,0
DA:762,0
DA:763,0
DA:767,0
DA:768,0
DA:769,0
DA:771,0
DA:773,0
DA:774,0
DA:775,0
DA:776,0
DA:780,0
DA:782,0
DA:785,0
DA:786,0
DA:787,0
DA:788,0
DA:799,0
DA:800,0
DA:803,0
DA:805,0
DA:808,0
DA:811,0
DA:813,0
DA:814,0
DA:818,0
LF:302
LH:0
BRDA:22,0,0,0
BRDA:22,0,1,0
BRDA:31,1,0,0
BRDA:31,1,1,0
BRDA:32,2,0,0
BRDA:32,2,1,0
BRDA:33,3,0,0
BRDA:33,3,1,0
BRDA:34,4,0,0
BRDA:34,4,1,0
BRDA:35,5,0,0
BRDA:35,5,1,0
BRDA:36,6,0,0
BRDA:36,6,1,0
BRDA:37,7,0,0
BRDA:37,7,1,0
BRDA:38,8,0,0
BRDA:38,8,1,0
BRDA:39,9,0,0
BRDA:39,9,1,0
BRDA:39,9,2,0
BRDA:43,10,0,0
BRDA:43,10,1,0
BRDA:44,11,0,0
BRDA:44,11,1,0
BRDA:47,12,0,0
BRDA:47,12,1,0
BRDA:47,12,2,0
BRDA:50,13,0,0
BRDA:50,13,1,0
BRDA:51,14,0,0
BRDA:51,14,1,0
BRDA:52,15,0,0
BRDA:52,15,1,0
BRDA:56,16,0,0
BRDA:57,17,0,0
BRDA:57,17,1,0
BRDA:61,18,0,0
BRDA:61,19,0,0
BRDA:61,20,0,0
BRDA:72,21,0,0
BRDA:72,21,1,0
BRDA:73,22,0,0
BRDA:73,22,1,0
BRDA:74,23,0,0
BRDA:74,23,1,0
BRDA:75,24,0,0
BRDA:75,24,1,0
BRDA:76,25,0,0
BRDA:76,25,1,0
BRDA:77,26,0,0
BRDA:77,26,1,0
BRDA:78,27,0,0
BRDA:78,27,1,0
BRDA:79,28,0,0
BRDA:79,28,1,0
BRDA:80,29,0,0
BRDA:80,29,1,0
BRDA:87,30,0,0
BRDA:87,30,1,0
BRDA:93,31,0,0
BRDA:93,31,1,0
BRDA:94,32,0,0
BRDA:94,32,1,0
BRDA:95,33,0,0
BRDA:95,33,1,0
BRDA:96,34,0,0
BRDA:96,34,1,0
BRDA:97,35,0,0
BRDA:97,35,1,0
BRDA:98,36,0,0
BRDA:98,36,1,0
BRDA:99,37,0,0
BRDA:99,37,1,0
BRDA:100,38,0,0
BRDA:100,38,1,0
BRDA:101,39,0,0
BRDA:101,39,1,0
BRDA:102,40,0,0
BRDA:102,40,1,0
BRDA:102,40,2,0
BRDA:103,41,0,0
BRDA:103,41,1,0
BRDA:103,41,2,0
BRDA:110,42,0,0
BRDA:110,42,1,0
BRDA:112,43,0,0
BRDA:112,43,1,0
BRDA:119,44,0,0
BRDA:119,44,1,0
BRDA:120,45,0,0
BRDA:120,45,1,0
BRDA:125,46,0,0
BRDA:125,46,1,0
BRDA:129,47,0,0
BRDA:129,47,1,0
BRDA:133,48,0,0
BRDA:133,48,1,0
BRDA:133,49,0,0
BRDA:133,49,1,0
BRDA:139,50,0,0
BRDA:139,50,1,0
BRDA:144,51,0,0
BRDA:144,51,1,0
BRDA:153,52,0,0
BRDA:153,52,1,0
BRDA:156,53,0,0
BRDA:156,53,1,0
BRDA:160,54,0,0
BRDA:160,54,1,0
BRDA:165,55,0,0
BRDA:165,55,1,0
BRDA:167,56,0,0
BRDA:167,56,1,0
BRDA:174,57,0,0
BRDA:174,57,1,0
BRDA:175,58,0,0
BRDA:175,58,1,0
BRDA:175,59,0,0
BRDA:175,59,1,0
BRDA:179,60,0,0
BRDA:179,60,1,0
BRDA:180,61,0,0
BRDA:180,61,1,0
BRDA:180,61,2,0
BRDA:180,61,3,0
BRDA:180,61,4,0
BRDA:194,62,0,0
BRDA:194,62,1,0
BRDA:194,63,0,0
BRDA:194,63,1,0
BRDA:223,64,0,0
BRDA:223,64,1,0
BRDA:231,65,0,0
BRDA:231,65,1,0
BRDA:256,66,0,0
BRDA:256,66,1,0
BRDA:259,67,0,0
BRDA:259,67,1,0
BRDA:263,68,0,0
BRDA:263,68,1,0
BRDA:264,69,0,0
BRDA:264,69,1,0
BRDA:289,70,0,0
BRDA:289,70,1,0
BRDA:289,71,0,0
BRDA:289,71,1,0
BRDA:318,72,0,0
BRDA:318,72,1,0
BRDA:326,73,0,0
BRDA:326,73,1,0
BRDA:333,74,0,0
BRDA:333,74,1,0
BRDA:342,75,0,0
BRDA:342,75,1,0
BRDA:343,76,0,0
BRDA:343,76,1,0
BRDA:355,77,0,0
BRDA:355,77,1,0
BRDA:366,78,0,0
BRDA:366,78,1,0
BRDA:372,79,0,0
BRDA:372,79,1,0
BRDA:376,80,0,0
BRDA:376,80,1,0
BRDA:389,81,0,0
BRDA:389,81,1,0
BRDA:400,82,0,0
BRDA:400,82,1,0
BRDA:412,83,0,0
BRDA:412,83,1,0
BRDA:415,84,0,0
BRDA:415,84,1,0
BRDA:422,85,0,0
BRDA:422,86,0,0
BRDA:422,87,0,0
BRDA:423,88,0,0
BRDA:423,88,1,0
BRDA:430,89,0,0
BRDA:430,89,1,0
BRDA:434,90,0,0
BRDA:434,90,1,0
BRDA:435,91,0,0
BRDA:435,91,1,0
BRDA:436,92,0,0
BRDA:436,92,1,0
BRDA:439,93,0,0
BRDA:439,93,1,0
BRDA:460,94,0,0
BRDA:460,94,1,0
BRDA:470,95,0,0
BRDA:470,95,1,0
BRDA:477,96,0,0
BRDA:477,96,1,0
BRDA:478,97,0,0
BRDA:478,97,1,0
BRDA:479,98,0,0
BRDA:479,98,1,0
BRDA:482,99,0,0
BRDA:482,99,1,0
BRDA:518,100,0,0
BRDA:518,100,1,0
BRDA:526,101,0,0
BRDA:526,101,1,0
BRDA:526,102,0,0
BRDA:526,102,1,0
BRDA:553,103,0,0
BRDA:553,103,1,0
BRDA:554,104,0,0
BRDA:554,104,1,0
BRDA:560,105,0,0
BRDA:560,105,1,0
BRDA:566,106,0,0
BRDA:566,106,1,0
BRDA:578,107,0,0
BRDA:578,107,1,0
BRDA:581,108,0,0
BRDA:581,108,1,0
BRDA:612,109,0,0
BRDA:612,109,1,0
BRDA:625,110,0,0
BRDA:625,110,1,0
BRDA:625,111,0,0
BRDA:625,111,1,0
BRDA:644,112,0,0
BRDA:644,112,1,0
BRDA:645,113,0,0
BRDA:645,113,1,0
BRDA:646,114,0,0
BRDA:646,114,1,0
BRDA:648,115,0,0
BRDA:648,115,1,0
BRDA:648,116,0,0
BRDA:648,116,1,0
BRDA:648,116,2,0
BRDA:656,117,0,0
BRDA:656,117,1,0
BRDA:661,118,0,0
BRDA:661,118,1,0
BRDA:666,119,0,0
BRDA:666,119,1,0
BRDA:670,120,0,0
BRDA:670,120,1,0
BRDA:671,121,0,0
BRDA:671,121,1,0
BRDA:678,122,0,0
BRDA:678,122,1,0
BRDA:690,123,0,0
BRDA:690,123,1,0
BRDA:700,124,0,0
BRDA:700,124,1,0
BRDA:700,125,0,0
BRDA:700,125,1,0
BRDA:738,126,0,0
BRDA:738,126,1,0
BRDA:738,127,0,0
BRDA:738,127,1,0
BRDA:746,128,0,0
BRDA:746,128,1,0
BRDA:746,129,0,0
BRDA:746,129,1,0
BRDA:759,130,0,0
BRDA:759,130,1,0
BRDA:759,131,0,0
BRDA:759,131,1,0
BRDA:760,132,0,0
BRDA:760,132,1,0
BRDA:762,133,0,0
BRDA:762,133,1,0
BRDA:767,134,0,0
BRDA:767,134,1,0
BRDA:771,135,0,0
BRDA:771,135,1,0
BRDA:771,135,2,0
BRDA:775,136,0,0
BRDA:775,136,1,0
BRDA:787,137,0,0
BRDA:787,137,1,0
BRDA:799,138,0,0
BRDA:799,138,1,0
BRF:280
BRH:0
end_of_record
TN:
SF:src/modules/payment/payment.model.js
FNF:0
FNH:0
DA:1,1
DA:3,1
DA:69,1
DA:70,1
DA:72,1
LF:5
LH:5
BRF:0
BRH:0
end_of_record
TN:
SF:src/modules/payment/payment.routes.js
FNF:0
FNH:0
DA:1,0
DA:2,0
DA:3,0
DA:4,0
DA:5,0
DA:6,0
DA:8,0
DA:9,0
DA:10,0
DA:11,0
DA:13,0
LF:11
LH:0
BRF:0
BRH:0
end_of_record
TN:
SF:src/modules/payment/purchase.model.js
FN:66,(anonymous_0)
FN:87,(anonymous_1)
FNF:2
FNH:0
FNDA:0,(anonymous_0)
FNDA:0,(anonymous_1)
DA:1,1
DA:3,1
DA:67,0
DA:83,1
DA:84,1
DA:85,1
DA:87,1
DA:88,0
DA:91,1
LF:9
LH:7
BRDA:67,0,0,0
BRDA:67,0,1,0
BRF:2
BRH:0
end_of_record
TN:
SF:src/modules/payout/index.js
FNF:0
FNH:0
DA:1,0
LF:1
LH:0
BRF:0
BRH:0
end_of_record
TN:
SF:src/modules/payout/payout.controller.js
FN:15,(anonymous_0)
FN:50,(anonymous_1)
FN:90,(anonymous_2)
FN:159,(anonymous_3)
FN:198,(anonymous_4)
FN:199,(anonymous_5)
FN:200,(anonymous_6)
FN:219,(anonymous_7)
FN:232,(anonymous_8)
FN:233,(anonymous_9)
FN:234,(anonymous_10)
FN:235,(anonymous_11)
FN:257,(anonymous_12)
FNF:13
FNH:0
FNDA:0,(anonymous_0)
FNDA:0,(anonymous_1)
FNDA:0,(anonymous_2)
FNDA:0,(anonymous_3)
FNDA:0,(anonymous_4)
FNDA:0,(anonymous_5)
FNDA:0,(anonymous_6)
FNDA:0,(anonymous_7)
FNDA:0,(anonymous_8)
FNDA:0,(anonymous_9)
FNDA:0,(anonymous_10)
FNDA:0,(anonymous_11)
FNDA:0,(anonymous_12)
DA:1,0
DA:2,0
DA:3,0
DA:4,0
DA:5,0
DA:6,0
DA:7,0
DA:8,0
DA:15,0
DA:16,0
DA:17,0
DA:18,0
DA:20,0
DA:28,0
DA:30,0
DA:36,0
DA:37,0
DA:50,0
DA:51,0
DA:52,0
DA:53,0
DA:56,0
DA:57,0
DA:58,0
DA:60,0
DA:68,0
DA:70,0
DA:76,0
DA:77,0
DA:90,0
DA:91,0
DA:92,0
DA:93,0
DA:96,0
DA:97,0
DA:103,0
DA:107,0
DA:108,0
DA:114,0
DA:115,0
DA:122,0
DA:123,0
DA:124,0
DA:125,0
DA:126,0
DA:127,0
DA:129,0
DA:132,0
DA:133,0
DA:135,0
DA:139,0
DA:145,0
DA:146,0
DA:159,0
DA:160,0
DA:161,0
DA:162,0
DA:163,0
DA:166,0
DA:167,0
DA:173,0
DA:180,0
DA:183,0
DA:194,0
DA:198,0
DA:199,0
DA:200,0
DA:205,0
DA:206,0
DA:219,0
DA:220,0
DA:221,0
DA:231,0
DA:232,0
DA:233,0
DA:234,0
DA:235,0
DA:238,0
DA:243,0
DA:244,0
DA:257,0
DA:258,0
DA:259,0
DA:260,0
DA:262,0
DA:263,0
DA:269,0
DA:272,0
DA:273,0
DA:279,0
DA:280,0
DA:281,0
DA:282,0
DA:284,0
DA:286,0
DA:292,0
DA:293,0
DA:301,0
LF:98
LH:0
BRDA:17,0,0,0
BRDA:17,1,0,0
BRDA:52,2,0,0
BRDA:52,3,0,0
BRDA:57,4,0,0
BRDA:57,4,1,0
BRDA:58,5,0,0
BRDA:58,5,1,0
BRDA:96,6,0,0
BRDA:96,6,1,0
BRDA:96,7,0,0
BRDA:96,7,1,0
BRDA:107,8,0,0
BRDA:107,8,1,0
BRDA:114,9,0,0
BRDA:114,9,1,0
BRDA:124,10,0,0
BRDA:124,10,1,0
BRDA:162,11,0,0
BRDA:162,12,0,0
BRDA:166,13,0,0
BRDA:166,13,1,0
BRDA:166,14,0,0
BRDA:166,14,1,0
BRDA:198,15,0,0
BRDA:198,15,1,0
BRDA:199,16,0,0
BRDA:199,16,1,0
BRDA:200,17,0,0
BRDA:200,17,1,0
BRDA:232,18,0,0
BRDA:232,18,1,0
BRDA:233,19,0,0
BRDA:233,19,1,0
BRDA:234,20,0,0
BRDA:234,20,1,0
BRDA:235,21,0,0
BRDA:235,21,1,0
BRDA:262,22,0,0
BRDA:262,22,1,0
BRDA:272,23,0,0
BRDA:272,23,1,0
BRF:42
BRH:0
end_of_record
TN:
SF:src/modules/payout/payout.model.js
FNF:0
FNH:0
DA:1,1
DA:3,1
DA:43,1
DA:44,1
DA:45,1
DA:47,1
LF:6
LH:6
BRF:0
BRH:0
end_of_record
TN:
SF:src/modules/payout/payout.routes.js
FNF:0
FNH:0
DA:1,0
DA:2,0
DA:3,0
DA:4,0
DA:5,0
DA:7,0
DA:8,0
DA:9,0
DA:10,0
DA:11,0
DA:12,0
DA:14,0
LF:12
LH:0
BRF:0
BRH:0
end_of_record
TN:
SF:src/modules/seller/index.js
FNF:0
FNH:0
DA:1,0
LF:1
LH:0
BRF:0
BRH:0
end_of_record
TN:
SF:src/modules/seller/seller.controller.js
FN:9,(anonymous_0)
FN:34,(anonymous_1)
FN:44,(anonymous_2)
FN:56,(anonymous_3)
FN:62,(anonymous_4)
FN:64,(anonymous_5)
FN:77,(anonymous_6)
FN:105,(anonymous_7)
FN:131,(anonymous_8)
FN:146,(anonymous_9)
FNF:10
FNH:0
FNDA:0,(anonymous_0)
FNDA:0,(anonymous_1)
FNDA:0,(anonymous_2)
FNDA:0,(anonymous_3)
FNDA:0,(anonymous_4)
FNDA:0,(anonymous_5)
FNDA:0,(anonymous_6)
FNDA:0,(anonymous_7)
FNDA:0,(anonymous_8)
FNDA:0,(anonymous_9)
DA:1,0
DA:2,0
DA:3,0
DA:4,0
DA:5,0
DA:6,0
DA:7,0
DA:9,0
DA:10,0
DA:11,0
DA:12,0
DA:14,0
DA:15,0
DA:17,0
DA:18,0
DA:20,0
DA:21,0
DA:23,0
DA:24,0
DA:25,0
DA:28,0
DA:29,0
DA:31,0
DA:33,0
DA:34,0
DA:38,0
DA:40,0
DA:44,0
DA:45,0
DA:46,0
DA:47,0
DA:48,0
DA:50,0
DA:56,0
DA:57,0
DA:61,0
DA:62,0
DA:64,0
DA:69,0
DA:71,0
DA:73,0
DA:77,0
DA:78,0
DA:79,0
DA:80,0
DA:81,0
DA:82,0
DA:84,0
DA:85,0
DA:86,0
DA:87,0
DA:88,0
DA:89,0
DA:90,0
DA:92,0
DA:93,0
DA:95,0
DA:96,0
DA:97,0
DA:99,0
DA:101,0
DA:105,0
DA:106,0
DA:107,0
DA:109,0
DA:116,0
DA:127,0
DA:131,0
DA:132,0
DA:133,0
DA:134,0
DA:135,0
DA:137,0
DA:138,0
DA:140,0
DA:142,0
DA:146,0
DA:147,0
DA:148,0
DA:149,0
DA:150,0
DA:151,0
DA:153,0
DA:154,0
DA:155,0
DA:157,0
DA:159,0
DA:163,0
LF:88
LH:0
BRDA:14,0,0,0
BRDA:14,0,1,0
BRDA:17,1,0,0
BRDA:17,1,1,0
BRDA:17,2,0,0
BRDA:17,2,1,0
BRDA:20,3,0,0
BRDA:20,3,1,0
BRDA:20,4,0,0
BRDA:20,4,1,0
BRDA:20,4,2,0
BRDA:23,5,0,0
BRDA:23,5,1,0
BRDA:25,6,0,0
BRDA:25,6,1,0
BRDA:28,7,0,0
BRDA:28,7,1,0
BRDA:33,8,0,0
BRDA:33,8,1,0
BRDA:40,9,0,0
BRDA:40,9,1,0
BRDA:46,10,0,0
BRDA:46,11,0,0
BRDA:48,12,0,0
BRDA:48,12,1,0
BRDA:66,13,0,0
BRDA:66,13,1,0
BRDA:80,14,0,0
BRDA:80,14,1,0
BRDA:81,15,0,0
BRDA:81,15,1,0
BRDA:85,16,0,0
BRDA:85,16,1,0
BRDA:86,17,0,0
BRDA:86,17,1,0
BRDA:87,18,0,0
BRDA:87,18,1,0
BRDA:88,19,0,0
BRDA:88,19,1,0
BRDA:89,20,0,0
BRDA:89,20,1,0
BRDA:89,21,0,0
BRDA:89,21,1,0
BRDA:92,22,0,0
BRDA:92,22,1,0
BRDA:93,23,0,0
BRDA:93,23,1,0
BRDA:119,24,0,0
BRDA:119,24,1,0
BRDA:120,25,0,0
BRDA:120,25,1,0
BRDA:121,26,0,0
BRDA:121,26,1,0
BRDA:121,27,0,0
BRDA:121,27,1,0
BRDA:122,28,0,0
BRDA:122,28,1,0
BRDA:122,29,0,0
BRDA:122,29,1,0
BRDA:133,30,0,0
BRDA:133,31,0,0
BRDA:135,32,0,0
BRDA:135,32,1,0
BRDA:149,33,0,0
BRDA:149,33,1,0
BRDA:150,34,0,0
BRDA:150,34,1,0
BRF:67
BRH:0
end_of_record
TN:
SF:src/modules/seller/seller.routes.js
FNF:0
FNH:0
DA:1,0
DA:2,0
DA:3,0
DA:4,0
DA:5,0
DA:6,0
DA:8,0
DA:10,0
DA:11,0
DA:12,0
DA:13,0
DA:14,0
DA:15,0
DA:17,0
LF:14
LH:0
BRF:0
BRH:0
end_of_record
TN:
SF:src/modules/user/bankDetails.model.js
FNF:0
FNH:0
DA:1,0
DA:3,0
DA:31,0
LF:3
LH:0
BRF:0
BRH:0
end_of_record
TN:
SF:src/modules/user/bankSetup.controller.js
FN:10,(anonymous_0)
FN:46,(anonymous_1)
FN:94,(anonymous_2)
FN:133,(anonymous_3)
FNF:4
FNH:0
FNDA:0,(anonymous_0)
FNDA:0,(anonymous_1)
FNDA:0,(anonymous_2)
FNDA:0,(anonymous_3)
DA:1,0
DA:2,0
DA:10,0
DA:11,0
DA:12,0
DA:13,0
DA:15,0
DA:16,0
DA:18,0
DA:19,0
DA:20,0
DA:21,0
DA:22,0
DA:23,0
DA:25,0
DA:36,0
DA:37,0
DA:46,0
DA:47,0
DA:48,0
DA:49,0
DA:51,0
DA:52,0
DA:54,0
DA:55,0
DA:65,0
DA:68,0
DA:69,0
DA:70,0
DA:71,0
DA:72,0
DA:74,0
DA:84,0
DA:85,0
DA:94,0
DA:95,0
DA:96,0
DA:97,0
DA:98,0
DA:108,0
DA:124,0
DA:133,0
DA:134,0
DA:135,0
DA:136,0
DA:137,0
DA:139,0
DA:140,0
DA:141,0
DA:143,0
DA:147,0
LF:51
LH:0
BRDA:13,0,0,0
BRDA:13,0,1,0
BRDA:16,1,0,0
BRDA:16,1,1,0
BRDA:49,2,0,0
BRDA:49,2,1,0
BRDA:54,3,0,0
BRDA:54,3,1,0
BRDA:97,4,0,0
BRDA:97,4,1,0
BRDA:111,5,0,0
BRDA:111,5,1,0
BRDA:118,6,0,0
BRDA:118,6,1,0
BRDA:118,7,0,0
BRDA:118,7,1,0
BRDA:137,8,0,0
BRDA:137,8,1,0
BRDA:141,9,0,0
BRDA:141,9,1,0
BRF:20
BRH:0
end_of_record
TN:
SF:src/modules/user/index.js
FNF:0
FNH:0
DA:1,0
LF:1
LH:0
BRF:0
BRH:0
end_of_record
TN:
SF:src/modules/user/user.controller.js
FN:9,(anonymous_0)
FN:20,(anonymous_1)
FN:42,(anonymous_2)
FN:52,(anonymous_3)
FN:78,(anonymous_4)
FN:100,(anonymous_5)
FN:109,(anonymous_6)
FN:126,(anonymous_7)
FN:156,(anonymous_8)
FN:187,(anonymous_9)
FNF:10
FNH:0
FNDA:0,(anonymous_0)
FNDA:0,(anonymous_1)
FNDA:0,(anonymous_2)
FNDA:0,(anonymous_3)
FNDA:0,(anonymous_4)
FNDA:0,(anonymous_5)
FNDA:0,(anonymous_6)
FNDA:0,(anonymous_7)
FNDA:0,(anonymous_8)
FNDA:0,(anonymous_9)
DA:1,0
DA:2,0
DA:3,0
DA:4,0
DA:5,0
DA:6,0
DA:7,0
DA:9,0
DA:10,0
DA:11,0
DA:12,0
DA:13,0
DA:15,0
DA:16,0
DA:20,0
DA:21,0
DA:22,0
DA:24,0
DA:25,0
DA:26,0
DA:32,0
DA:33,0
DA:35,0
DA:36,0
DA:39,0
DA:42,0
DA:43,0
DA:44,0
DA:45,0
DA:46,0
DA:48,0
DA:52,0
DA:53,0
DA:54,0
DA:56,0
DA:57,0
DA:60,0
DA:61,0
DA:63,0
DA:64,0
DA:66,0
DA:68,0
DA:74,0
DA:78,0
DA:79,0
DA:80,0
DA:81,0
DA:83,0
DA:85,0
DA:86,0
DA:87,0
DA:88,0
DA:89,0
DA:92,0
DA:93,0
DA:94,0
DA:96,0
DA:100,0
DA:101,0
DA:102,0
DA:103,0
DA:105,0
DA:109,0
DA:110,0
DA:111,0
DA:112,0
DA:120,0
DA:122,0
DA:126,0
DA:127,0
DA:128,0
DA:129,0
DA:131,0
DA:144,0
DA:146,0
DA:152,0
DA:156,0
DA:157,0
DA:158,0
DA:159,0
DA:162,0
DA:163,0
DA:166,0
DA:167,0
DA:171,0
DA:174,0
DA:175,0
DA:177,0
DA:183,0
DA:187,0
DA:188,0
DA:189,0
DA:190,0
DA:193,0
DA:194,0
DA:197,0
DA:198,0
DA:200,0
DA:202,0
DA:206,0
LF:100
LH:0
BRDA:10,0,0,0
BRDA:10,0,1,0
BRDA:11,1,0,0
BRDA:11,1,1,0
BRDA:24,2,0,0
BRDA:24,2,1,0
BRDA:25,3,0,0
BRDA:25,3,1,0
BRDA:27,4,0,0
BRDA:27,4,1,0
BRDA:32,5,0,0
BRDA:32,5,1,0
BRDA:35,6,0,0
BRDA:35,6,1,0
BRDA:35,7,0,0
BRDA:35,7,1,0
BRDA:56,8,0,0
BRDA:56,8,1,0
BRDA:56,9,0,0
BRDA:56,9,1,0
BRDA:61,10,0,0
BRDA:61,10,1,0
BRDA:63,11,0,0
BRDA:63,11,1,0
BRDA:64,12,0,0
BRDA:64,12,1,0
BRDA:85,13,0,0
BRDA:85,13,1,0
BRDA:103,14,0,0
BRDA:103,14,1,0
BRDA:120,15,0,0
BRDA:120,15,1,0
BRDA:128,16,0,0
BRDA:128,17,0,0
BRDA:158,18,0,0
BRDA:158,18,1,0
BRDA:163,19,0,0
BRDA:163,19,1,0
BRDA:166,20,0,0
BRDA:166,20,1,0
BRDA:190,21,0,0
BRDA:190,21,1,0
BRDA:193,22,0,0
BRDA:193,22,1,0
BRF:44
BRH:0
end_of_record
TN:
SF:src/modules/user/user.model.js
FN:68,(anonymous_0)
FN:81,(anonymous_1)
FN:85,(anonymous_2)
FN:93,(anonymous_3)
FN:103,(anonymous_4)
FNF:5
FNH:0
FNDA:0,(anonymous_0)
FNDA:0,(anonymous_1)
FNDA:0,(anonymous_2)
FNDA:0,(anonymous_3)
FNDA:0,(anonymous_4)
DA:1,0
DA:2,0
DA:4,0
DA:66,0
DA:68,0
DA:69,0
DA:70,0
DA:72,0
DA:73,0
DA:74,0
DA:75,0
DA:77,0
DA:81,0
DA:82,0
DA:85,0
DA:86,0
DA:87,0
DA:88,0
DA:89,0
DA:90,0
DA:93,0
DA:94,0
DA:95,0
DA:96,0
DA:97,0
DA:98,0
DA:99,0
DA:100,0
DA:103,0
DA:104,0
DA:105,0
DA:106,0
DA:107,0
DA:108,0
DA:111,0
LF:35
LH:0
BRDA:69,0,0,0
BRDA:69,0,1,0
BRDA:69,1,0,0
BRDA:69,1,1,0
BRF:4
BRH:0
end_of_record
TN:
SF:src/modules/user/user.routes.js
FNF:0
FNH:0
DA:1,0
DA:2,0
DA:3,0
DA:4,0
DA:5,0
DA:6,0
DA:8,0
DA:10,0
DA:11,0
DA:12,0
DA:13,0
DA:14,0
DA:15,0
DA:17,0
DA:18,0
DA:19,0
DA:20,0
DA:21,0
DA:22,0
DA:24,0
LF:20
LH:0
BRF:0
BRH:0
end_of_record
TN:
SF:src/modules/website/index.js
FNF:0
FNH:0
DA:1,0
LF:1
LH:0
BRF:0
BRH:0
end_of_record
TN:
SF:src/modules/website/website.controller.js
FN:7,(anonymous_0)
FN:8,(anonymous_1)
FN:11,(anonymous_2)
FN:26,(anonymous_3)
FN:34,(anonymous_4)
FN:58,(anonymous_5)
FN:76,(anonymous_6)
FN:76,(anonymous_7)
FN:77,(anonymous_8)
FN:86,(anonymous_9)
FN:100,(anonymous_10)
FN:114,(anonymous_11)
FN:136,(anonymous_12)
FNF:13
FNH:11
FNDA:12,(anonymous_0)
FNDA:13,(anonymous_1)
FNDA:13,(anonymous_2)
FNDA:0,(anonymous_3)
FNDA:13,(anonymous_4)
FNDA:8,(anonymous_5)
FNDA:1,(anonymous_6)
FNDA:1,(anonymous_7)
FNDA:1,(anonymous_8)
FNDA:5,(anonymous_9)
FNDA:0,(anonymous_10)
FNDA:2,(anonymous_11)
FNDA:2,(anonymous_12)
DA:1,2
DA:2,2
DA:3,2
DA:4,2
DA:5,2
DA:7,2
DA:8,13
DA:10,12
DA:11,12
DA:12,13
DA:13,0
DA:15,13
DA:16,0
DA:20,12
DA:22,12
DA:23,0
DA:24,0
DA:25,0
DA:26,0
DA:27,0
DA:30,0
DA:34,12
DA:35,13
DA:36,0
DA:37,0
DA:38,0
DA:39,0
DA:40,0
DA:44,13
DA:45,0
DA:47,0
DA:48,0
DA:50,0
DA:55,12
DA:58,2
DA:59,8
DA:60,8
DA:61,8
DA:63,8
DA:64,8
DA:65,8
DA:68,8
DA:73,8
DA:75,8
DA:76,1
DA:77,1
DA:80,8
DA:82,0
DA:86,2
DA:87,5
DA:88,5
DA:93,5
DA:95,3
DA:96,1
DA:100,2
DA:102,2
DA:103,2
DA:105,2
DA:106,2
DA:108,2
DA:110,0
DA:114,2
DA:115,2
DA:116,2
DA:117,2
DA:118,2
DA:120,1
DA:121,1
DA:122,1
DA:124,1
DA:129,1
DA:130,1
DA:132,0
DA:136,2
DA:137,2
DA:138,2
DA:139,2
DA:141,1
DA:142,1
DA:149,1
DA:154,1
DA:155,1
DA:157,0
DA:161,2
LF:84
LH:63
BRDA:8,0,0,13
BRDA:8,0,1,0
BRDA:12,1,0,0
BRDA:12,1,1,13
BRDA:12,2,0,13
BRDA:12,2,1,0
BRDA:15,3,0,0
BRDA:15,3,1,13
BRDA:15,4,0,13
BRDA:15,4,1,0
BRDA:15,4,2,0
BRDA:22,5,0,0
BRDA:22,5,1,12
BRDA:27,6,0,0
BRDA:27,6,1,0
BRDA:35,7,0,0
BRDA:35,7,1,13
BRDA:36,8,0,0
BRDA:36,8,1,0
BRDA:37,9,0,0
BRDA:37,9,1,0
BRDA:38,10,0,0
BRDA:38,10,1,0
BRDA:39,11,0,0
BRDA:39,11,1,0
BRDA:40,12,0,0
BRDA:40,12,1,0
BRDA:44,13,0,0
BRDA:44,13,1,13
BRDA:44,14,0,13
BRDA:44,14,1,0
BRDA:45,15,0,0
BRDA:45,15,1,0
BRDA:47,16,0,0
BRDA:47,16,1,0
BRDA:60,17,0,8
BRDA:60,18,0,8
BRDA:60,19,0,8
BRDA:60,20,0,8
BRDA:64,21,0,1
BRDA:64,21,1,7
BRDA:65,22,0,1
BRDA:65,22,1,7
BRDA:65,23,0,8
BRDA:65,23,1,7
BRDA:65,24,0,1
BRDA:65,24,1,0
BRDA:65,25,0,1
BRDA:65,25,1,0
BRDA:69,26,0,0
BRDA:69,26,1,8
BRDA:75,27,0,1
BRDA:75,27,1,7
BRDA:93,28,0,2
BRDA:93,28,1,3
BRDA:95,29,0,1
BRDA:95,29,1,2
BRDA:95,30,0,3
BRDA:95,30,1,1
BRDA:103,31,0,0
BRDA:103,31,1,2
BRDA:117,32,0,2
BRDA:117,33,0,2
BRDA:118,34,0,1
BRDA:118,34,1,1
BRDA:122,35,0,0
BRDA:122,35,1,1
BRDA:138,36,0,2
BRDA:138,37,0,2
BRDA:139,38,0,1
BRDA:139,38,1,1
BRF:71
BRH:40
end_of_record
TN:
SF:src/modules/website/website.model.js
FN:51,(anonymous_0)
FN:122,(anonymous_1)
FN:126,(anonymous_2)
FN:132,(anonymous_3)
FNF:4
FNH:0
FNDA:0,(anonymous_0)
FNDA:0,(anonymous_1)
FNDA:0,(anonymous_2)
FNDA:0,(anonymous_3)
DA:1,1
DA:3,1
DA:52,0
DA:53,0
DA:115,1
DA:116,1
DA:117,1
DA:118,1
DA:120,1
DA:122,1
DA:123,0
DA:126,1
DA:127,0
DA:128,0
DA:129,0
DA:132,1
DA:133,0
DA:134,0
DA:135,0
DA:137,0
DA:140,1
LF:21
LH:11
BRDA:52,0,0,0
BRDA:52,0,1,0
BRDA:127,1,0,0
BRDA:127,1,1,0
BRDA:128,2,0,0
BRDA:128,2,1,0
BRDA:128,3,0,0
BRDA:128,3,1,0
BRDA:133,4,0,0
BRDA:133,4,1,0
BRDA:133,5,0,0
BRDA:133,5,1,0
BRDA:133,5,2,0
BRF:13
BRH:0
end_of_record
TN:
SF:src/modules/website/website.routes.js
FNF:0
FNH:0
DA:1,1
DA:2,1
DA:3,1
DA:4,1
DA:6,1
DA:7,1
DA:8,1
DA:9,1
DA:11,1
LF:9
LH:9
BRF:0
BRH:0
end_of_record
TN:
SF:src/modules/wishlist/index.js
FNF:0
FNH:0
DA:1,0
LF:1
LH:0
BRF:0
BRH:0
end_of_record
TN:
SF:src/modules/wishlist/wishlist.controller.js
FN:11,(anonymous_0)
FN:70,(anonymous_1)
FN:111,(anonymous_2)
FN:127,(anonymous_3)
FN:131,(anonymous_4)
FN:132,(anonymous_5)
FN:159,(anonymous_6)
FNF:7
FNH:3
FNDA:10,(anonymous_0)
FNDA:3,(anonymous_1)
FNDA:0,(anonymous_2)
FNDA:0,(anonymous_3)
FNDA:0,(anonymous_4)
FNDA:0,(anonymous_5)
FNDA:3,(anonymous_6)
DA:1,1
DA:2,1
DA:3,1
DA:4,1
DA:11,1
DA:12,10
DA:13,10
DA:14,10
DA:17,10
DA:19,10
DA:20,1
DA:27,9
DA:28,9
DA:33,9
DA:36,8
DA:40,8
DA:47,1
DA:48,1
DA:53,0
DA:56,0
DA:57,0
DA:70,1
DA:71,3
DA:72,3
DA:73,3
DA:75,3
DA:80,3
DA:81,2
DA:88,1
DA:92,1
DA:97,0
DA:98,0
DA:111,1
DA:112,0
DA:113,0
DA:114,0
DA:116,0
DA:127,0
DA:131,0
DA:132,0
DA:137,0
DA:139,0
DA:145,0
DA:146,0
DA:159,1
DA:160,3
DA:161,3
DA:163,3
DA:168,3
DA:175,0
DA:176,0
DA:184,1
LF:52
LH:34
BRDA:19,0,0,1
BRDA:19,0,1,9
BRDA:47,1,0,1
BRDA:47,1,1,0
BRDA:80,2,0,2
BRDA:80,2,1,1
BRDA:113,3,0,0
BRDA:113,4,0,0
BRF:8
BRH:5
end_of_record
TN:
SF:src/modules/wishlist/wishlist.model.js
FNF:0
FNH:0
DA:1,1
DA:3,1
DA:26,1
DA:29,1
DA:31,1
LF:5
LH:5
BRF:0
BRH:0
end_of_record
TN:
SF:src/modules/wishlist/wishlist.routes.js
FNF:0
FNH:0
DA:1,1
DA:2,1
DA:3,1
DA:4,1
DA:6,1
DA:7,1
DA:8,1
DA:9,1
DA:10,1
DA:12,1
LF:10
LH:10
BRF:0
BRH:0
end_of_record
TN:
SF:src/services/analytics.service.js
FN:8,(anonymous_0)
FN:29,(anonymous_1)
FN:43,(anonymous_2)
FN:56,(anonymous_3)
FNF:4
FNH:0
FNDA:0,(anonymous_0)
FNDA:0,(anonymous_1)
FNDA:0,(anonymous_2)
FNDA:0,(anonymous_3)
DA:1,0
DA:2,0
DA:3,0
DA:4,0
DA:5,0
DA:6,0
DA:8,0
DA:9,0
DA:19,0
DA:29,0
DA:30,0
DA:35,0
DA:40,0
DA:43,0
DA:44,0
DA:45,0
DA:47,0
DA:53,0
DA:56,0
DA:57,0
DA:58,0
DA:61,0
LF:22
LH:0
BRDA:23,0,0,0
BRDA:23,0,1,0
BRDA:24,1,0,0
BRDA:24,1,1,0
BRDA:25,2,0,0
BRDA:25,2,1,0
BRDA:43,3,0,0
BRF:7
BRH:0
end_of_record
TN:
SF:src/services/auction.cron.service.js
FN:5,(anonymous_0)
FN:30,(anonymous_1)
FNF:2
FNH:0
FNDA:0,(anonymous_0)
FNDA:0,(anonymous_1)
DA:1,0
DA:2,0
DA:3,0
DA:5,0
DA:6,0
DA:7,0
DA:8,0
DA:10,0
DA:11,0
DA:13,0
DA:14,0
DA:15,0
DA:16,0
DA:17,0
DA:18,0
DA:20,0
DA:21,0
DA:22,0
DA:26,0
DA:30,0
DA:32,0
DA:33,0
DA:36,0
LF:23
LH:0
BRDA:13,0,0,0
BRDA:13,0,1,0
BRF:2
BRH:0
end_of_record
TN:
SF:src/services/backup.cron.service.js
FN:6,(anonymous_0)
FN:54,(anonymous_1)
FNF:2
FNH:0
FNDA:0,(anonymous_0)
FNDA:0,(anonymous_1)
DA:1,0
DA:2,0
DA:4,0
DA:6,0
DA:7,0
DA:9,0
DA:10,0
DA:11,0
DA:14,0
DA:15,0
DA:16,0
DA:19,0
DA:21,0
DA:22,0
DA:27,0
DA:33,0
DA:35,0
DA:37,0
DA:54,0
DA:55,0
DA:56,0
DA:58,0
DA:59,0
DA:60,0
DA:61,0
DA:62,0
DA:65,0
DA:66,0
DA:67,0
DA:68,0
DA:69,0
DA:73,0
DA:74,0
DA:75,0
DA:78,0
LF:35
LH:0
BRDA:9,0,0,0
BRDA:9,0,1,0
BRDA:9,1,0,0
BRDA:9,1,1,0
BRDA:14,2,0,0
BRDA:14,2,1,0
BRDA:58,3,0,0
BRDA:58,3,1,0
BRDA:58,4,0,0
BRDA:58,4,1,0
BRDA:58,4,2,0
BRDA:65,5,0,0
BRDA:65,5,1,0
BRDA:67,6,0,0
BRDA:67,6,1,0
BRF:15
BRH:0
end_of_record
TN:
SF:src/services/email.service.js
FN:8,(anonymous_0)
FN:19,(anonymous_1)
FN:37,(anonymous_2)
FN:71,(anonymous_3)
FN:101,(anonymous_4)
FN:133,(anonymous_5)
FN:164,(anonymous_6)
FN:208,(anonymous_7)
FN:237,(anonymous_8)
FN:266,(anonymous_9)
FN:269,(anonymous_10)
FN:294,(anonymous_11)
FNF:12
FNH:0
FNDA:0,(anonymous_0)
FNDA:0,(anonymous_1)
FNDA:0,(anonymous_2)
FNDA:0,(anonymous_3)
FNDA:0,(anonymous_4)
FNDA:0,(anonymous_5)
FNDA:0,(anonymous_6)
FNDA:0,(anonymous_7)
FNDA:0,(anonymous_8)
FNDA:0,(anonymous_9)
FNDA:0,(anonymous_10)
FNDA:0,(anonymous_11)
DA:1,0
DA:2,0
DA:3,0
DA:8,0
DA:9,0
DA:10,0
DA:11,0
DA:15,0
DA:17,0
DA:18,0
DA:19,0
DA:21,0
DA:22,0
DA:24,0
DA:25,0
DA:26,0
DA:27,0
DA:29,0
DA:30,0
DA:31,0
DA:32,0
DA:33,0
DA:37,0
DA:38,0
DA:39,0
DA:40,0
DA:41,0
DA:43,0
DA:63,0
DA:64,0
DA:66,0
DA:67,0
DA:71,0
DA:72,0
DA:73,0
DA:95,0
DA:97,0
DA:101,0
DA:102,0
DA:103,0
DA:127,0
DA:129,0
DA:133,0
DA:134,0
DA:135,0
DA:158,0
DA:160,0
DA:164,0
DA:165,0
DA:166,0
DA:172,0
DA:176,0
DA:180,0
DA:202,0
DA:204,0
DA:208,0
DA:209,0
DA:210,0
DA:231,0
DA:233,0
DA:237,0
DA:238,0
DA:239,0
DA:240,0
DA:259,0
DA:261,0
DA:262,0
DA:266,0
DA:267,0
DA:268,0
DA:269,0
DA:272,0
DA:288,0
DA:290,0
DA:294,0
DA:295,0
DA:296,0
DA:319,0
DA:321,0
DA:325,0
LF:80
LH:0
BRDA:10,0,0,0
BRDA:10,0,1,0
BRDA:11,1,0,0
BRDA:11,1,1,0
BRDA:18,2,0,0
BRDA:18,2,1,0
BRDA:24,3,0,0
BRDA:24,3,1,0
BRDA:26,4,0,0
BRDA:26,4,1,0
BRDA:29,5,0,0
BRDA:29,5,1,0
BRDA:29,5,2,0
BRDA:31,6,0,0
BRDA:31,6,1,0
BRDA:31,6,2,0
BRDA:50,7,0,0
BRDA:50,7,1,0
BRDA:80,8,0,0
BRDA:80,8,1,0
BRDA:110,9,0,0
BRDA:110,9,1,0
BRDA:116,10,0,0
BRDA:116,10,1,0
BRDA:142,11,0,0
BRDA:142,11,1,0
BRDA:164,12,0,0
BRDA:172,13,0,0
BRDA:172,13,1,0
BRDA:176,14,0,0
BRDA:176,14,1,0
BRDA:187,15,0,0
BRDA:187,15,1,0
BRDA:192,16,0,0
BRDA:192,16,1,0
BRDA:217,17,0,0
BRDA:217,17,1,0
BRDA:222,18,0,0
BRDA:222,18,1,0
BRDA:223,19,0,0
BRDA:223,19,1,0
BRDA:224,20,0,0
BRDA:224,20,1,0
BRDA:225,21,0,0
BRDA:225,21,1,0
BRDA:247,22,0,0
BRDA:247,22,1,0
BRDA:268,23,0,0
BRDA:268,23,1,0
BRDA:280,24,0,0
BRDA:280,24,1,0
BRDA:281,25,0,0
BRDA:281,25,1,0
BRDA:303,26,0,0
BRDA:303,26,1,0
BRF:55
BRH:0
end_of_record
TN:
SF:src/services/github.service.js
FN:9,(anonymous_0)
FN:14,(anonymous_1)
FN:19,(anonymous_2)
FN:24,(anonymous_3)
FN:31,(anonymous_4)
FN:45,(anonymous_5)
FN:67,(anonymous_6)
FN:80,(anonymous_7)
FN:96,(anonymous_8)
FN:97,(anonymous_9)
FN:112,(anonymous_10)
FN:117,(anonymous_11)
FN:117,(anonymous_12)
FN:126,(anonymous_13)
FN:146,(anonymous_14)
FN:149,(anonymous_15)
FN:153,(anonymous_16)
FN:155,(anonymous_17)
FN:177,(anonymous_18)
FN:178,(anonymous_19)
FN:186,(anonymous_20)
FN:187,(anonymous_21)
FN:192,(anonymous_22)
FN:193,(anonymous_23)
FN:209,(anonymous_24)
FN:210,(anonymous_25)
FN:225,(anonymous_26)
FN:236,(anonymous_27)
FN:249,(anonymous_28)
FN:250,(anonymous_29)
FN:255,(anonymous_30)
FNF:31
FNH:0
FNDA:0,(anonymous_0)
FNDA:0,(anonymous_1)
FNDA:0,(anonymous_2)
FNDA:0,(anonymous_3)
FNDA:0,(anonymous_4)
FNDA:0,(anonymous_5)
FNDA:0,(anonymous_6)
FNDA:0,(anonymous_7)
FNDA:0,(anonymous_8)
FNDA:0,(anonymous_9)
FNDA:0,(anonymous_10)
FNDA:0,(anonymous_11)
FNDA:0,(anonymous_12)
FNDA:0,(anonymous_13)
FNDA:0,(anonymous_14)
FNDA:0,(anonymous_15)
FNDA:0,(anonymous_16)
FNDA:0,(anonymous_17)
FNDA:0,(anonymous_18)
FNDA:0,(anonymous_19)
FNDA:0,(anonymous_20)
FNDA:0,(anonymous_21)
FNDA:0,(anonymous_22)
FNDA:0,(anonymous_23)
FNDA:0,(anonymous_24)
FNDA:0,(anonymous_25)
FNDA:0,(anonymous_26)
FNDA:0,(anonymous_27)
FNDA:0,(anonymous_28)
FNDA:0,(anonymous_29)
FNDA:0,(anonymous_30)
DA:1,0
DA:7,0
DA:9,0
DA:10,0
DA:11,0
DA:14,0
DA:15,0
DA:16,0
DA:19,0
DA:20,0
DA:21,0
DA:24,0
DA:25,0
DA:31,0
DA:32,0
DA:39,0
DA:45,0
DA:46,0
DA:57,0
DA:58,0
DA:60,0
DA:61,0
DA:64,0
DA:67,0
DA:68,0
DA:80,0
DA:81,0
DA:82,0
DA:83,0
DA:94,0
DA:95,0
DA:96,0
DA:97,0
DA:109,0
DA:112,0
DA:113,0
DA:114,0
DA:117,0
DA:126,0
DA:128,0
DA:129,0
DA:130,0
DA:132,0
DA:133,0
DA:135,0
DA:139,0
DA:142,0
DA:146,0
DA:147,0
DA:148,0
DA:149,0
DA:153,0
DA:155,0
DA:161,0
DA:168,0
DA:177,0
DA:178,0
DA:179,0
DA:183,0
DA:186,0
DA:187,0
DA:188,0
DA:189,0
DA:192,0
DA:193,0
DA:194,0
DA:199,0
DA:209,0
DA:210,0
DA:211,0
DA:225,0
DA:226,0
DA:227,0
DA:236,0
DA:237,0
DA:241,0
DA:245,0
DA:248,0
DA:249,0
DA:250,0
DA:255,0
DA:256,0
DA:257,0
DA:264,0
DA:265,0
DA:266,0
DA:268,0
DA:270,0
DA:271,0
DA:275,0
LF:90
LH:0
BRDA:10,0,0,0
BRDA:10,0,1,0
BRDA:15,1,0,0
BRDA:15,1,1,0
BRDA:20,2,0,0
BRDA:20,2,1,0
BRDA:25,3,0,0
BRDA:25,3,1,0
BRDA:25,3,2,0
BRDA:57,4,0,0
BRDA:57,4,1,0
BRDA:58,5,0,0
BRDA:58,5,1,0
BRDA:60,6,0,0
BRDA:60,6,1,0
BRDA:80,7,0,0
BRDA:80,8,0,0
BRDA:80,9,0,0
BRDA:80,10,0,0
BRDA:81,11,0,0
BRDA:81,11,1,0
BRDA:82,12,0,0
BRDA:82,12,1,0
BRDA:94,13,0,0
BRDA:94,13,1,0
BRDA:95,14,0,0
BRDA:95,14,1,0
BRDA:96,15,0,0
BRDA:96,15,1,0
BRDA:96,15,2,0
BRDA:102,16,0,0
BRDA:102,16,1,0
BRDA:105,17,0,0
BRDA:105,17,1,0
BRDA:109,18,0,0
BRDA:109,18,1,0
BRDA:126,19,0,0
BRDA:126,20,0,0
BRDA:126,21,0,0
BRDA:133,22,0,0
BRDA:133,22,1,0
BRDA:133,23,0,0
BRDA:133,23,1,0
BRDA:148,24,0,0
BRDA:148,24,1,0
BRDA:148,25,0,0
BRDA:148,25,1,0
BRDA:149,26,0,0
BRDA:149,26,1,0
BRDA:163,27,0,0
BRDA:163,27,1,0
BRDA:173,28,0,0
BRDA:173,28,1,0
BRDA:192,29,0,0
BRDA:241,30,0,0
BRDA:241,30,1,0
BRDA:248,31,0,0
BRDA:248,31,1,0
BRDA:249,32,0,0
BRDA:249,32,1,0
BRDA:264,33,0,0
BRDA:264,33,1,0
BRDA:265,34,0,0
BRDA:265,34,1,0
BRDA:265,35,0,0
BRDA:265,35,1,0
BRDA:266,36,0,0
BRDA:266,36,1,0
BRDA:270,37,0,0
BRDA:270,37,1,0
BRF:70
BRH:0
end_of_record
TN:
SF:src/services/projectExport.service.js
FN:26,(anonymous_0)
FN:32,(anonymous_1)
FN:47,(anonymous_2)
FN:56,(anonymous_3)
FN:58,(anonymous_4)
FN:66,(anonymous_5)
FN:71,(anonymous_6)
FN:84,(anonymous_7)
FN:103,(anonymous_8)
FN:109,(anonymous_9)
FN:161,(anonymous_10)
FN:168,(anonymous_11)
FN:172,(anonymous_12)
FN:188,(anonymous_13)
FN:201,(anonymous_14)
FN:261,(anonymous_15)
FN:264,(anonymous_16)
FNF:17
FNH:0
FNDA:0,(anonymous_0)
FNDA:0,(anonymous_1)
FNDA:0,(anonymous_2)
FNDA:0,(anonymous_3)
FNDA:0,(anonymous_4)
FNDA:0,(anonymous_5)
FNDA:0,(anonymous_6)
FNDA:0,(anonymous_7)
FNDA:0,(anonymous_8)
FNDA:0,(anonymous_9)
FNDA:0,(anonymous_10)
FNDA:0,(anonymous_11)
FNDA:0,(anonymous_12)
FNDA:0,(anonymous_13)
FNDA:0,(anonymous_14)
FNDA:0,(anonymous_15)
FNDA:0,(anonymous_16)
DA:1,0
DA:2,0
DA:3,0
DA:4,0
DA:6,0
DA:7,0
DA:8,0
DA:9,0
DA:10,0
DA:11,0
DA:12,0
DA:18,0
DA:22,0
DA:23,0
DA:24,0
DA:26,0
DA:32,0
DA:33,0
DA:41,0
DA:42,0
DA:47,0
DA:56,0
DA:57,0
DA:58,0
DA:66,0
DA:67,0
DA:68,0
DA:71,0
DA:72,0
DA:73,0
DA:74,0
DA:75,0
DA:76,0
DA:84,0
DA:85,0
DA:86,0
DA:88,0
DA:89,0
DA:91,0
DA:94,0
DA:103,0
DA:104,0
DA:105,0
DA:109,0
DA:110,0
DA:111,0
DA:112,0
DA:113,0
DA:119,0
DA:120,0
DA:121,0
DA:123,0
DA:124,0
DA:126,0
DA:127,0
DA:128,0
DA:129,0
DA:132,0
DA:134,0
DA:135,0
DA:141,0
DA:142,0
DA:145,0
DA:146,0
DA:147,0
DA:148,0
DA:151,0
DA:153,0
DA:154,0
DA:158,0
DA:161,0
DA:162,0
DA:168,0
DA:169,0
DA:170,0
DA:172,0
DA:173,0
DA:174,0
DA:175,0
DA:179,0
DA:180,0
DA:181,0
DA:188,0
DA:189,0
DA:190,0
DA:191,0
DA:201,0
DA:202,0
DA:203,0
DA:205,0
DA:206,0
DA:207,0
DA:211,0
DA:217,0
DA:218,0
DA:219,0
DA:221,0
DA:224,0
DA:227,0
DA:230,0
DA:231,0
DA:232,0
DA:233,0
DA:236,0
DA:237,0
DA:245,0
DA:246,0
DA:252,0
DA:253,0
DA:254,0
DA:261,0
DA:264,0
DA:265,0
DA:266,0
DA:274,0
DA:275,0
DA:280,0
DA:283,0
DA:284,0
DA:285,0
DA:286,0
DA:287,0
DA:288,0
DA:289,0
DA:290,0
DA:292,0
DA:293,0
DA:294,0
DA:300,0
DA:309,0
DA:310,0
DA:311,0
DA:313,0
DA:314,0
DA:316,0
DA:320,0
LF:136
LH:0
BRDA:26,0,0,0
BRDA:26,0,1,0
BRDA:33,1,0,0
BRDA:33,1,1,0
BRDA:41,2,0,0
BRDA:41,2,1,0
BRDA:47,3,0,0
BRDA:47,3,1,0
BRDA:47,3,2,0
BRDA:47,3,3,0
BRDA:67,4,0,0
BRDA:67,4,1,0
BRDA:73,5,0,0
BRDA:73,5,1,0
BRDA:74,6,0,0
BRDA:74,6,1,0
BRDA:75,7,0,0
BRDA:75,7,1,0
BRDA:88,8,0,0
BRDA:88,8,1,0
BRDA:88,9,0,0
BRDA:88,9,1,0
BRDA:88,9,2,0
BRDA:88,9,3,0
BRDA:109,10,0,0
BRDA:109,10,1,0
BRDA:111,11,0,0
BRDA:111,11,1,0
BRDA:124,12,0,0
BRDA:124,12,1,0
BRDA:127,13,0,0
BRDA:127,13,1,0
BRDA:132,14,0,0
BRDA:132,14,1,0
BRDA:135,15,0,0
BRDA:135,15,1,0
BRDA:141,16,0,0
BRDA:141,16,1,0
BRDA:141,17,0,0
BRDA:141,17,1,0
BRDA:146,18,0,0
BRDA:146,18,1,0
BRDA:153,19,0,0
BRDA:153,19,1,0
BRDA:203,20,0,0
BRDA:203,20,1,0
BRDA:217,21,0,0
BRDA:217,21,1,0
BRDA:218,22,0,0
BRDA:218,22,1,0
BRDA:218,23,0,0
BRDA:218,23,1,0
BRDA:219,24,0,0
BRDA:219,24,1,0
BRDA:224,25,0,0
BRDA:224,25,1,0
BRDA:231,26,0,0
BRDA:231,26,1,0
BRDA:232,27,0,0
BRDA:232,27,1,0
BRDA:236,28,0,0
BRDA:236,28,1,0
BRDA:252,29,0,0
BRDA:252,29,1,0
BRDA:253,30,0,0
BRDA:253,30,1,0
BRDA:293,31,0,0
BRDA:293,31,1,0
BRDA:310,32,0,0
BRDA:310,32,1,0
BRDA:310,33,0,0
BRDA:310,33,1,0
BRDA:313,34,0,0
BRDA:313,34,1,0
BRF:74
BRH:0
end_of_record
TN:
SF:src/services/razorpay.service.js
FN:6,(anonymous_0)
FN:26,(anonymous_1)
FN:51,(anonymous_2)
FN:64,(anonymous_3)
FN:78,(anonymous_4)
FN:95,(anonymous_5)
FNF:6
FNH:4
FNDA:3,(anonymous_0)
FNDA:3,(anonymous_1)
FNDA:0,(anonymous_2)
FNDA:0,(anonymous_3)
FNDA:6,(anonymous_4)
FNDA:3,(anonymous_5)
DA:1,14
DA:2,14
DA:5,14
DA:6,14
DA:7,3
DA:8,3
DA:9,1
DA:11,2
DA:16,2
DA:26,14
DA:27,3
DA:28,3
DA:30,3
DA:31,1
DA:34,3
DA:40,3
DA:41,2
DA:43,1
DA:44,1
DA:51,14
DA:52,0
DA:53,0
DA:54,0
DA:56,0
DA:57,0
DA:64,14
DA:65,0
DA:66,0
DA:67,0
DA:69,0
DA:70,0
DA:78,14
DA:79,6
DA:80,6
DA:81,6
DA:85,6
DA:87,0
DA:88,0
DA:95,14
DA:96,3
DA:97,3
DA:101,3
DA:103,0
DA:104,0
DA:108,14
LF:45
LH:31
BRDA:7,0,0,3
BRDA:7,0,1,0
BRDA:8,1,0,1
BRDA:8,1,1,2
BRDA:8,2,0,3
BRDA:8,2,1,2
BRDA:26,3,0,3
BRDA:30,4,0,1
BRDA:30,4,1,2
BRDA:30,5,0,3
BRDA:30,5,1,3
BRDA:44,6,0,1
BRDA:44,6,1,1
BRDA:57,7,0,0
BRDA:57,7,1,0
BRDA:70,8,0,0
BRDA:70,8,1,0
BRF:17
BRH:12
end_of_record
TN:
SF:src/services/supabase.cleanup.cron.service.js
FN:6,(anonymous_0)
FN:25,(anonymous_1)
FNF:2
FNH:0
FNDA:0,(anonymous_0)
FNDA:0,(anonymous_1)
DA:1,0
DA:2,0
DA:4,0
DA:6,0
DA:7,0
DA:8,0
DA:9,0
DA:12,0
DA:14,0
DA:15,0
DA:16,0
DA:17,0
DA:19,0
DA:21,0
DA:25,0
DA:26,0
DA:27,0
DA:28,0
DA:31,0
LF:19
LH:0
BRDA:7,0,0,0
BRDA:7,0,1,0
BRDA:26,1,0,0
BRDA:26,1,1,0
BRDA:27,2,0,0
BRDA:27,2,1,0
BRF:6
BRH:0
end_of_record
TN:
SF:src/services/supabase.service.js
FN:5,(anonymous_0)
FN:22,(anonymous_1)
FN:27,(anonymous_2)
FN:33,(anonymous_3)
FN:39,(anonymous_4)
FN:45,(anonymous_5)
FN:51,(anonymous_6)
FN:52,(anonymous_7)
FN:53,(anonymous_8)
FN:54,(anonymous_9)
FN:60,(anonymous_10)
FN:66,(anonymous_11)
FN:78,(anonymous_12)
FNF:13
FNH:0
FNDA:0,(anonymous_0)
FNDA:0,(anonymous_1)
FNDA:0,(anonymous_2)
FNDA:0,(anonymous_3)
FNDA:0,(anonymous_4)
FNDA:0,(anonymous_5)
FNDA:0,(anonymous_6)
FNDA:0,(anonymous_7)
FNDA:0,(anonymous_8)
FNDA:0,(anonymous_9)
FNDA:0,(anonymous_10)
FNDA:0,(anonymous_11)
FNDA:0,(anonymous_12)
DA:1,0
DA:2,0
DA:3,0
DA:5,0
DA:6,0
DA:7,0
DA:8,0
DA:10,0
DA:14,0
DA:15,0
DA:17,0
DA:18,0
DA:22,0
DA:23,0
DA:24,0
DA:27,0
DA:28,0
DA:29,0
DA:30,0
DA:33,0
DA:34,0
DA:35,0
DA:36,0
DA:39,0
DA:40,0
DA:41,0
DA:42,0
DA:45,0
DA:46,0
DA:47,0
DA:48,0
DA:51,0
DA:52,0
DA:53,0
DA:54,0
DA:55,0
DA:56,0
DA:57,0
DA:60,0
DA:61,0
DA:62,0
DA:63,0
DA:66,0
DA:68,0
DA:69,0
DA:70,0
DA:71,0
DA:73,0
DA:74,0
DA:78,0
DA:79,0
DA:80,0
DA:81,0
DA:84,0
LF:54
LH:0
BRDA:5,0,0,0
BRDA:7,1,0,0
BRDA:7,1,1,0
BRDA:14,2,0,0
BRDA:14,2,1,0
BRDA:27,3,0,0
BRDA:29,4,0,0
BRDA:29,4,1,0
BRDA:33,5,0,0
BRDA:35,6,0,0
BRDA:35,6,1,0
BRDA:41,7,0,0
BRDA:41,7,1,0
BRDA:47,8,0,0
BRDA:47,8,1,0
BRDA:68,9,0,0
BRDA:68,9,1,0
BRDA:68,10,0,0
BRDA:68,10,1,0
BRDA:80,11,0,0
BRDA:80,11,1,0
BRF:21
BRH:0
end_of_record
TN:
SF:src/services/backup/backup.orchestrator.js
FN:10,(anonymous_0)
FN:25,(anonymous_1)
FN:34,(anonymous_2)
FN:49,(anonymous_3)
FN:54,(anonymous_4)
FN:66,(anonymous_5)
FN:97,(anonymous_6)
FN:132,(anonymous_7)
FN:157,(anonymous_8)
FN:161,(anonymous_9)
FN:162,(anonymous_10)
FN:163,(anonymous_11)
FN:164,(anonymous_12)
FN:169,(anonymous_13)
FN:177,(anonymous_14)
FNF:15
FNH:0
FNDA:0,(anonymous_0)
FNDA:0,(anonymous_1)
FNDA:0,(anonymous_2)
FNDA:0,(anonymous_3)
FNDA:0,(anonymous_4)
FNDA:0,(anonymous_5)
FNDA:0,(anonymous_6)
FNDA:0,(anonymous_7)
FNDA:0,(anonymous_8)
FNDA:0,(anonymous_9)
FNDA:0,(anonymous_10)
FNDA:0,(anonymous_11)
FNDA:0,(anonymous_12)
FNDA:0,(anonymous_13)
FNDA:0,(anonymous_14)
DA:1,1
DA:2,1
DA:3,1
DA:10,1
DA:25,1
DA:26,0
DA:27,0
DA:34,1
DA:35,0
DA:36,0
DA:38,0
DA:39,0
DA:42,0
DA:43,0
DA:46,0
DA:49,1
DA:50,0
DA:51,0
DA:54,1
DA:55,0
DA:56,0
DA:59,0
DA:66,1
DA:67,0
DA:68,0
DA:70,0
DA:71,0
DA:77,0
DA:78,0
DA:79,0
DA:81,0
DA:83,0
DA:84,0
DA:85,0
DA:87,0
DA:97,1
DA:98,0
DA:99,0
DA:101,0
DA:102,0
DA:112,0
DA:113,0
DA:114,0
DA:115,0
DA:117,0
DA:119,0
DA:120,0
DA:121,0
DA:123,0
DA:132,1
DA:133,0
DA:134,0
DA:135,0
DA:137,0
DA:138,0
DA:140,0
DA:141,0
DA:144,0
DA:145,0
DA:147,0
DA:148,0
DA:151,0
DA:152,0
DA:154,0
DA:157,1
DA:158,0
DA:159,0
DA:161,0
DA:162,0
DA:163,0
DA:164,0
DA:166,0
DA:169,1
DA:170,0
DA:171,0
DA:173,0
DA:177,1
DA:178,0
DA:179,0
DA:180,0
DA:182,0
DA:183,0
DA:184,0
DA:185,0
DA:188,0
DA:189,0
DA:194,0
DA:202,1
LF:88
LH:15
BRDA:15,0,0,0
BRDA:15,0,1,0
BRDA:21,1,0,0
BRDA:21,1,1,0
BRDA:29,2,0,0
BRDA:29,2,1,0
BRDA:38,3,0,0
BRDA:38,3,1,0
BRDA:38,4,0,0
BRDA:38,4,1,0
BRDA:38,4,2,0
BRDA:39,5,0,0
BRDA:39,5,1,0
BRDA:42,6,0,0
BRDA:42,6,1,0
BRDA:51,7,0,0
BRDA:51,7,1,0
BRDA:66,8,0,0
BRDA:66,9,0,0
BRDA:66,10,0,0
BRDA:66,11,0,0
BRDA:66,12,0,0
BRDA:66,13,0,0
BRDA:72,14,0,0
BRDA:72,14,1,0
BRDA:73,15,0,0
BRDA:73,15,1,0
BRDA:78,16,0,0
BRDA:78,16,1,0
BRDA:84,17,0,0
BRDA:84,17,1,0
BRDA:97,18,0,0
BRDA:97,19,0,0
BRDA:97,20,0,0
BRDA:97,21,0,0
BRDA:97,22,0,0
BRDA:97,23,0,0
BRDA:113,24,0,0
BRDA:113,24,1,0
BRDA:114,25,0,0
BRDA:114,25,1,0
BRDA:120,26,0,0
BRDA:120,26,1,0
BRDA:132,27,0,0
BRDA:132,28,0,0
BRDA:132,29,0,0
BRDA:132,30,0,0
BRDA:132,31,0,0
BRDA:132,32,0,0
BRDA:148,33,0,0
BRDA:148,33,1,0
BRDA:177,34,0,0
BRDA:177,35,0,0
BRDA:177,36,0,0
BRDA:179,37,0,0
BRDA:179,37,1,0
BRDA:179,38,0,0
BRDA:179,38,1,0
BRDA:182,39,0,0
BRDA:182,39,1,0
BRDA:182,40,0,0
BRDA:182,40,1,0
BRDA:184,41,0,0
BRDA:184,41,1,0
BRDA:185,42,0,0
BRDA:185,42,1,0
BRF:66
BRH:0
end_of_record
TN:
SF:src/services/backup/mongoBackup.service.js
FN:22,(anonymous_0)
FN:43,(anonymous_1)
FN:79,(anonymous_2)
FN:106,(anonymous_3)
FN:128,(anonymous_4)
FN:135,(anonymous_5)
FNF:6
FNH:0
FNDA:0,(anonymous_0)
FNDA:0,(anonymous_1)
FNDA:0,(anonymous_2)
FNDA:0,(anonymous_3)
FNDA:0,(anonymous_4)
FNDA:0,(anonymous_5)
DA:1,1
DA:15,1
DA:22,1
DA:23,0
DA:24,0
DA:27,0
DA:31,0
DA:32,0
DA:43,1
DA:44,0
DA:46,0
DA:47,0
DA:48,0
DA:50,0
DA:56,0
DA:58,0
DA:60,0
DA:61,0
DA:64,0
DA:66,0
DA:79,1
DA:80,0
DA:81,0
DA:84,0
DA:85,0
DA:87,0
DA:88,0
DA:90,0
DA:91,0
DA:93,0
DA:94,0
DA:97,0
DA:99,0
DA:100,0
DA:101,0
DA:103,0
DA:104,0
DA:106,0
DA:109,0
DA:112,0
DA:115,0
DA:118,0
DA:120,0
DA:128,1
DA:129,0
DA:130,0
DA:131,0
DA:135,1
DA:136,0
DA:137,0
DA:138,0
DA:139,0
DA:140,0
DA:142,0
DA:146,1
LF:55
LH:8
BRDA:23,0,0,0
BRDA:23,0,1,0
BRDA:43,1,0,0
BRDA:43,2,0,0
BRDA:58,3,0,0
BRDA:58,3,1,0
BRDA:79,4,0,0
BRDA:79,5,0,0
BRDA:79,6,0,0
BRDA:80,7,0,0
BRDA:80,7,1,0
BRDA:80,8,0,0
BRDA:80,8,1,0
BRDA:93,9,0,0
BRDA:93,9,1,0
BRDA:101,10,0,0
BRDA:101,10,1,0
BRDA:103,11,0,0
BRDA:103,11,1,0
BRDA:128,12,0,0
BRDA:128,13,0,0
BRDA:128,14,0,0
BRDA:128,15,0,0
BRDA:135,16,0,0
BRF:24
BRH:0
end_of_record
TN:
SF:src/services/backup/supabaseBackup.service.js
FN:10,(anonymous_0)
FN:21,(anonymous_1)
FN:47,(anonymous_2)
FN:72,(anonymous_3)
FN:90,(anonymous_4)
FN:133,(anonymous_5)
FN:133,(anonymous_6)
FN:142,(anonymous_7)
FN:154,(anonymous_8)
FNF:9
FNH:0
FNDA:0,(anonymous_0)
FNDA:0,(anonymous_1)
FNDA:0,(anonymous_2)
FNDA:0,(anonymous_3)
FNDA:0,(anonymous_4)
FNDA:0,(anonymous_5)
FNDA:0,(anonymous_6)
[...]
FN:23,(anonymous_5)
FN:26,(anonymous_6)
FN:37,(anonymous_7)
FN:49,(anonymous_8)
FN:51,(anonymous_9)
FN:53,(anonymous_10)
FN:60,(anonymous_11)
FN:63,(anonymous_12)
FN:68,(anonymous_13)
FN:69,(anonymous_14)
FN:70,(anonymous_15)
FN:71,(anonymous_16)
FN:72,(anonymous_17)
FN:79,(anonymous_18)
FN:87,(anonymous_19)
FN:89,(anonymous_20)
FN:105,(anonymous_21)
FN:110,(anonymous_22)
FN:113,(anonymous_23)
FN:114,(anonymous_24)
FN:122,(anonymous_25)
FN:135,(anonymous_26)
FN:136,(anonymous_27)
FN:137,(anonymous_28)
FN:139,(anonymous_29)
FN:144,(anonymous_30)
FN:166,(anonymous_31)
FN:209,(anonymous_32)
FN:227,(anonymous_33)
FNF:34
FNH:0
FNDA:0,(anonymous_0)
FNDA:0,(anonymous_1)
FNDA:0,(anonymous_2)
FNDA:0,(anonymous_3)
FNDA:0,(anonymous_4)
FNDA:0,(anonymous_5)
FNDA:0,(anonymous_6)
FNDA:0,(anonymous_7)
FNDA:0,(anonymous_8)
FNDA:0,(anonymous_9)
FNDA:0,(anonymous_10)
FNDA:0,(anonymous_11)
FNDA:0,(anonymous_12)
FNDA:0,(anonymous_13)
FNDA:0,(anonymous_14)
FNDA:0,(anonymous_15)
FNDA:0,(anonymous_16)
FNDA:0,(anonymous_17)
FNDA:0,(anonymous_18)
FNDA:0,(anonymous_19)
FNDA:0,(anonymous_20)
FNDA:0,(anonymous_21)
FNDA:0,(anonymous_22)
FNDA:0,(anonymous_23)
FNDA:0,(anonymous_24)
FNDA:0,(anonymous_25)
FNDA:0,(anonymous_26)
FNDA:0,(anonymous_27)
FNDA:0,(anonymous_28)
FNDA:0,(anonymous_29)
FNDA:0,(anonymous_30)
FNDA:0,(anonymous_31)
FNDA:0,(anonymous_32)
FNDA:0,(anonymous_33)
DA:1,0
DA:2,0
DA:3,0
DA:4,0
DA:6,0
DA:7,0
DA:8,0
DA:9,0
DA:12,0
DA:14,0
DA:15,0
DA:16,0
DA:18,0
DA:23,0
DA:24,0
DA:25,0
DA:26,0
DA:27,0
DA:28,0
DA:29,0
DA:30,0
DA:33,0
DA:34,0
DA:37,0
DA:38,0
DA:39,0
DA:41,0
DA:49,0
DA:50,0
DA:51,0
DA:52,0
DA:53,0
DA:54,0
DA:57,0
DA:60,0
DA:61,0
DA:62,0
DA:63,0
DA:67,0
DA:68,0
DA:69,0
DA:71,0
DA:72,0
DA:73,0
DA:77,0
DA:78,0
DA:79,0
DA:80,0
DA:81,0
DA:82,0
DA:83,0
DA:84,0
DA:87,0
DA:89,0
DA:105,0
DA:106,0
DA:107,0
DA:109,0
DA:110,0
DA:112,0
DA:113,0
DA:114,0
DA:116,0
DA:118,0
DA:119,0
DA:120,0
DA:122,0
DA:123,0
DA:124,0
DA:125,0
DA:126,0
DA:127,0
DA:128,0
DA:131,0
DA:132,0
DA:133,0
DA:134,0
DA:135,0
DA:136,0
DA:137,0
DA:139,0
DA:140,0
DA:142,0
DA:143,0
DA:144,0
DA:145,0
DA:146,0
DA:150,0
DA:151,0
DA:159,0
DA:160,0
DA:165,0
DA:166,0
DA:167,0
DA:168,0
DA:169,0
DA:179,0
DA:180,0
DA:181,0
DA:182,0
DA:183,0
DA:184,0
DA:185,0
DA:186,0
DA:187,0
DA:190,0
DA:191,0
DA:193,0
DA:194,0
DA:195,0
DA:196,0
DA:199,0
DA:201,0
DA:202,0
DA:203,0
DA:206,0
DA:209,0
DA:210,0
DA:214,0
DA:227,0
DA:229,0
LF:121
LH:0
BRDA:15,0,0,0
BRDA:15,0,1,0
BRDA:16,1,0,0
BRDA:16,1,1,0
BRDA:49,2,0,0
BRDA:50,3,0,0
BRDA:50,3,1,0
BRDA:52,4,0,0
BRDA:52,4,1,0
BRDA:52,5,0,0
BRDA:52,5,1,0
BRDA:53,6,0,0
BRDA:53,6,1,0
BRDA:53,7,0,0
BRDA:53,7,1,0
BRDA:60,8,0,0
BRDA:60,8,1,0
BRDA:61,9,0,0
BRDA:61,9,1,0
BRDA:69,10,0,0
BRDA:69,10,1,0
BRDA:71,11,0,0
BRDA:71,11,1,0
BRDA:72,12,0,0
BRDA:72,12,1,0
BRDA:80,13,0,0
BRDA:80,13,1,0
BRDA:82,14,0,0
BRDA:82,14,1,0
BRDA:107,15,0,0
BRDA:107,15,1,0
BRDA:107,15,2,0
BRDA:110,16,0,0
BRDA:110,16,1,0
BRDA:114,17,0,0
BRDA:114,17,1,0
BRDA:116,18,0,0
BRDA:116,18,1,0
BRDA:123,19,0,0
BRDA:123,19,1,0
BRDA:126,20,0,0
BRDA:126,20,1,0
BRDA:131,21,0,0
BRDA:131,21,1,0
BRDA:131,22,0,0
BRDA:131,22,1,0
BRDA:132,23,0,0
BRDA:132,23,1,0
BRDA:133,24,0,0
BRDA:133,24,1,0
BRDA:136,25,0,0
BRDA:136,25,1,0
BRDA:140,26,0,0
BRDA:140,26,1,0
BRDA:143,27,0,0
BRDA:143,27,1,0
BRDA:143,28,0,0
BRDA:143,28,1,0
BRDA:145,29,0,0
BRDA:145,29,1,0
BRDA:153,30,0,0
BRDA:153,30,1,0
BRDA:159,31,0,0
BRDA:159,31,1,0
BRDA:165,32,0,0
BRDA:165,32,1,0
BRDA:165,33,0,0
BRDA:165,33,1,0
BRDA:166,34,0,0
BRDA:166,34,1,0
BRDA:167,35,0,0
BRDA:167,35,1,0
BRDA:171,36,0,0
BRDA:171,36,1,0
BRDA:180,37,0,0
BRDA:180,37,1,0
BRDA:180,38,0,0
BRDA:180,38,1,0
BRDA:181,39,0,0
BRDA:181,39,1,0
BRDA:181,40,0,0
BRDA:181,40,1,0
BRDA:182,41,0,0
BRDA:182,41,1,0
BRDA:182,42,0,0
BRDA:182,42,1,0
BRDA:182,42,2,0
BRDA:184,43,0,0
BRDA:184,43,1,0
BRDA:184,44,0,0
BRDA:184,44,1,0
BRDA:186,45,0,0
BRDA:186,45,1,0
BRDA:186,46,0,0
BRDA:186,46,1,0
BRDA:190,47,0,0
BRDA:190,47,1,0
BRDA:190,48,0,0
BRDA:190,48,1,0
BRDA:191,49,0,0
BRDA:191,49,1,0
BRDA:191,50,0,0
BRDA:191,50,1,0
BRDA:194,51,0,0
BRDA:194,51,1,0
BRDA:195,52,0,0
BRDA:195,52,1,0
BRDA:195,53,0,0
BRDA:195,53,1,0
BRDA:201,54,0,0
BRDA:201,54,1,0
BRDA:202,55,0,0
BRDA:202,55,1,0
BRDA:202,56,0,0
BRDA:202,56,1,0
BRDA:209,57,0,0
BRDA:209,57,1,0
BRDA:209,58,0,0
BRDA:209,58,1,0
BRDA:216,59,0,0
BRDA:216,59,1,0
BRDA:217,60,0,0
BRDA:217,60,1,0
BRF:123
BRH:0
end_of_record
TN:
SF:src/services/deployment/providers/provider.factory.js
FN:16,(anonymous_0)
FNF:1
FNH:0
FNDA:0,(anonymous_0)
DA:1,0
DA:2,0
DA:3,0
DA:5,0
DA:16,0
DA:17,0
DA:18,0
DA:19,0
DA:22,0
LF:9
LH:0
BRDA:18,0,0,0
BRDA:18,0,1,0
BRF:2
BRH:0
end_of_record
TN:
SF:src/services/deployment/providers/provider.interface.js
FNF:0
FNH:0
DA:30,0
LF:1
LH:0
BRF:0
BRH:0
end_of_record
TN:
SF:src/services/deployment/providers/render.provider.js
FN:32,(anonymous_0)
FN:34,(anonymous_1)
FN:41,(anonymous_2)
FN:42,(anonymous_3)
FN:52,(anonymous_4)
FN:55,(anonymous_5)
FN:55,(anonymous_6)
FN:64,(anonymous_7)
FN:67,(anonymous_8)
FN:74,(anonymous_9)
FN:117,(anonymous_10)
FN:121,(anonymous_11)
FN:128,(anonymous_12)
FN:142,(anonymous_13)
FNF:14
FNH:0
FNDA:0,(anonymous_0)
FNDA:0,(anonymous_1)
FNDA:0,(anonymous_2)
FNDA:0,(anonymous_3)
FNDA:0,(anonymous_4)
FNDA:0,(anonymous_5)
FNDA:0,(anonymous_6)
FNDA:0,(anonymous_7)
FNDA:0,(anonymous_8)
FNDA:0,(anonymous_9)
FNDA:0,(anonymous_10)
FNDA:0,(anonymous_11)
FNDA:0,(anonymous_12)
FNDA:0,(anonymous_13)
DA:1,0
DA:25,0
DA:26,0
DA:27,0
DA:32,0
DA:34,0
DA:35,0
DA:41,0
DA:42,0
DA:43,0
DA:44,0
DA:45,0
DA:46,0
DA:52,0
DA:53,0
DA:55,0
DA:64,0
DA:65,0
DA:66,0
DA:67,0
DA:68,0
DA:70,0
DA:74,0
DA:75,0
DA:77,0
DA:78,0
DA:79,0
DA:80,0
DA:82,0
DA:87,0
DA:88,0
DA:91,0
DA:92,0
DA:110,0
DA:112,0
DA:117,0
DA:118,0
DA:119,0
DA:121,0
DA:124,0
DA:128,0
DA:129,0
DA:130,0
DA:133,0
DA:135,0
DA:139,0
DA:140,0
DA:142,0
DA:143,0
DA:144,0
DA:145,0
DA:146,0
DA:147,0
DA:149,0
DA:150,0
DA:151,0
DA:152,0
DA:155,0
DA:158,0
LF:59
LH:0
BRDA:26,0,0,0
BRDA:26,0,1,0
BRDA:27,1,0,0
BRDA:27,1,1,0
BRDA:41,2,0,0
BRDA:41,2,1,0
BRDA:41,2,2,0
BRDA:43,3,0,0
BRDA:43,3,1,0
BRDA:55,4,0,0
BRDA:55,4,1,0
BRDA:55,5,0,0
BRDA:55,5,1,0
BRDA:57,6,0,0
BRDA:57,6,1,0
BRDA:67,7,0,0
BRDA:67,7,1,0
BRDA:68,8,0,0
BRDA:68,8,1,0
BRDA:77,9,0,0
BRDA:77,9,1,0
BRDA:80,10,0,0
BRDA:80,10,1,0
BRDA:82,11,0,0
BRDA:82,11,1,0
BRDA:87,12,0,0
BRDA:87,12,1,0
BRDA:97,13,0,0
BRDA:97,13,1,0
BRDA:99,14,0,0
BRDA:99,14,1,0
BRDA:105,15,0,0
BRDA:105,15,1,0
BRDA:110,16,0,0
BRDA:110,16,1,0
BRDA:147,17,0,0
BRDA:147,17,1,0
BRDA:150,18,0,0
BRDA:150,18,1,0
BRDA:152,19,0,0
BRDA:152,19,1,0
BRF:41
BRH:0
end_of_record
TN:
SF:src/services/deployment/providers/vercel.provider.js
FN:18,(anonymous_0)
FN:22,(anonymous_1)
FN:26,(anonymous_2)
FN:30,(anonymous_3)
FN:35,(anonymous_4)
FN:43,(anonymous_5)
FN:50,(anonymous_6)
FN:59,(anonymous_7)
FN:71,(anonymous_8)
FN:78,(anonymous_9)
FN:118,(anonymous_10)
FN:126,(anonymous_11)
FN:131,(anonymous_12)
FN:138,(anonymous_13)
FN:145,(anonymous_14)
FN:150,(anonymous_15)
FN:159,(anonymous_16)
FN:166,(anonymous_17)
FN:178,(anonymous_18)
FN:214,(anonymous_19)
FN:232,(anonymous_20)
FN:247,(anonymous_21)
FN:261,(anonymous_22)
FNF:23
FNH:0
FNDA:0,(anonymous_0)
FNDA:0,(anonymous_1)
FNDA:0,(anonymous_2)
FNDA:0,(anonymous_3)
FNDA:0,(anonymous_4)
FNDA:0,(anonymous_5)
FNDA:0,(anonymous_6)
FNDA:0,(anonymous_7)
FNDA:0,(anonymous_8)
FNDA:0,(anonymous_9)
FNDA:0,(anonymous_10)
FNDA:0,(anonymous_11)
FNDA:0,(anonymous_12)
FNDA:0,(anonymous_13)
FNDA:0,(anonymous_14)
FNDA:0,(anonymous_15)
FNDA:0,(anonymous_16)
FNDA:0,(anonymous_17)
FNDA:0,(anonymous_18)
FNDA:0,(anonymous_19)
FNDA:0,(anonymous_20)
FNDA:0,(anonymous_21)
FNDA:0,(anonymous_22)
DA:1,0
DA:2,0
DA:18,0
DA:19,0
DA:20,0
DA:22,0
DA:23,0
DA:24,0
DA:26,0
DA:27,0
DA:28,0
DA:30,0
DA:31,0
DA:32,0
DA:35,0
DA:36,0
DA:43,0
DA:44,0
DA:45,0
DA:50,0
DA:59,0
DA:60,0
DA:61,0
DA:62,0
DA:64,0
DA:71,0
DA:72,0
DA:73,0
DA:74,0
DA:75,0
DA:78,0
DA:79,0
DA:91,0
DA:93,0
DA:94,0
DA:100,0
DA:101,0
DA:109,0
DA:110,0
DA:111,0
DA:112,0
DA:113,0
DA:114,0
DA:118,0
DA:119,0
DA:126,0
DA:127,0
DA:129,0
DA:131,0
DA:132,0
DA:133,0
DA:135,0
DA:138,0
DA:139,0
DA:140,0
DA:141,0
DA:142,0
DA:145,0
DA:146,0
DA:147,0
DA:150,0
DA:151,0
DA:152,0
DA:159,0
DA:160,0
DA:161,0
DA:166,0
DA:167,0
DA:168,0
DA:169,0
DA:170,0
DA:172,0
DA:178,0
DA:179,0
DA:181,0
DA:182,0
DA:183,0
DA:184,0
DA:186,0
DA:191,0
DA:192,0
DA:201,0
DA:203,0
DA:204,0
DA:207,0
DA:208,0
DA:210,0
DA:214,0
DA:215,0
DA:216,0
DA:217,0
DA:220,0
DA:227,0
DA:232,0
DA:233,0
DA:234,0
DA:235,0
DA:241,0
DA:243,0
DA:247,0
DA:248,0
DA:249,0
DA:250,0
DA:251,0
DA:261,0
DA:262,0
DA:263,0
DA:269,0
LF:108
LH:0
BRDA:19,0,0,0
BRDA:19,0,1,0
BRDA:23,1,0,0
BRDA:23,1,1,0
BRDA:27,2,0,0
BRDA:27,2,1,0
BRDA:31,3,0,0
BRDA:31,3,1,0
BRDA:37,4,0,0
BRDA:37,4,1,0
BRDA:37,4,2,0
BRDA:37,4,3,0
BRDA:44,5,0,0
BRDA:44,5,1,0
BRDA:61,6,0,0
BRDA:61,6,1,0
BRDA:61,7,0,0
BRDA:61,7,1,0
BRDA:71,8,0,0
BRDA:73,9,0,0
BRDA:73,9,1,0
BRDA:74,10,0,0
BRDA:74,10,1,0
BRDA:91,11,0,0
BRDA:91,11,1,0
BRDA:100,12,0,0
BRDA:100,12,1,0
BRDA:103,13,0,0
BRDA:103,13,1,0
BRDA:104,14,0,0
BRDA:104,14,1,0
BRDA:105,15,0,0
BRDA:105,15,1,0
BRDA:106,16,0,0
BRDA:106,16,1,0
BRDA:106,16,2,0
BRDA:110,17,0,0
BRDA:110,17,1,0
BRDA:110,17,2,0
BRDA:111,18,0,0
BRDA:111,18,1,0
BRDA:112,19,0,0
BRDA:112,19,1,0
BRDA:122,20,0,0
BRDA:122,20,1,0
BRDA:127,21,0,0
BRDA:127,21,1,0
BRDA:127,21,2,0
BRDA:139,22,0,0
BRDA:139,22,1,0
BRDA:152,23,0,0
BRDA:152,23,1,0
BRDA:161,24,0,0
BRDA:161,24,1,0
BRDA:169,25,0,0
BRDA:169,25,1,0
BRDA:169,25,2,0
BRDA:169,25,3,0
BRDA:181,26,0,0
BRDA:181,26,1,0
BRDA:184,27,0,0
BRDA:184,27,1,0
BRDA:186,28,0,0
BRDA:186,28,1,0
BRDA:196,29,0,0
BRDA:196,29,1,0
BRDA:197,30,0,0
BRDA:197,30,1,0
BRDA:198,31,0,0
BRDA:198,31,1,0
BRDA:199,32,0,0
BRDA:199,32,1,0
BRDA:201,33,0,0
BRDA:201,33,1,0
BRDA:203,34,0,0
BRDA:203,34,1,0
BRDA:203,35,0,0
BRDA:203,35,1,0
BRDA:204,36,0,0
BRDA:204,36,1,0
BRDA:208,37,0,0
BRDA:208,37,1,0
BRDA:239,38,0,0
BRDA:239,38,1,0
BRDA:241,39,0,0
BRDA:241,39,1,0
BRDA:255,40,0,0
BRDA:255,40,1,0
BRF:88
BRH:0
end_of_record
TN:
SF:src/shared/config/database.js
FN:3,(anonymous_0)
FNF:1
FNH:0
FNDA:0,(anonymous_0)
DA:1,0
DA:3,0
DA:4,0
DA:6,0
DA:7,0
DA:13,0
DA:14,0
DA:16,0
DA:17,0
DA:21,0
LF:10
LH:0
BRDA:4,0,0,0
BRDA:4,0,1,0
BRF:2
BRH:0
end_of_record
TN:
SF:src/shared/config/email.js
FNF:0
FNH:0
DA:1,0
DA:3,0
DA:4,0
DA:7,0
DA:8,0
DA:10,0
LF:6
LH:0
BRDA:3,0,0,0
BRDA:3,0,1,0
BRDA:8,1,0,0
BRDA:8,1,1,0
BRF:4
BRH:0
end_of_record
TN:
SF:src/shared/config/razorpay.js
FNF:0
FNH:0
DA:1,0
DA:3,0
DA:4,0
DA:7,0
DA:12,0
LF:5
LH:0
BRDA:3,0,0,0
BRDA:3,0,1,0
BRDA:3,1,0,0
BRDA:3,1,1,0
BRDA:8,2,0,0
BRDA:8,2,1,0
BRDA:9,3,0,0
BRDA:9,3,1,0
BRF:8
BRH:0
end_of_record
TN:
SF:src/shared/config/supabase.js
FNF:0
FNH:0
DA:1,0
DA:3,0
DA:4,0
DA:7,0
DA:12,0
LF:5
LH:0
BRDA:3,0,0,0
BRDA:3,0,1,0
BRDA:3,1,0,0
BRDA:3,1,1,0
BRDA:8,2,0,0
BRDA:8,2,1,0
BRDA:9,3,0,0
BRDA:9,3,1,0
BRF:8
BRH:0
end_of_record
TN:
SF:src/shared/middleware/adminOnly.js
FN:4,(anonymous_0)
FNF:1
FNH:1
FNDA:26,(anonymous_0)
DA:4,3
DA:5,26
DA:6,26
DA:8,26
DA:9,1
DA:15,25
DA:16,3
DA:22,22
DA:24,0
DA:32,3
LF:10
LH:9
BRDA:8,0,0,1
BRDA:8,0,1,25
BRDA:15,1,0,3
BRDA:15,1,1,22
BRF:4
BRH:4
end_of_record
TN:
SF:src/shared/middleware/auth.js
FN:7,(anonymous_0)
FN:50,(anonymous_1)
FNF:2
FNH:2
FNDA:54,(anonymous_0)
FNDA:16,(anonymous_1)
DA:1,7
DA:2,7
DA:7,7
DA:8,54
DA:9,54
DA:11,54
DA:12,8
DA:19,46
DA:21,43
DA:23,43
DA:24,2
DA:31,41
DA:32,41
DA:34,41
DA:36,3
DA:37,2
DA:39,1
DA:40,1
DA:42,0
DA:50,7
DA:51,16
DA:52,16
DA:54,16
DA:55,3
DA:56,2
DA:57,2
DA:58,2
DA:59,2
DA:63,15
DA:65,1
DA:69,7
LF:31
LH:30
BRDA:11,0,0,8
BRDA:11,0,1,46
BRDA:23,1,0,2
BRDA:23,1,1,41
BRDA:36,2,0,2
BRDA:36,2,1,1
BRDA:39,3,0,1
BRDA:39,3,1,0
BRDA:54,4,0,3
BRDA:54,4,1,13
BRDA:57,5,0,2
BRDA:57,5,1,0
BRF:12
BRH:10
end_of_record
TN:
SF:src/shared/middleware/errorHandler.js
FN:4,(anonymous_0)
FN:9,(anonymous_1)
FN:60,(anonymous_2)
FNF:3
FNH:3
FNDA:8,(anonymous_0)
FNDA:2,(anonymous_1)
FNDA:1,(anonymous_2)
DA:4,1
DA:5,8
DA:8,8
DA:9,2
DA:10,1
DA:18,7
DA:19,1
DA:20,1
DA:27,6
DA:28,1
DA:35,5
DA:36,1
DA:42,4
DA:43,1
DA:50,3
DA:60,1
DA:61,1
DA:67,1
LF:18
LH:18
BRDA:8,0,0,1
BRDA:8,0,1,7
BRDA:18,1,0,1
BRDA:18,1,1,6
BRDA:27,2,0,1
BRDA:27,2,1,5
BRDA:35,3,0,1
BRDA:35,3,1,4
BRDA:42,4,0,1
BRDA:42,4,1,3
BRDA:50,5,0,3
BRDA:50,5,1,2
BRDA:52,6,0,3
BRDA:52,6,1,0
BRDA:53,7,0,3
BRDA:53,7,1,0
BRF:16
BRH:14
end_of_record
TN:
SF:src/shared/middleware/rateLimit.js
FN:3,(anonymous_0)
FN:8,(anonymous_1)
FN:58,(anonymous_2)
FN:71,(anonymous_3)
FN:85,(anonymous_4)
FN:99,(anonymous_5)
FNF:6
FNH:0
FNDA:0,(anonymous_0)
FNDA:0,(anonymous_1)
FNDA:0,(anonymous_2)
FNDA:0,(anonymous_3)
FNDA:0,(anonymous_4)
FNDA:0,(anonymous_5)
DA:1,0
DA:3,0
DA:4,0
DA:5,0
DA:8,0
DA:9,0
DA:10,0
DA:11,0
DA:14,0
DA:15,0
DA:18,0
DA:19,0
DA:20,0
DA:21,0
DA:22,0
DA:23,0
DA:24,0
DA:25,0
DA:26,0
DA:27,0
DA:28,0
DA:29,0
DA:32,0
DA:44,0
DA:55,0
DA:59,0
DA:68,0
DA:72,0
DA:82,0
DA:86,0
DA:96,0
DA:100,0
DA:108,0
LF:33
LH:0
BRDA:5,0,0,0
BRDA:5,0,1,0
BRDA:10,1,0,0
BRDA:10,1,1,0
BRDA:11,2,0,0
BRDA:11,2,1,0
BRDA:15,3,0,0
BRDA:15,3,1,0
BRDA:59,4,0,0
BRDA:59,4,1,0
BRDA:72,5,0,0
BRDA:72,5,1,0
BRDA:86,6,0,0
BRDA:86,6,1,0
BRDA:100,7,0,0
BRDA:100,7,1,0
BRF:16
BRH:0
end_of_record
TN:
SF:src/shared/middleware/uploadValidation.js
FN:5,(anonymous_0)
FN:6,(anonymous_1)
FN:62,(anonymous_2)
FN:75,(anonymous_3)
FNF:4
FNH:1
FNDA:4,(anonymous_0)
FNDA:0,(anonymous_1)
FNDA:0,(anonymous_2)
FNDA:0,(anonymous_3)
DA:1,1
DA:2,1
DA:5,1
DA:6,4
DA:7,0
DA:9,0
DA:10,0
DA:12,0
DA:18,1
DA:21,1
DA:30,1
DA:39,1
DA:48,1
DA:57,1
DA:63,0
DA:64,0
DA:66,0
DA:67,0
DA:69,0
DA:75,1
DA:76,0
DA:77,0
DA:78,0
DA:84,0
DA:90,0
DA:91,0
DA:97,0
DA:100,1
LF:28
LH:12
BRDA:9,0,0,0
BRDA:9,0,1,0
BRDA:24,1,0,1
BRDA:24,1,1,1
BRDA:33,2,0,1
BRDA:33,2,1,1
BRDA:42,3,0,1
BRDA:42,3,1,1
BRDA:51,4,0,1
BRDA:51,4,1,1
BRDA:60,5,0,1
BRDA:60,5,1,1
BRDA:66,6,0,0
BRDA:66,6,1,0
BRDA:76,7,0,0
BRDA:76,7,1,0
BRDA:77,8,0,0
BRDA:77,8,1,0
BRDA:90,9,0,0
BRDA:90,9,1,0
BRF:20
BRH:10
end_of_record
TN:
SF:src/shared/middleware/verifyEmail.js
FN:3,(anonymous_0)
FNF:1
FNH:0
FNDA:0,(anonymous_0)
DA:1,0
DA:3,0
DA:4,0
DA:5,0
DA:7,0
DA:8,0
DA:10,0
DA:12,0
DA:18,0
DA:22,0
LF:10
LH:0
BRDA:7,0,0,0
BRDA:7,0,1,0
BRDA:8,1,0,0
BRDA:8,1,1,0
BRF:4
BRH:0
end_of_record
TN:
SF:src/shared/utils/constants.js
FN:5,(anonymous_0)
FNF:1
FNH:1
FNDA:96,(anonymous_0)
DA:5,8
DA:6,96
DA:7,96
DA:11,8
DA:17,8
DA:24,8
DA:34,8
DA:41,8
DA:51,8
DA:59,8
DA:62,8
DA:67,8
DA:70,8
DA:78,8
DA:81,8
DA:90,8
DA:93,8
DA:100,8
DA:113,8
DA:141,8
DA:148,8
DA:155,8
DA:160,8
DA:167,8
DA:184,8
DA:199,8
DA:219,8
DA:221,8
LF:28
LH:28
BRDA:7,0,0,0
BRDA:7,0,1,96
BRDA:59,1,0,8
BRDA:59,1,1,0
BRDA:62,2,0,8
BRDA:62,2,1,0
BRDA:67,3,0,8
BRDA:67,3,1,0
BRDA:71,4,0,8
BRDA:71,4,1,8
BRDA:72,5,0,8
BRDA:72,5,1,8
BRDA:73,6,0,8
BRDA:73,6,1,8
BRDA:74,7,0,8
BRDA:74,7,1,8
BRDA:78,8,0,8
BRDA:78,8,1,8
BRDA:90,9,0,8
BRDA:90,9,1,8
BRF:20
BRH:16
end_of_record
TN:
SF:src/shared/utils/crypto.js
FN:20,(anonymous_0)
FN:35,(anonymous_1)
FN:46,(anonymous_2)
FNF:3
FNH:3
FNDA:13,(anonymous_0)
FNDA:7,(anonymous_1)
FNDA:6,(anonymous_2)
DA:1,10
DA:17,10
DA:18,10
DA:20,10
DA:24,13
DA:25,13
DA:26,1
DA:28,12
DA:29,12
DA:30,1
DA:32,11
DA:35,10
DA:36,7
DA:37,5
DA:38,5
DA:40,5
DA:41,5
DA:43,5
DA:46,10
DA:47,6
DA:48,6
DA:49,6
DA:50,1
DA:53,5
DA:54,5
DA:55,5
DA:56,5
DA:58,5
DA:59,5
DA:61,5
DA:62,4
DA:65,10
LF:32
LH:32
BRDA:24,0,0,13
BRDA:24,0,1,3
BRDA:25,1,0,1
BRDA:25,1,1,12
BRDA:29,2,0,1
BRDA:29,2,1,11
BRDA:48,3,0,6
BRDA:48,3,1,0
BRDA:49,4,0,1
BRDA:49,4,1,5
BRF:10
BRH:9
end_of_record
TN:
SF:src/shared/utils/envHelper.js
FN:9,(anonymous_0)
FNF:1
FNH:0
FNDA:0,(anonymous_0)
DA:1,0
DA:2,0
DA:9,0
DA:10,0
DA:11,0
DA:12,0
DA:14,0
DA:15,0
DA:17,0
DA:18,0
DA:19,0
DA:21,0
DA:22,0
DA:24,0
DA:25,0
DA:26,0
DA:28,0
DA:29,0
DA:30,0
DA:34,0
DA:36,0
DA:38,0
DA:45,0
LF:23
LH:0
BRDA:19,0,0,0
BRDA:19,0,1,0
BRDA:19,1,0,0
BRDA:19,1,1,0
BRDA:24,2,0,0
BRDA:24,2,1,0
BRDA:26,3,0,0
BRDA:26,3,1,0
BRDA:26,4,0,0
BRDA:26,4,1,0
BRDA:28,5,0,0
BRDA:28,5,1,0
BRDA:30,6,0,0
BRDA:30,6,1,0
BRDA:30,7,0,0
BRDA:30,7,1,0
BRDA:39,8,0,0
BRDA:39,8,1,0
BRDA:40,9,0,0
BRDA:40,9,1,0
BRF:20
BRH:0
end_of_record
TN:
SF:src/shared/utils/helpers.js
FN:19,(anonymous_0)
FN:67,(anonymous_1)
FN:114,(anonymous_2)
FN:124,(anonymous_3)
FN:137,(anonymous_4)
FN:148,(anonymous_5)
FN:164,(anonymous_6)
FN:164,(anonymous_7)
FN:169,(anonymous_8)
FN:176,(anonymous_9)
FN:183,(anonymous_10)
FN:190,(anonymous_11)
FN:198,(anonymous_12)
FN:209,(anonymous_13)
FN:216,(anonymous_14)
FN:226,(anonymous_15)
FN:233,(anonymous_16)
FN:271,(anonymous_17)
FNF:18
FNH:11
FNDA:6,(anonymous_0)
FNDA:5,(anonymous_1)
FNDA:0,(anonymous_2)
FNDA:5,(anonymous_3)
FNDA:4,(anonymous_4)
FNDA:13,(anonymous_5)
FNDA:0,(anonymous_6)
FNDA:0,(anonymous_7)
FNDA:2,(anonymous_8)
FNDA:0,(anonymous_9)
FNDA:3,(anonymous_10)
FNDA:2,(anonymous_11)
FNDA:6,(anonymous_12)
FNDA:0,(anonymous_13)
FNDA:0,(anonymous_14)
FNDA:2,(anonymous_15)
FNDA:0,(anonymous_16)
FNDA:7,(anonymous_17)
DA:1,6
DA:2,6
DA:19,6
DA:20,6
DA:23,6
DA:26,6
DA:29,6
DA:32,6
DA:36,6
DA:37,6
DA:38,6
DA:40,6
DA:42,6
DA:43,1
DA:44,1
DA:46,1
DA:47,5
DA:50,1
DA:53,6
DA:67,6
DA:68,5
DA:69,5
DA:73,5
DA:75,5
DA:76,1
DA:86,4
DA:88,4
DA:89,1
DA:90,3
DA:91,3
DA:94,4
DA:96,4
DA:97,4
DA:98,4
DA:100,4
DA:114,6
DA:115,0
DA:116,0
DA:117,0
DA:118,0
DA:124,6
DA:125,5
DA:127,4
DA:128,4
DA:129,4
DA:131,4
DA:137,6
DA:138,4
DA:140,2
DA:148,6
DA:149,13
DA:151,13
DA:164,6
DA:169,6
DA:170,2
DA:176,6
DA:177,0
DA:183,6
DA:184,3
DA:190,6
DA:191,2
DA:192,2
DA:198,6
DA:199,6
DA:209,6
DA:210,0
DA:216,6
DA:217,0
DA:226,6
DA:227,2
DA:233,6
DA:234,0
DA:237,0
DA:239,0
DA:240,0
DA:242,0
DA:243,0
DA:245,0
DA:246,0
DA:248,0
DA:249,0
DA:251,0
DA:254,0
DA:271,6
DA:272,7
DA:273,5
DA:275,2
DA:283,2
DA:286,6
LF:89
LH:70
BRDA:19,0,0,4
BRDA:40,1,0,6
BRDA:40,1,1,2
BRDA:40,1,2,2
BRDA:42,2,0,1
BRDA:42,2,1,5
BRDA:47,3,0,1
BRDA:47,3,1,4
BRDA:47,4,0,5
BRDA:47,4,1,1
BRDA:58,5,0,2
BRDA:58,5,1,4
BRDA:68,6,0,5
BRDA:68,6,1,5
BRDA:71,7,0,5
BRDA:71,7,1,0
BRDA:71,8,0,5
BRDA:71,8,1,0
BRDA:73,9,0,5
BRDA:73,9,1,0
BRDA:75,10,0,1
BRDA:75,10,1,4
BRDA:88,11,0,1
BRDA:88,11,1,3
BRDA:90,12,0,3
BRDA:90,12,1,0
BRDA:114,13,0,0
BRDA:125,14,0,1
BRDA:125,14,1,4
BRDA:138,15,0,2
BRDA:138,15,1,2
BRDA:233,16,0,0
BRDA:237,17,0,0
BRDA:237,17,1,0
BRDA:237,17,2,0
BRDA:237,17,3,0
BRDA:237,17,4,0
BRDA:272,18,0,2
BRDA:272,18,1,5
BRDA:272,19,0,7
BRDA:272,19,1,6
BRDA:272,19,2,6
BRDA:273,20,0,3
BRDA:273,20,1,2
BRDA:273,21,0,5
BRDA:273,21,1,3
BRDA:277,22,0,2
BRDA:277,22,1,1
BRDA:280,23,0,2
BRDA:280,23,1,0
BRF:50
BRH:38
end_of_record
TN:
SF:src/shared/utils/jwt.js
FN:6,(anonymous_0)
FN:17,(anonymous_1)
FN:28,(anonymous_2)
FN:39,(anonymous_3)
FNF:4
FNH:4
FNDA:10,(anonymous_0)
FNDA:1,(anonymous_1)
FNDA:4,(anonymous_2)
FNDA:2,(anonymous_3)
DA:1,3
DA:6,3
DA:7,10
DA:17,3
DA:18,1
DA:28,3
DA:29,4
DA:30,4
DA:32,3
DA:39,3
DA:40,2
DA:41,2
DA:43,1
DA:47,3
LF:14
LH:14
BRDA:10,0,0,10
BRDA:10,0,1,0
BRDA:21,1,0,1
BRDA:21,1,1,0
BRF:4
BRH:2
end_of_record
TN:
SF:src/shared/utils/logger.js
FN:22,(anonymous_0)
FNF:1
FNH:0
FNDA:0,(anonymous_0)
DA:1,0
DA:2,0
DA:5,0
DA:13,0
DA:23,0
DA:48,0
DA:49,0
DA:50,0
DA:51,0
DA:54,0
LF:10
LH:0
BRDA:14,0,0,0
BRDA:14,0,1,0
BRDA:24,1,0,0
BRDA:24,1,1,0
BRDA:50,2,0,0
BRDA:50,2,1,0
BRF:6
BRH:0
end_of_record
TN:
SF:src/shared/utils/validators.js
FN:6,(anonymous_0)
FN:13,(anonymous_1)
FN:27,(anonymous_2)
FN:33,(anonymous_3)
FN:40,(anonymous_4)
FN:47,(anonymous_5)
FN:53,(anonymous_6)
FN:59,(anonymous_7)
FN:66,(anonymous_8)
FN:73,(anonymous_9)
FN:79,(anonymous_10)
FN:85,(anonymous_11)
FN:91,(anonymous_12)
FN:98,(anonymous_13)
FN:105,(anonymous_14)
FN:111,(anonymous_15)
FNF:16
FNH:12
FNDA:58,(anonymous_0)
FNDA:30,(anonymous_1)
FNDA:2,(anonymous_2)
FNDA:1,(anonymous_3)
FNDA:6,(anonymous_4)
FNDA:8,(anonymous_5)
FNDA:1,(anonymous_6)
FNDA:0,(anonymous_7)
FNDA:0,(anonymous_8)
FNDA:1,(anonymous_9)
FNDA:1,(anonymous_10)
FNDA:0,(anonymous_11)
FNDA:1,(anonymous_12)
FNDA:0,(anonymous_13)
FNDA:1,(anonymous_14)
FNDA:1,(anonymous_15)
DA:1,4
DA:6,4
DA:7,58
DA:9,58
DA:10,25
DA:13,30
DA:20,33
DA:26,4
DA:28,2
DA:34,1
DA:41,6
DA:48,8
DA:54,1
DA:60,0
DA:67,0
DA:74,1
DA:80,1
DA:86,0
DA:92,1
DA:99,0
DA:106,1
DA:111,1
DA:123,4
LF:23
LH:19
BRDA:9,0,0,25
BRDA:9,0,1,33
BRDA:53,1,0,0
BRDA:85,2,0,0
BRDA:91,3,0,1
BRF:5
BRH:3
end_of_record
